{"C:\\Users\\Jerem\\Documents\\Project PLN\\frontend-pln\\src\\App.jsx": {"path":"C:\\Users\\Jerem\\Documents\\Project PLN\\frontend-pln\\src\\App.jsx","statementMap":{"0":{"start":{"line":34,"column":18},"end":{"line":34,"column":62}},"1":{"start":{"line":34,"column":29},"end":{"line":34,"column":61}},"2":{"start":{"line":35,"column":20},"end":{"line":35,"column":66}},"3":{"start":{"line":35,"column":31},"end":{"line":35,"column":65}},"4":{"start":{"line":36,"column":22},"end":{"line":36,"column":70}},"5":{"start":{"line":36,"column":33},"end":{"line":36,"column":69}},"6":{"start":{"line":37,"column":22},"end":{"line":37,"column":70}},"7":{"start":{"line":37,"column":33},"end":{"line":37,"column":69}},"8":{"start":{"line":38,"column":21},"end":{"line":38,"column":68}},"9":{"start":{"line":38,"column":32},"end":{"line":38,"column":67}},"10":{"start":{"line":39,"column":20},"end":{"line":39,"column":66}},"11":{"start":{"line":39,"column":31},"end":{"line":39,"column":65}},"12":{"start":{"line":40,"column":18},"end":{"line":40,"column":62}},"13":{"start":{"line":40,"column":29},"end":{"line":40,"column":61}},"14":{"start":{"line":41,"column":23},"end":{"line":41,"column":72}},"15":{"start":{"line":41,"column":34},"end":{"line":41,"column":71}},"16":{"start":{"line":42,"column":27},"end":{"line":44,"column":1}},"17":{"start":{"line":43,"column":8},"end":{"line":43,"column":49}},"18":{"start":{"line":45,"column":27},"end":{"line":47,"column":1}},"19":{"start":{"line":46,"column":8},"end":{"line":46,"column":49}},"20":{"start":{"line":49,"column":16},"end":{"line":49,"column":39}},"21":{"start":{"line":52,"column":32},"end":{"line":52,"column":46}},"22":{"start":{"line":53,"column":42},"end":{"line":53,"column":56}},"23":{"start":{"line":54,"column":34},"end":{"line":54,"column":48}},"24":{"start":{"line":55,"column":34},"end":{"line":55,"column":48}},"25":{"start":{"line":56,"column":36},"end":{"line":56,"column":51}},"26":{"start":{"line":57,"column":48},"end":{"line":57,"column":63}},"27":{"start":{"line":58,"column":54},"end":{"line":58,"column":69}},"28":{"start":{"line":59,"column":42},"end":{"line":59,"column":57}},"29":{"start":{"line":62,"column":44},"end":{"line":62,"column":56}},"30":{"start":{"line":64,"column":38},"end":{"line":67,"column":4}},"31":{"start":{"line":65,"column":18},"end":{"line":65,"column":66}},"32":{"start":{"line":66,"column":4},"end":{"line":66,"column":45}},"33":{"start":{"line":68,"column":38},"end":{"line":71,"column":4}},"34":{"start":{"line":69,"column":18},"end":{"line":69,"column":68}},"35":{"start":{"line":70,"column":4},"end":{"line":70,"column":32}},"36":{"start":{"line":72,"column":40},"end":{"line":72,"column":54}},"37":{"start":{"line":73,"column":44},"end":{"line":73,"column":59}},"38":{"start":{"line":74,"column":34},"end":{"line":74,"column":50}},"39":{"start":{"line":76,"column":2},"end":{"line":78,"column":19}},"40":{"start":{"line":77,"column":4},"end":{"line":77,"column":67}},"41":{"start":{"line":80,"column":2},"end":{"line":90,"column":19}},"42":{"start":{"line":81,"column":4},"end":{"line":84,"column":6}},"43":{"start":{"line":85,"column":4},"end":{"line":89,"column":5}},"44":{"start":{"line":86,"column":6},"end":{"line":86,"column":53}},"45":{"start":{"line":88,"column":6},"end":{"line":88,"column":56}},"46":{"start":{"line":92,"column":34},"end":{"line":112,"column":4}},"47":{"start":{"line":113,"column":30},"end":{"line":113,"column":44}},"48":{"start":{"line":114,"column":32},"end":{"line":114,"column":47}},"49":{"start":{"line":115,"column":40},"end":{"line":115,"column":52}},"50":{"start":{"line":116,"column":46},"end":{"line":116,"column":61}},"51":{"start":{"line":119,"column":2},"end":{"line":131,"column":9}},"52":{"start":{"line":120,"column":24},"end":{"line":129,"column":5}},"53":{"start":{"line":121,"column":6},"end":{"line":128,"column":7}},"54":{"start":{"line":122,"column":20},"end":{"line":122,"column":62}},"55":{"start":{"line":123,"column":8},"end":{"line":123,"column":28}},"56":{"start":{"line":123,"column":21},"end":{"line":123,"column":28}},"57":{"start":{"line":124,"column":21},"end":{"line":124,"column":37}},"58":{"start":{"line":125,"column":8},"end":{"line":125,"column":73}},"59":{"start":{"line":125,"column":50},"end":{"line":125,"column":73}},"60":{"start":{"line":127,"column":8},"end":{"line":127,"column":50}},"61":{"start":{"line":130,"column":4},"end":{"line":130,"column":18}},"62":{"start":{"line":134,"column":27},"end":{"line":153,"column":3}},"63":{"start":{"line":135,"column":4},"end":{"line":152,"column":5}},"64":{"start":{"line":136,"column":23},"end":{"line":140,"column":22}},"65":{"start":{"line":142,"column":6},"end":{"line":148,"column":7}},"66":{"start":{"line":143,"column":8},"end":{"line":143,"column":31}},"67":{"start":{"line":144,"column":8},"end":{"line":144,"column":36}},"68":{"start":{"line":146,"column":8},"end":{"line":146,"column":30}},"69":{"start":{"line":147,"column":8},"end":{"line":147,"column":26}},"70":{"start":{"line":150,"column":6},"end":{"line":150,"column":52}},"71":{"start":{"line":151,"column":6},"end":{"line":151,"column":28}},"72":{"start":{"line":155,"column":2},"end":{"line":195,"column":9}},"73":{"start":{"line":156,"column":18},"end":{"line":156,"column":22}},"74":{"start":{"line":157,"column":26},"end":{"line":172,"column":5}},"75":{"start":{"line":158,"column":6},"end":{"line":171,"column":7}},"76":{"start":{"line":159,"column":8},"end":{"line":166,"column":9}},"77":{"start":{"line":160,"column":10},"end":{"line":160,"column":37}},"78":{"start":{"line":161,"column":10},"end":{"line":161,"column":57}},"79":{"start":{"line":163,"column":10},"end":{"line":163,"column":27}},"80":{"start":{"line":164,"column":10},"end":{"line":164,"column":28}},"81":{"start":{"line":165,"column":10},"end":{"line":165,"column":28}},"82":{"start":{"line":168,"column":8},"end":{"line":168,"column":44}},"83":{"start":{"line":170,"column":8},"end":{"line":170,"column":44}},"84":{"start":{"line":170,"column":21},"end":{"line":170,"column":44}},"85":{"start":{"line":174,"column":4},"end":{"line":176,"column":7}},"86":{"start":{"line":175,"column":6},"end":{"line":175,"column":29}},"87":{"start":{"line":180,"column":8},"end":{"line":182,"column":6}},"88":{"start":{"line":181,"column":6},"end":{"line":181,"column":29}},"89":{"start":{"line":184,"column":24},"end":{"line":188,"column":12}},"90":{"start":{"line":185,"column":6},"end":{"line":187,"column":7}},"91":{"start":{"line":186,"column":8},"end":{"line":186,"column":31}},"92":{"start":{"line":190,"column":4},"end":{"line":194,"column":6}},"93":{"start":{"line":191,"column":6},"end":{"line":191,"column":22}},"94":{"start":{"line":192,"column":6},"end":{"line":192,"column":32}},"95":{"start":{"line":193,"column":6},"end":{"line":193,"column":33}},"96":{"start":{"line":198,"column":23},"end":{"line":214,"column":3}},"97":{"start":{"line":199,"column":4},"end":{"line":199,"column":28}},"98":{"start":{"line":200,"column":4},"end":{"line":213,"column":5}},"99":{"start":{"line":201,"column":18},"end":{"line":205,"column":20}},"100":{"start":{"line":206,"column":30},"end":{"line":206,"column":41}},"101":{"start":{"line":207,"column":6},"end":{"line":207,"column":29}},"102":{"start":{"line":207,"column":17},"end":{"line":207,"column":29}},"103":{"start":{"line":208,"column":6},"end":{"line":208,"column":33}},"104":{"start":{"line":210,"column":6},"end":{"line":210,"column":51}},"105":{"start":{"line":212,"column":6},"end":{"line":212,"column":31}},"106":{"start":{"line":216,"column":2},"end":{"line":218,"column":16}},"107":{"start":{"line":217,"column":4},"end":{"line":217,"column":38}},"108":{"start":{"line":217,"column":23},"end":{"line":217,"column":38}},"109":{"start":{"line":220,"column":2},"end":{"line":233,"column":16}},"110":{"start":{"line":221,"column":4},"end":{"line":221,"column":31}},"111":{"start":{"line":221,"column":24},"end":{"line":221,"column":31}},"112":{"start":{"line":222,"column":20},"end":{"line":229,"column":18}},"113":{"start":{"line":227,"column":14},"end":{"line":227,"column":28}},"114":{"start":{"line":230,"column":4},"end":{"line":232,"column":6}},"115":{"start":{"line":231,"column":6},"end":{"line":231,"column":38}},"116":{"start":{"line":235,"column":23},"end":{"line":252,"column":3}},"117":{"start":{"line":236,"column":4},"end":{"line":236,"column":30}},"118":{"start":{"line":237,"column":4},"end":{"line":237,"column":26}},"119":{"start":{"line":238,"column":4},"end":{"line":238,"column":62}},"120":{"start":{"line":238,"column":35},"end":{"line":238,"column":60}},"121":{"start":{"line":239,"column":4},"end":{"line":244,"column":5}},"122":{"start":{"line":240,"column":6},"end":{"line":240,"column":36}},"123":{"start":{"line":241,"column":6},"end":{"line":241,"column":54}},"124":{"start":{"line":243,"column":6},"end":{"line":243,"column":37}},"125":{"start":{"line":245,"column":4},"end":{"line":245,"column":21}},"126":{"start":{"line":246,"column":4},"end":{"line":246,"column":22}},"127":{"start":{"line":247,"column":4},"end":{"line":247,"column":22}},"128":{"start":{"line":248,"column":4},"end":{"line":248,"column":24}},"129":{"start":{"line":249,"column":4},"end":{"line":249,"column":31}},"130":{"start":{"line":250,"column":4},"end":{"line":250,"column":27}},"131":{"start":{"line":251,"column":4},"end":{"line":251,"column":38}},"132":{"start":{"line":254,"column":2},"end":{"line":259,"column":13}},"133":{"start":{"line":255,"column":4},"end":{"line":258,"column":5}},"134":{"start":{"line":256,"column":6},"end":{"line":256,"column":65}},"135":{"start":{"line":257,"column":6},"end":{"line":257,"column":21}},"136":{"start":{"line":261,"column":33},"end":{"line":261,"column":66}},"137":{"start":{"line":261,"column":39},"end":{"line":261,"column":66}},"138":{"start":{"line":262,"column":27},"end":{"line":275,"column":3}},"139":{"start":{"line":263,"column":4},"end":{"line":263,"column":28}},"140":{"start":{"line":264,"column":4},"end":{"line":274,"column":5}},"141":{"start":{"line":265,"column":6},"end":{"line":265,"column":75}},"142":{"start":{"line":265,"column":38},"end":{"line":265,"column":75}},"143":{"start":{"line":266,"column":6},"end":{"line":267,"column":70}},"144":{"start":{"line":267,"column":8},"end":{"line":267,"column":70}},"145":{"start":{"line":268,"column":6},"end":{"line":268,"column":37}},"146":{"start":{"line":270,"column":6},"end":{"line":270,"column":34}},"147":{"start":{"line":272,"column":6},"end":{"line":272,"column":31}},"148":{"start":{"line":273,"column":6},"end":{"line":273,"column":35}},"149":{"start":{"line":277,"column":22},"end":{"line":277,"column":54}},"150":{"start":{"line":277,"column":28},"end":{"line":277,"column":54}},"151":{"start":{"line":278,"column":23},"end":{"line":284,"column":3}},"152":{"start":{"line":279,"column":34},"end":{"line":279,"column":42}},"153":{"start":{"line":280,"column":4},"end":{"line":283,"column":7}},"154":{"start":{"line":286,"column":23},"end":{"line":300,"column":3}},"155":{"start":{"line":287,"column":19},"end":{"line":287,"column":47}},"156":{"start":{"line":288,"column":4},"end":{"line":298,"column":5}},"157":{"start":{"line":289,"column":6},"end":{"line":297,"column":7}},"158":{"start":{"line":290,"column":8},"end":{"line":296,"column":22}},"159":{"start":{"line":292,"column":26},"end":{"line":292,"column":76}},"160":{"start":{"line":293,"column":12},"end":{"line":293,"column":61}},"161":{"start":{"line":296,"column":10},"end":{"line":296,"column":22}},"162":{"start":{"line":299,"column":4},"end":{"line":299,"column":33}},"163":{"start":{"line":302,"column":23},"end":{"line":358,"column":3}},"164":{"start":{"line":303,"column":4},"end":{"line":303,"column":23}},"165":{"start":{"line":304,"column":4},"end":{"line":304,"column":24}},"166":{"start":{"line":304,"column":17},"end":{"line":304,"column":24}},"167":{"start":{"line":305,"column":4},"end":{"line":306,"column":62}},"168":{"start":{"line":306,"column":6},"end":{"line":306,"column":62}},"169":{"start":{"line":308,"column":4},"end":{"line":320,"column":5}},"170":{"start":{"line":309,"column":25},"end":{"line":309,"column":54}},"171":{"start":{"line":310,"column":22},"end":{"line":310,"column":69}},"172":{"start":{"line":311,"column":24},"end":{"line":314,"column":8}},"173":{"start":{"line":312,"column":23},"end":{"line":312,"column":76}},"174":{"start":{"line":313,"column":8},"end":{"line":313,"column":68}},"175":{"start":{"line":315,"column":6},"end":{"line":319,"column":7}},"176":{"start":{"line":316,"column":8},"end":{"line":318,"column":10}},"177":{"start":{"line":322,"column":4},"end":{"line":322,"column":21}},"178":{"start":{"line":323,"column":4},"end":{"line":357,"column":5}},"179":{"start":{"line":324,"column":22},"end":{"line":324,"column":37}},"180":{"start":{"line":325,"column":18},"end":{"line":329,"column":8}},"181":{"start":{"line":330,"column":6},"end":{"line":330,"column":68}},"182":{"start":{"line":330,"column":19},"end":{"line":330,"column":68}},"183":{"start":{"line":331,"column":25},"end":{"line":331,"column":41}},"184":{"start":{"line":332,"column":6},"end":{"line":332,"column":28}},"185":{"start":{"line":334,"column":58},"end":{"line":334,"column":66}},"186":{"start":{"line":335,"column":23},"end":{"line":335,"column":77}},"187":{"start":{"line":337,"column":25},"end":{"line":347,"column":7}},"188":{"start":{"line":349,"column":24},"end":{"line":349,"column":79}},"189":{"start":{"line":350,"column":6},"end":{"line":350,"column":29}},"190":{"start":{"line":350,"column":17},"end":{"line":350,"column":29}},"191":{"start":{"line":351,"column":6},"end":{"line":351,"column":66}},"192":{"start":{"line":352,"column":6},"end":{"line":352,"column":27}},"193":{"start":{"line":354,"column":6},"end":{"line":354,"column":53}},"194":{"start":{"line":356,"column":6},"end":{"line":356,"column":24}},"195":{"start":{"line":360,"column":21},"end":{"line":364,"column":3}},"196":{"start":{"line":361,"column":4},"end":{"line":361,"column":24}},"197":{"start":{"line":362,"column":4},"end":{"line":362,"column":28}},"198":{"start":{"line":363,"column":4},"end":{"line":363,"column":56}},"199":{"start":{"line":363,"column":26},"end":{"line":363,"column":56}},"200":{"start":{"line":366,"column":2},"end":{"line":366,"column":45}},"201":{"start":{"line":366,"column":20},"end":{"line":366,"column":45}},"202":{"start":{"line":368,"column":2},"end":{"line":390,"column":3}},"203":{"start":{"line":369,"column":4},"end":{"line":389,"column":6}},"204":{"start":{"line":392,"column":2},"end":{"line":414,"column":3}},"205":{"start":{"line":393,"column":4},"end":{"line":413,"column":6}},"206":{"start":{"line":397,"column":25},"end":{"line":397,"column":44}},"207":{"start":{"line":403,"column":41},"end":{"line":403,"column":60}},"208":{"start":{"line":408,"column":25},"end":{"line":408,"column":43}},"209":{"start":{"line":409,"column":25},"end":{"line":409,"column":43}},"210":{"start":{"line":416,"column":2},"end":{"line":693,"column":4}},"211":{"start":{"line":433,"column":31},"end":{"line":433,"column":56}},"212":{"start":{"line":458,"column":31},"end":{"line":458,"column":59}},"213":{"start":{"line":476,"column":23},"end":{"line":476,"column":43}},"214":{"start":{"line":485,"column":27},"end":{"line":485,"column":49}},"215":{"start":{"line":511,"column":23},"end":{"line":511,"column":46}},"216":{"start":{"line":523,"column":33},"end":{"line":523,"column":56}},"217":{"start":{"line":532,"column":27},"end":{"line":532,"column":50}},"218":{"start":{"line":539,"column":27},"end":{"line":539,"column":50}},"219":{"start":{"line":546,"column":27},"end":{"line":546,"column":49}},"220":{"start":{"line":553,"column":27},"end":{"line":553,"column":48}},"221":{"start":{"line":560,"column":27},"end":{"line":560,"column":46}},"222":{"start":{"line":572,"column":31},"end":{"line":572,"column":56}},"223":{"start":{"line":579,"column":31},"end":{"line":579,"column":60}},"224":{"start":{"line":586,"column":31},"end":{"line":586,"column":60}},"225":{"start":{"line":595,"column":27},"end":{"line":595,"column":51}},"226":{"start":{"line":659,"column":20},"end":{"line":659,"column":58}},"227":{"start":{"line":696,"column":19},"end":{"line":703,"column":1}},"228":{"start":{"line":697,"column":2},"end":{"line":702,"column":11}}},"fnMap":{"0":{"name":"(anonymous_0)","decl":{"start":{"line":34,"column":23},"end":{"line":34,"column":24}},"loc":{"start":{"line":34,"column":29},"end":{"line":34,"column":61}},"line":34},"1":{"name":"(anonymous_1)","decl":{"start":{"line":35,"column":25},"end":{"line":35,"column":26}},"loc":{"start":{"line":35,"column":31},"end":{"line":35,"column":65}},"line":35},"2":{"name":"(anonymous_2)","decl":{"start":{"line":36,"column":27},"end":{"line":36,"column":28}},"loc":{"start":{"line":36,"column":33},"end":{"line":36,"column":69}},"line":36},"3":{"name":"(anonymous_3)","decl":{"start":{"line":37,"column":27},"end":{"line":37,"column":28}},"loc":{"start":{"line":37,"column":33},"end":{"line":37,"column":69}},"line":37},"4":{"name":"(anonymous_4)","decl":{"start":{"line":38,"column":26},"end":{"line":38,"column":27}},"loc":{"start":{"line":38,"column":32},"end":{"line":38,"column":67}},"line":38},"5":{"name":"(anonymous_5)","decl":{"start":{"line":39,"column":25},"end":{"line":39,"column":26}},"loc":{"start":{"line":39,"column":31},"end":{"line":39,"column":65}},"line":39},"6":{"name":"(anonymous_6)","decl":{"start":{"line":40,"column":23},"end":{"line":40,"column":24}},"loc":{"start":{"line":40,"column":29},"end":{"line":40,"column":61}},"line":40},"7":{"name":"(anonymous_7)","decl":{"start":{"line":41,"column":28},"end":{"line":41,"column":29}},"loc":{"start":{"line":41,"column":34},"end":{"line":41,"column":71}},"line":41},"8":{"name":"(anonymous_8)","decl":{"start":{"line":43,"column":2},"end":{"line":43,"column":3}},"loc":{"start":{"line":43,"column":8},"end":{"line":43,"column":49}},"line":43},"9":{"name":"(anonymous_9)","decl":{"start":{"line":46,"column":2},"end":{"line":46,"column":3}},"loc":{"start":{"line":46,"column":8},"end":{"line":46,"column":49}},"line":46},"10":{"name":"Home","decl":{"start":{"line":51,"column":24},"end":{"line":51,"column":28}},"loc":{"start":{"line":51,"column":31},"end":{"line":694,"column":1}},"line":51},"11":{"name":"(anonymous_11)","decl":{"start":{"line":64,"column":47},"end":{"line":64,"column":48}},"loc":{"start":{"line":64,"column":53},"end":{"line":67,"column":3}},"line":64},"12":{"name":"(anonymous_12)","decl":{"start":{"line":68,"column":47},"end":{"line":68,"column":48}},"loc":{"start":{"line":68,"column":53},"end":{"line":71,"column":3}},"line":68},"13":{"name":"(anonymous_13)","decl":{"start":{"line":76,"column":12},"end":{"line":76,"column":13}},"loc":{"start":{"line":76,"column":18},"end":{"line":78,"column":3}},"line":76},"14":{"name":"(anonymous_14)","decl":{"start":{"line":80,"column":12},"end":{"line":80,"column":13}},"loc":{"start":{"line":80,"column":18},"end":{"line":90,"column":3}},"line":80},"15":{"name":"(anonymous_15)","decl":{"start":{"line":119,"column":12},"end":{"line":119,"column":13}},"loc":{"start":{"line":119,"column":18},"end":{"line":131,"column":3}},"line":119},"16":{"name":"(anonymous_16)","decl":{"start":{"line":120,"column":24},"end":{"line":120,"column":25}},"loc":{"start":{"line":120,"column":36},"end":{"line":129,"column":5}},"line":120},"17":{"name":"(anonymous_17)","decl":{"start":{"line":134,"column":27},"end":{"line":134,"column":28}},"loc":{"start":{"line":134,"column":45},"end":{"line":153,"column":3}},"line":134},"18":{"name":"(anonymous_18)","decl":{"start":{"line":155,"column":12},"end":{"line":155,"column":13}},"loc":{"start":{"line":155,"column":18},"end":{"line":195,"column":3}},"line":155},"19":{"name":"(anonymous_19)","decl":{"start":{"line":157,"column":26},"end":{"line":157,"column":27}},"loc":{"start":{"line":157,"column":52},"end":{"line":172,"column":5}},"line":157},"20":{"name":"(anonymous_20)","decl":{"start":{"line":174,"column":36},"end":{"line":174,"column":37}},"loc":{"start":{"line":174,"column":63},"end":{"line":176,"column":5}},"line":174},"21":{"name":"(anonymous_21)","decl":{"start":{"line":180,"column":40},"end":{"line":180,"column":41}},"loc":{"start":{"line":180,"column":61},"end":{"line":182,"column":5}},"line":180},"22":{"name":"(anonymous_22)","decl":{"start":{"line":184,"column":35},"end":{"line":184,"column":36}},"loc":{"start":{"line":184,"column":41},"end":{"line":188,"column":5}},"line":184},"23":{"name":"(anonymous_23)","decl":{"start":{"line":190,"column":11},"end":{"line":190,"column":12}},"loc":{"start":{"line":190,"column":17},"end":{"line":194,"column":5}},"line":190},"24":{"name":"(anonymous_24)","decl":{"start":{"line":198,"column":23},"end":{"line":198,"column":24}},"loc":{"start":{"line":198,"column":35},"end":{"line":214,"column":3}},"line":198},"25":{"name":"(anonymous_25)","decl":{"start":{"line":216,"column":12},"end":{"line":216,"column":13}},"loc":{"start":{"line":216,"column":18},"end":{"line":218,"column":3}},"line":216},"26":{"name":"(anonymous_26)","decl":{"start":{"line":220,"column":12},"end":{"line":220,"column":13}},"loc":{"start":{"line":220,"column":18},"end":{"line":233,"column":3}},"line":220},"27":{"name":"(anonymous_27)","decl":{"start":{"line":227,"column":8},"end":{"line":227,"column":9}},"loc":{"start":{"line":227,"column":14},"end":{"line":227,"column":28}},"line":227},"28":{"name":"(anonymous_28)","decl":{"start":{"line":230,"column":11},"end":{"line":230,"column":12}},"loc":{"start":{"line":230,"column":17},"end":{"line":232,"column":5}},"line":230},"29":{"name":"(anonymous_29)","decl":{"start":{"line":235,"column":23},"end":{"line":235,"column":24}},"loc":{"start":{"line":235,"column":35},"end":{"line":252,"column":3}},"line":235},"30":{"name":"(anonymous_30)","decl":{"start":{"line":238,"column":22},"end":{"line":238,"column":23}},"loc":{"start":{"line":238,"column":35},"end":{"line":238,"column":60}},"line":238},"31":{"name":"(anonymous_31)","decl":{"start":{"line":254,"column":16},"end":{"line":254,"column":17}},"loc":{"start":{"line":254,"column":22},"end":{"line":259,"column":3}},"line":254},"32":{"name":"(anonymous_32)","decl":{"start":{"line":261,"column":33},"end":{"line":261,"column":34}},"loc":{"start":{"line":261,"column":39},"end":{"line":261,"column":66}},"line":261},"33":{"name":"(anonymous_33)","decl":{"start":{"line":262,"column":27},"end":{"line":262,"column":28}},"loc":{"start":{"line":262,"column":39},"end":{"line":275,"column":3}},"line":262},"34":{"name":"(anonymous_34)","decl":{"start":{"line":277,"column":22},"end":{"line":277,"column":23}},"loc":{"start":{"line":277,"column":28},"end":{"line":277,"column":54}},"line":277},"35":{"name":"(anonymous_35)","decl":{"start":{"line":278,"column":23},"end":{"line":278,"column":24}},"loc":{"start":{"line":278,"column":30},"end":{"line":284,"column":3}},"line":278},"36":{"name":"(anonymous_36)","decl":{"start":{"line":286,"column":23},"end":{"line":286,"column":24}},"loc":{"start":{"line":286,"column":35},"end":{"line":300,"column":3}},"line":286},"37":{"name":"(anonymous_37)","decl":{"start":{"line":291,"column":20},"end":{"line":291,"column":21}},"loc":{"start":{"line":291,"column":27},"end":{"line":294,"column":11}},"line":291},"38":{"name":"(anonymous_38)","decl":{"start":{"line":302,"column":23},"end":{"line":302,"column":24}},"loc":{"start":{"line":302,"column":36},"end":{"line":358,"column":3}},"line":302},"39":{"name":"(anonymous_39)","decl":{"start":{"line":311,"column":40},"end":{"line":311,"column":41}},"loc":{"start":{"line":311,"column":48},"end":{"line":314,"column":7}},"line":311},"40":{"name":"(anonymous_40)","decl":{"start":{"line":360,"column":21},"end":{"line":360,"column":22}},"loc":{"start":{"line":360,"column":45},"end":{"line":364,"column":3}},"line":360},"41":{"name":"(anonymous_41)","decl":{"start":{"line":397,"column":19},"end":{"line":397,"column":20}},"loc":{"start":{"line":397,"column":25},"end":{"line":397,"column":44}},"line":397},"42":{"name":"(anonymous_42)","decl":{"start":{"line":403,"column":35},"end":{"line":403,"column":36}},"loc":{"start":{"line":403,"column":41},"end":{"line":403,"column":60}},"line":403},"43":{"name":"(anonymous_43)","decl":{"start":{"line":408,"column":19},"end":{"line":408,"column":20}},"loc":{"start":{"line":408,"column":25},"end":{"line":408,"column":43}},"line":408},"44":{"name":"(anonymous_44)","decl":{"start":{"line":409,"column":19},"end":{"line":409,"column":20}},"loc":{"start":{"line":409,"column":25},"end":{"line":409,"column":43}},"line":409},"45":{"name":"(anonymous_45)","decl":{"start":{"line":433,"column":25},"end":{"line":433,"column":26}},"loc":{"start":{"line":433,"column":31},"end":{"line":433,"column":56}},"line":433},"46":{"name":"(anonymous_46)","decl":{"start":{"line":458,"column":25},"end":{"line":458,"column":26}},"loc":{"start":{"line":458,"column":31},"end":{"line":458,"column":59}},"line":458},"47":{"name":"(anonymous_47)","decl":{"start":{"line":476,"column":17},"end":{"line":476,"column":18}},"loc":{"start":{"line":476,"column":23},"end":{"line":476,"column":43}},"line":476},"48":{"name":"(anonymous_48)","decl":{"start":{"line":485,"column":21},"end":{"line":485,"column":22}},"loc":{"start":{"line":485,"column":27},"end":{"line":485,"column":49}},"line":485},"49":{"name":"(anonymous_49)","decl":{"start":{"line":511,"column":17},"end":{"line":511,"column":18}},"loc":{"start":{"line":511,"column":23},"end":{"line":511,"column":46}},"line":511},"50":{"name":"(anonymous_50)","decl":{"start":{"line":523,"column":27},"end":{"line":523,"column":28}},"loc":{"start":{"line":523,"column":33},"end":{"line":523,"column":56}},"line":523},"51":{"name":"(anonymous_51)","decl":{"start":{"line":532,"column":21},"end":{"line":532,"column":22}},"loc":{"start":{"line":532,"column":27},"end":{"line":532,"column":50}},"line":532},"52":{"name":"(anonymous_52)","decl":{"start":{"line":539,"column":21},"end":{"line":539,"column":22}},"loc":{"start":{"line":539,"column":27},"end":{"line":539,"column":50}},"line":539},"53":{"name":"(anonymous_53)","decl":{"start":{"line":546,"column":21},"end":{"line":546,"column":22}},"loc":{"start":{"line":546,"column":27},"end":{"line":546,"column":49}},"line":546},"54":{"name":"(anonymous_54)","decl":{"start":{"line":553,"column":21},"end":{"line":553,"column":22}},"loc":{"start":{"line":553,"column":27},"end":{"line":553,"column":48}},"line":553},"55":{"name":"(anonymous_55)","decl":{"start":{"line":560,"column":21},"end":{"line":560,"column":22}},"loc":{"start":{"line":560,"column":27},"end":{"line":560,"column":46}},"line":560},"56":{"name":"(anonymous_56)","decl":{"start":{"line":572,"column":25},"end":{"line":572,"column":26}},"loc":{"start":{"line":572,"column":31},"end":{"line":572,"column":56}},"line":572},"57":{"name":"(anonymous_57)","decl":{"start":{"line":579,"column":25},"end":{"line":579,"column":26}},"loc":{"start":{"line":579,"column":31},"end":{"line":579,"column":60}},"line":579},"58":{"name":"(anonymous_58)","decl":{"start":{"line":586,"column":25},"end":{"line":586,"column":26}},"loc":{"start":{"line":586,"column":31},"end":{"line":586,"column":60}},"line":586},"59":{"name":"(anonymous_59)","decl":{"start":{"line":595,"column":21},"end":{"line":595,"column":22}},"loc":{"start":{"line":595,"column":27},"end":{"line":595,"column":51}},"line":595},"60":{"name":"(anonymous_60)","decl":{"start":{"line":658,"column":37},"end":{"line":658,"column":38}},"loc":{"start":{"line":659,"column":20},"end":{"line":659,"column":58}},"line":659},"61":{"name":"(anonymous_61)","decl":{"start":{"line":696,"column":19},"end":{"line":696,"column":20}},"loc":{"start":{"line":697,"column":2},"end":{"line":702,"column":11}},"line":697}},"branchMap":{"0":{"loc":{"start":{"line":66,"column":11},"end":{"line":66,"column":44}},"type":"cond-expr","locations":[{"start":{"line":66,"column":19},"end":{"line":66,"column":36}},{"start":{"line":66,"column":39},"end":{"line":66,"column":44}}],"line":66},"1":{"loc":{"start":{"line":70,"column":11},"end":{"line":70,"column":31}},"type":"binary-expr","locations":[{"start":{"line":70,"column":11},"end":{"line":70,"column":16}},{"start":{"line":70,"column":20},"end":{"line":70,"column":31}}],"line":70},"2":{"loc":{"start":{"line":85,"column":4},"end":{"line":89,"column":5}},"type":"if","locations":[{"start":{"line":85,"column":4},"end":{"line":89,"column":5}},{"start":{"line":87,"column":11},"end":{"line":89,"column":5}}],"line":85},"3":{"loc":{"start":{"line":123,"column":8},"end":{"line":123,"column":28}},"type":"if","locations":[{"start":{"line":123,"column":8},"end":{"line":123,"column":28}},{"start":{},"end":{}}],"line":123},"4":{"loc":{"start":{"line":125,"column":8},"end":{"line":125,"column":73}},"type":"if","locations":[{"start":{"line":125,"column":8},"end":{"line":125,"column":73}},{"start":{},"end":{}}],"line":125},"5":{"loc":{"start":{"line":125,"column":12},"end":{"line":125,"column":48}},"type":"binary-expr","locations":[{"start":{"line":125,"column":12},"end":{"line":125,"column":16}},{"start":{"line":125,"column":20},"end":{"line":125,"column":48}}],"line":125},"6":{"loc":{"start":{"line":142,"column":6},"end":{"line":148,"column":7}},"type":"if","locations":[{"start":{"line":142,"column":6},"end":{"line":148,"column":7}},{"start":{"line":145,"column":13},"end":{"line":148,"column":7}}],"line":142},"7":{"loc":{"start":{"line":159,"column":8},"end":{"line":166,"column":9}},"type":"if","locations":[{"start":{"line":159,"column":8},"end":{"line":166,"column":9}},{"start":{"line":162,"column":15},"end":{"line":166,"column":9}}],"line":159},"8":{"loc":{"start":{"line":170,"column":8},"end":{"line":170,"column":44}},"type":"if","locations":[{"start":{"line":170,"column":8},"end":{"line":170,"column":44}},{"start":{},"end":{}}],"line":170},"9":{"loc":{"start":{"line":185,"column":6},"end":{"line":187,"column":7}},"type":"if","locations":[{"start":{"line":185,"column":6},"end":{"line":187,"column":7}},{"start":{},"end":{}}],"line":185},"10":{"loc":{"start":{"line":185,"column":10},"end":{"line":185,"column":33}},"type":"binary-expr","locations":[{"start":{"line":185,"column":10},"end":{"line":185,"column":22}},{"start":{"line":185,"column":26},"end":{"line":185,"column":33}}],"line":185},"11":{"loc":{"start":{"line":207,"column":6},"end":{"line":207,"column":29}},"type":"if","locations":[{"start":{"line":207,"column":6},"end":{"line":207,"column":29}},{"start":{},"end":{}}],"line":207},"12":{"loc":{"start":{"line":208,"column":21},"end":{"line":208,"column":31}},"type":"binary-expr","locations":[{"start":{"line":208,"column":21},"end":{"line":208,"column":25}},{"start":{"line":208,"column":29},"end":{"line":208,"column":31}}],"line":208},"13":{"loc":{"start":{"line":217,"column":4},"end":{"line":217,"column":38}},"type":"if","locations":[{"start":{"line":217,"column":4},"end":{"line":217,"column":38}},{"start":{},"end":{}}],"line":217},"14":{"loc":{"start":{"line":221,"column":4},"end":{"line":221,"column":31}},"type":"if","locations":[{"start":{"line":221,"column":4},"end":{"line":221,"column":31}},{"start":{},"end":{}}],"line":221},"15":{"loc":{"start":{"line":255,"column":4},"end":{"line":258,"column":5}},"type":"if","locations":[{"start":{"line":255,"column":4},"end":{"line":258,"column":5}},{"start":{},"end":{}}],"line":255},"16":{"loc":{"start":{"line":265,"column":6},"end":{"line":265,"column":75}},"type":"if","locations":[{"start":{"line":265,"column":6},"end":{"line":265,"column":75}},{"start":{},"end":{}}],"line":265},"17":{"loc":{"start":{"line":282,"column":14},"end":{"line":282,"column":64}},"type":"cond-expr","locations":[{"start":{"line":282,"column":34},"end":{"line":282,"column":56}},{"start":{"line":282,"column":59},"end":{"line":282,"column":64}}],"line":282},"18":{"loc":{"start":{"line":282,"column":34},"end":{"line":282,"column":56}},"type":"binary-expr","locations":[{"start":{"line":282,"column":34},"end":{"line":282,"column":51}},{"start":{"line":282,"column":55},"end":{"line":282,"column":56}}],"line":282},"19":{"loc":{"start":{"line":287,"column":20},"end":{"line":287,"column":32}},"type":"binary-expr","locations":[{"start":{"line":287,"column":20},"end":{"line":287,"column":26}},{"start":{"line":287,"column":30},"end":{"line":287,"column":32}}],"line":287},"20":{"loc":{"start":{"line":289,"column":6},"end":{"line":297,"column":7}},"type":"if","locations":[{"start":{"line":289,"column":6},"end":{"line":297,"column":7}},{"start":{},"end":{}}],"line":289},"21":{"loc":{"start":{"line":290,"column":8},"end":{"line":296,"column":22}},"type":"if","locations":[{"start":{"line":290,"column":8},"end":{"line":296,"column":22}},{"start":{},"end":{}}],"line":290},"22":{"loc":{"start":{"line":292,"column":27},"end":{"line":292,"column":61}},"type":"cond-expr","locations":[{"start":{"line":292,"column":51},"end":{"line":292,"column":52}},{"start":{"line":292,"column":55},"end":{"line":292,"column":61}}],"line":292},"23":{"loc":{"start":{"line":299,"column":11},"end":{"line":299,"column":32}},"type":"binary-expr","locations":[{"start":{"line":299,"column":11},"end":{"line":299,"column":19}},{"start":{"line":299,"column":23},"end":{"line":299,"column":32}}],"line":299},"24":{"loc":{"start":{"line":304,"column":4},"end":{"line":304,"column":24}},"type":"if","locations":[{"start":{"line":304,"column":4},"end":{"line":304,"column":24}},{"start":{},"end":{}}],"line":304},"25":{"loc":{"start":{"line":305,"column":4},"end":{"line":306,"column":62}},"type":"if","locations":[{"start":{"line":305,"column":4},"end":{"line":306,"column":62}},{"start":{},"end":{}}],"line":305},"26":{"loc":{"start":{"line":305,"column":8},"end":{"line":305,"column":51}},"type":"binary-expr","locations":[{"start":{"line":305,"column":8},"end":{"line":305,"column":27}},{"start":{"line":305,"column":31},"end":{"line":305,"column":51}}],"line":305},"27":{"loc":{"start":{"line":308,"column":4},"end":{"line":320,"column":5}},"type":"if","locations":[{"start":{"line":308,"column":4},"end":{"line":320,"column":5}},{"start":{},"end":{}}],"line":308},"28":{"loc":{"start":{"line":308,"column":8},"end":{"line":308,"column":46}},"type":"binary-expr","locations":[{"start":{"line":308,"column":8},"end":{"line":308,"column":34}},{"start":{"line":308,"column":38},"end":{"line":308,"column":46}}],"line":308},"29":{"loc":{"start":{"line":309,"column":25},"end":{"line":309,"column":54}},"type":"binary-expr","locations":[{"start":{"line":309,"column":25},"end":{"line":309,"column":48}},{"start":{"line":309,"column":52},"end":{"line":309,"column":54}}],"line":309},"30":{"loc":{"start":{"line":310,"column":23},"end":{"line":310,"column":47}},"type":"binary-expr","locations":[{"start":{"line":310,"column":23},"end":{"line":310,"column":41}},{"start":{"line":310,"column":45},"end":{"line":310,"column":47}}],"line":310},"31":{"loc":{"start":{"line":312,"column":24},"end":{"line":312,"column":61}},"type":"cond-expr","locations":[{"start":{"line":312,"column":49},"end":{"line":312,"column":51}},{"start":{"line":312,"column":54},"end":{"line":312,"column":61}}],"line":312},"32":{"loc":{"start":{"line":313,"column":15},"end":{"line":313,"column":67}},"type":"binary-expr","locations":[{"start":{"line":313,"column":15},"end":{"line":313,"column":39}},{"start":{"line":313,"column":43},"end":{"line":313,"column":67}}],"line":313},"33":{"loc":{"start":{"line":315,"column":6},"end":{"line":319,"column":7}},"type":"if","locations":[{"start":{"line":315,"column":6},"end":{"line":319,"column":7}},{"start":{},"end":{}}],"line":315},"34":{"loc":{"start":{"line":315,"column":10},"end":{"line":315,"column":61}},"type":"binary-expr","locations":[{"start":{"line":315,"column":10},"end":{"line":315,"column":20}},{"start":{"line":315,"column":24},"end":{"line":315,"column":61}}],"line":315},"35":{"loc":{"start":{"line":330,"column":6},"end":{"line":330,"column":68}},"type":"if","locations":[{"start":{"line":330,"column":6},"end":{"line":330,"column":68}},{"start":{},"end":{}}],"line":330},"36":{"loc":{"start":{"line":335,"column":23},"end":{"line":335,"column":77}},"type":"cond-expr","locations":[{"start":{"line":335,"column":34},"end":{"line":335,"column":42}},{"start":{"line":335,"column":45},"end":{"line":335,"column":77}}],"line":335},"37":{"loc":{"start":{"line":339,"column":14},"end":{"line":339,"column":40}},"type":"binary-expr","locations":[{"start":{"line":339,"column":14},"end":{"line":339,"column":35}},{"start":{"line":339,"column":39},"end":{"line":339,"column":40}}],"line":339},"38":{"loc":{"start":{"line":340,"column":21},"end":{"line":340,"column":55}},"type":"binary-expr","locations":[{"start":{"line":340,"column":21},"end":{"line":340,"column":43}},{"start":{"line":340,"column":47},"end":{"line":340,"column":55}}],"line":340},"39":{"loc":{"start":{"line":341,"column":18},"end":{"line":341,"column":52}},"type":"binary-expr","locations":[{"start":{"line":341,"column":18},"end":{"line":341,"column":45}},{"start":{"line":341,"column":49},"end":{"line":341,"column":52}}],"line":341},"40":{"loc":{"start":{"line":342,"column":18},"end":{"line":342,"column":69}},"type":"binary-expr","locations":[{"start":{"line":342,"column":18},"end":{"line":342,"column":39}},{"start":{"line":342,"column":43},"end":{"line":342,"column":62}},{"start":{"line":342,"column":66},"end":{"line":342,"column":69}}],"line":342},"41":{"loc":{"start":{"line":350,"column":6},"end":{"line":350,"column":29}},"type":"if","locations":[{"start":{"line":350,"column":6},"end":{"line":350,"column":29}},{"start":{},"end":{}}],"line":350},"42":{"loc":{"start":{"line":360,"column":28},"end":{"line":360,"column":40}},"type":"default-arg","locations":[{"start":{"line":360,"column":38},"end":{"line":360,"column":40}}],"line":360},"43":{"loc":{"start":{"line":363,"column":4},"end":{"line":363,"column":56}},"type":"if","locations":[{"start":{"line":363,"column":4},"end":{"line":363,"column":56}},{"start":{},"end":{}}],"line":363},"44":{"loc":{"start":{"line":366,"column":2},"end":{"line":366,"column":45}},"type":"if","locations":[{"start":{"line":366,"column":2},"end":{"line":366,"column":45}},{"start":{},"end":{}}],"line":366},"45":{"loc":{"start":{"line":368,"column":2},"end":{"line":390,"column":3}},"type":"if","locations":[{"start":{"line":368,"column":2},"end":{"line":390,"column":3}},{"start":{},"end":{}}],"line":368},"46":{"loc":{"start":{"line":371,"column":115},"end":{"line":371,"column":155}},"type":"cond-expr","locations":[{"start":{"line":371,"column":128},"end":{"line":371,"column":142}},{"start":{"line":371,"column":145},"end":{"line":371,"column":155}}],"line":371},"47":{"loc":{"start":{"line":379,"column":57},"end":{"line":379,"column":101}},"type":"cond-expr","locations":[{"start":{"line":379,"column":70},"end":{"line":379,"column":82}},{"start":{"line":379,"column":85},"end":{"line":379,"column":101}}],"line":379},"48":{"loc":{"start":{"line":384,"column":37},"end":{"line":384,"column":84}},"type":"cond-expr","locations":[{"start":{"line":384,"column":50},"end":{"line":384,"column":66}},{"start":{"line":384,"column":69},"end":{"line":384,"column":84}}],"line":384},"49":{"loc":{"start":{"line":392,"column":2},"end":{"line":414,"column":3}},"type":"if","locations":[{"start":{"line":392,"column":2},"end":{"line":414,"column":3}},{"start":{},"end":{}}],"line":392},"50":{"loc":{"start":{"line":393,"column":11},"end":{"line":413,"column":5}},"type":"cond-expr","locations":[{"start":{"line":394,"column":6},"end":{"line":404,"column":17}},{"start":{"line":406,"column":6},"end":{"line":412,"column":17}}],"line":393},"51":{"loc":{"start":{"line":418,"column":74},"end":{"line":418,"column":148}},"type":"cond-expr","locations":[{"start":{"line":418,"column":87},"end":{"line":418,"column":116}},{"start":{"line":418,"column":119},"end":{"line":418,"column":148}}],"line":418},"52":{"loc":{"start":{"line":421,"column":7},"end":{"line":421,"column":35}},"type":"binary-expr","locations":[{"start":{"line":421,"column":7},"end":{"line":421,"column":14}},{"start":{"line":421,"column":18},"end":{"line":421,"column":35}}],"line":421},"53":{"loc":{"start":{"line":424,"column":7},"end":{"line":447,"column":7}},"type":"binary-expr","locations":[{"start":{"line":424,"column":7},"end":{"line":424,"column":22}},{"start":{"line":425,"column":8},"end":{"line":446,"column":14}}],"line":424},"54":{"loc":{"start":{"line":427,"column":70},"end":{"line":427,"column":110}},"type":"cond-expr","locations":[{"start":{"line":427,"column":83},"end":{"line":427,"column":97}},{"start":{"line":427,"column":100},"end":{"line":427,"column":110}}],"line":427},"55":{"loc":{"start":{"line":449,"column":7},"end":{"line":472,"column":7}},"type":"binary-expr","locations":[{"start":{"line":449,"column":7},"end":{"line":449,"column":25}},{"start":{"line":450,"column":8},"end":{"line":471,"column":14}}],"line":449},"56":{"loc":{"start":{"line":452,"column":70},"end":{"line":452,"column":110}},"type":"cond-expr","locations":[{"start":{"line":452,"column":83},"end":{"line":452,"column":97}},{"start":{"line":452,"column":100},"end":{"line":452,"column":110}}],"line":452},"57":{"loc":{"start":{"line":481,"column":117},"end":{"line":481,"column":163}},"type":"cond-expr","locations":[{"start":{"line":481,"column":130},"end":{"line":481,"column":147}},{"start":{"line":481,"column":150},"end":{"line":481,"column":163}}],"line":481},"58":{"loc":{"start":{"line":499,"column":44},"end":{"line":499,"column":87}},"type":"cond-expr","locations":[{"start":{"line":499,"column":57},"end":{"line":499,"column":69}},{"start":{"line":499,"column":72},"end":{"line":499,"column":87}}],"line":499},"59":{"loc":{"start":{"line":504,"column":13},"end":{"line":504,"column":66}},"type":"cond-expr","locations":[{"start":{"line":504,"column":42},"end":{"line":504,"column":55}},{"start":{"line":504,"column":58},"end":{"line":504,"column":66}}],"line":504},"60":{"loc":{"start":{"line":510,"column":89},"end":{"line":510,"column":150}},"type":"cond-expr","locations":[{"start":{"line":510,"column":105},"end":{"line":510,"column":126}},{"start":{"line":510,"column":129},"end":{"line":510,"column":150}}],"line":510},"61":{"loc":{"start":{"line":515,"column":129},"end":{"line":515,"column":182}},"type":"cond-expr","locations":[{"start":{"line":515,"column":145},"end":{"line":515,"column":160}},{"start":{"line":515,"column":163},"end":{"line":515,"column":182}}],"line":515},"62":{"loc":{"start":{"line":515,"column":186},"end":{"line":515,"column":226}},"type":"cond-expr","locations":[{"start":{"line":515,"column":199},"end":{"line":515,"column":213}},{"start":{"line":515,"column":216},"end":{"line":515,"column":226}}],"line":515},"63":{"loc":{"start":{"line":519,"column":44},"end":{"line":519,"column":88}},"type":"cond-expr","locations":[{"start":{"line":519,"column":57},"end":{"line":519,"column":69}},{"start":{"line":519,"column":72},"end":{"line":519,"column":88}}],"line":519},"64":{"loc":{"start":{"line":563,"column":11},"end":{"line":590,"column":11}},"type":"binary-expr","locations":[{"start":{"line":563,"column":11},"end":{"line":563,"column":37}},{"start":{"line":564,"column":12},"end":{"line":589,"column":18}}],"line":563},"65":{"loc":{"start":{"line":605,"column":82},"end":{"line":605,"column":136}},"type":"cond-expr","locations":[{"start":{"line":605,"column":113},"end":{"line":605,"column":119}},{"start":{"line":605,"column":122},"end":{"line":605,"column":136}}],"line":605},"66":{"loc":{"start":{"line":609,"column":13},"end":{"line":619,"column":13}},"type":"binary-expr","locations":[{"start":{"line":609,"column":13},"end":{"line":609,"column":39}},{"start":{"line":610,"column":14},"end":{"line":618,"column":31}}],"line":609},"67":{"loc":{"start":{"line":620,"column":13},"end":{"line":635,"column":13}},"type":"binary-expr","locations":[{"start":{"line":620,"column":13},"end":{"line":620,"column":39}},{"start":{"line":621,"column":14},"end":{"line":634,"column":31}}],"line":620},"68":{"loc":{"start":{"line":636,"column":13},"end":{"line":646,"column":13}},"type":"binary-expr","locations":[{"start":{"line":636,"column":13},"end":{"line":636,"column":38}},{"start":{"line":637,"column":14},"end":{"line":645,"column":31}}],"line":636},"69":{"loc":{"start":{"line":647,"column":13},"end":{"line":664,"column":13}},"type":"binary-expr","locations":[{"start":{"line":647,"column":13},"end":{"line":647,"column":37}},{"start":{"line":648,"column":14},"end":{"line":663,"column":31}}],"line":647},"70":{"loc":{"start":{"line":665,"column":13},"end":{"line":669,"column":13}},"type":"binary-expr","locations":[{"start":{"line":665,"column":13},"end":{"line":665,"column":35}},{"start":{"line":666,"column":14},"end":{"line":668,"column":31}}],"line":665},"71":{"loc":{"start":{"line":670,"column":13},"end":{"line":674,"column":13}},"type":"binary-expr","locations":[{"start":{"line":670,"column":13},"end":{"line":670,"column":41}},{"start":{"line":670,"column":45},"end":{"line":670,"column":71}},{"start":{"line":671,"column":14},"end":{"line":673,"column":31}}],"line":670},"72":{"loc":{"start":{"line":675,"column":13},"end":{"line":679,"column":13}},"type":"binary-expr","locations":[{"start":{"line":675,"column":13},"end":{"line":675,"column":45}},{"start":{"line":675,"column":49},"end":{"line":675,"column":75}},{"start":{"line":676,"column":14},"end":{"line":678,"column":31}}],"line":675},"73":{"loc":{"start":{"line":680,"column":13},"end":{"line":688,"column":13}},"type":"binary-expr","locations":[{"start":{"line":680,"column":13},"end":{"line":680,"column":45}},{"start":{"line":680,"column":49},"end":{"line":680,"column":75}},{"start":{"line":681,"column":14},"end":{"line":687,"column":31}}],"line":680},"74":{"loc":{"start":{"line":699,"column":112},"end":{"line":699,"column":281}},"type":"cond-expr","locations":[{"start":{"line":699,"column":121},"end":{"line":699,"column":170}},{"start":{"line":699,"column":173},"end":{"line":699,"column":281}}],"line":699},"75":{"loc":{"start":{"line":699,"column":196},"end":{"line":699,"column":279}},"type":"cond-expr","locations":[{"start":{"line":699,"column":209},"end":{"line":699,"column":241}},{"start":{"line":699,"column":244},"end":{"line":699,"column":279}}],"line":699}},"s":{"0":0,"1":0,"2":0,"3":0,"4":0,"5":0,"6":0,"7":0,"8":0,"9":0,"10":0,"11":0,"12":0,"13":0,"14":0,"15":0,"16":0,"17":0,"18":0,"19":0,"20":0,"21":0,"22":0,"23":0,"24":0,"25":0,"26":0,"27":0,"28":0,"29":0,"30":0,"31":0,"32":0,"33":0,"34":0,"35":0,"36":0,"37":0,"38":0,"39":0,"40":0,"41":0,"42":0,"43":0,"44":0,"45":0,"46":0,"47":0,"48":0,"49":0,"50":0,"51":0,"52":0,"53":0,"54":0,"55":0,"56":0,"57":0,"58":0,"59":0,"60":0,"61":0,"62":0,"63":0,"64":0,"65":0,"66":0,"67":0,"68":0,"69":0,"70":0,"71":0,"72":0,"73":0,"74":0,"75":0,"76":0,"77":0,"78":0,"79":0,"80":0,"81":0,"82":0,"83":0,"84":0,"85":0,"86":0,"87":0,"88":0,"89":0,"90":0,"91":0,"92":0,"93":0,"94":0,"95":0,"96":0,"97":0,"98":0,"99":0,"100":0,"101":0,"102":0,"103":0,"104":0,"105":0,"106":0,"107":0,"108":0,"109":0,"110":0,"111":0,"112":0,"113":0,"114":0,"115":0,"116":0,"117":0,"118":0,"119":0,"120":0,"121":0,"122":0,"123":0,"124":0,"125":0,"126":0,"127":0,"128":0,"129":0,"130":0,"131":0,"132":0,"133":0,"134":0,"135":0,"136":0,"137":0,"138":0,"139":0,"140":0,"141":0,"142":0,"143":0,"144":0,"145":0,"146":0,"147":0,"148":0,"149":0,"150":0,"151":0,"152":0,"153":0,"154":0,"155":0,"156":0,"157":0,"158":0,"159":0,"160":0,"161":0,"162":0,"163":0,"164":0,"165":0,"166":0,"167":0,"168":0,"169":0,"170":0,"171":0,"172":0,"173":0,"174":0,"175":0,"176":0,"177":0,"178":0,"179":0,"180":0,"181":0,"182":0,"183":0,"184":0,"185":0,"186":0,"187":0,"188":0,"189":0,"190":0,"191":0,"192":0,"193":0,"194":0,"195":0,"196":0,"197":0,"198":0,"199":0,"200":0,"201":0,"202":0,"203":0,"204":0,"205":0,"206":0,"207":0,"208":0,"209":0,"210":0,"211":0,"212":0,"213":0,"214":0,"215":0,"216":0,"217":0,"218":0,"219":0,"220":0,"221":0,"222":0,"223":0,"224":0,"225":0,"226":0,"227":0,"228":0},"f":{"0":0,"1":0,"2":0,"3":0,"4":0,"5":0,"6":0,"7":0,"8":0,"9":0,"10":0,"11":0,"12":0,"13":0,"14":0,"15":0,"16":0,"17":0,"18":0,"19":0,"20":0,"21":0,"22":0,"23":0,"24":0,"25":0,"26":0,"27":0,"28":0,"29":0,"30":0,"31":0,"32":0,"33":0,"34":0,"35":0,"36":0,"37":0,"38":0,"39":0,"40":0,"41":0,"42":0,"43":0,"44":0,"45":0,"46":0,"47":0,"48":0,"49":0,"50":0,"51":0,"52":0,"53":0,"54":0,"55":0,"56":0,"57":0,"58":0,"59":0,"60":0,"61":0},"b":{"0":[0,0],"1":[0,0],"2":[0,0],"3":[0,0],"4":[0,0],"5":[0,0],"6":[0,0],"7":[0,0],"8":[0,0],"9":[0,0],"10":[0,0],"11":[0,0],"12":[0,0],"13":[0,0],"14":[0,0],"15":[0,0],"16":[0,0],"17":[0,0],"18":[0,0],"19":[0,0],"20":[0,0],"21":[0,0],"22":[0,0],"23":[0,0],"24":[0,0],"25":[0,0],"26":[0,0],"27":[0,0],"28":[0,0],"29":[0,0],"30":[0,0],"31":[0,0],"32":[0,0],"33":[0,0],"34":[0,0],"35":[0,0],"36":[0,0],"37":[0,0],"38":[0,0],"39":[0,0],"40":[0,0,0],"41":[0,0],"42":[0],"43":[0,0],"44":[0,0],"45":[0,0],"46":[0,0],"47":[0,0],"48":[0,0],"49":[0,0],"50":[0,0],"51":[0,0],"52":[0,0],"53":[0,0],"54":[0,0],"55":[0,0],"56":[0,0],"57":[0,0],"58":[0,0],"59":[0,0],"60":[0,0],"61":[0,0],"62":[0,0],"63":[0,0],"64":[0,0],"65":[0,0],"66":[0,0],"67":[0,0],"68":[0,0],"69":[0,0],"70":[0,0],"71":[0,0,0],"72":[0,0,0],"73":[0,0,0],"74":[0,0],"75":[0,0]}}
,"C:\\Users\\Jerem\\Documents\\Project PLN\\frontend-pln\\src\\components\\DashboardPage.jsx": {"path":"C:\\Users\\Jerem\\Documents\\Project PLN\\frontend-pln\\src\\components\\DashboardPage.jsx","statementMap":{"0":{"start":{"line":37,"column":25},"end":{"line":54,"column":1}},"1":{"start":{"line":38,"column":16},"end":{"line":38,"column":41}},"2":{"start":{"line":39,"column":12},"end":{"line":39,"column":51}},"3":{"start":{"line":41,"column":2},"end":{"line":45,"column":3}},"4":{"start":{"line":42,"column":4},"end":{"line":42,"column":42}},"5":{"start":{"line":43,"column":9},"end":{"line":45,"column":3}},"6":{"start":{"line":44,"column":4},"end":{"line":44,"column":42}},"7":{"start":{"line":47,"column":2},"end":{"line":53,"column":5}},"8":{"start":{"line":56,"column":19},"end":{"line":65,"column":1}},"9":{"start":{"line":67,"column":19},"end":{"line":71,"column":1}},"10":{"start":{"line":73,"column":19},"end":{"line":83,"column":1}},"11":{"start":{"line":74,"column":2},"end":{"line":74,"column":29}},"12":{"start":{"line":74,"column":19},"end":{"line":74,"column":29}},"13":{"start":{"line":75,"column":15},"end":{"line":75,"column":35}},"14":{"start":{"line":76,"column":2},"end":{"line":82,"column":9}},"15":{"start":{"line":85,"column":22},"end":{"line":806,"column":1}},"16":{"start":{"line":92,"column":23},"end":{"line":92,"column":62}},"17":{"start":{"line":93,"column":44},"end":{"line":93,"column":58}},"18":{"start":{"line":94,"column":44},"end":{"line":94,"column":55}},"19":{"start":{"line":96,"column":42},"end":{"line":101,"column":3}},"20":{"start":{"line":98,"column":6},"end":{"line":98,"column":26}},"21":{"start":{"line":99,"column":6},"end":{"line":99,"column":17}},"22":{"start":{"line":103,"column":23},"end":{"line":104,"column":63}},"23":{"start":{"line":104,"column":4},"end":{"line":104,"column":63}},"24":{"start":{"line":104,"column":31},"end":{"line":104,"column":61}},"25":{"start":{"line":108,"column":21},"end":{"line":134,"column":19}},"26":{"start":{"line":109,"column":15},"end":{"line":109,"column":17}},"27":{"start":{"line":110,"column":4},"end":{"line":110,"column":73}},"28":{"start":{"line":110,"column":63},"end":{"line":110,"column":73}},"29":{"start":{"line":112,"column":4},"end":{"line":132,"column":7}},"30":{"start":{"line":113,"column":6},"end":{"line":131,"column":7}},"31":{"start":{"line":114,"column":28},"end":{"line":128,"column":10}},"32":{"start":{"line":115,"column":20},"end":{"line":115,"column":43}},"33":{"start":{"line":116,"column":20},"end":{"line":116,"column":53}},"34":{"start":{"line":119,"column":28},"end":{"line":119,"column":50}},"35":{"start":{"line":121,"column":10},"end":{"line":127,"column":12}},"36":{"start":{"line":130,"column":8},"end":{"line":130,"column":41}},"37":{"start":{"line":133,"column":4},"end":{"line":133,"column":16}},"38":{"start":{"line":137,"column":2},"end":{"line":152,"column":9}},"39":{"start":{"line":138,"column":29},"end":{"line":150,"column":5}},"40":{"start":{"line":139,"column":6},"end":{"line":149,"column":7}},"41":{"start":{"line":141,"column":33},"end":{"line":143,"column":54}},"42":{"start":{"line":144,"column":8},"end":{"line":146,"column":9}},"43":{"start":{"line":145,"column":10},"end":{"line":145,"column":34}},"44":{"start":{"line":148,"column":8},"end":{"line":148,"column":58}},"45":{"start":{"line":151,"column":4},"end":{"line":151,"column":23}},"46":{"start":{"line":155,"column":2},"end":{"line":160,"column":22}},"47":{"start":{"line":156,"column":4},"end":{"line":156,"column":65}},"48":{"start":{"line":157,"column":4},"end":{"line":159,"column":6}},"49":{"start":{"line":158,"column":6},"end":{"line":158,"column":40}},"50":{"start":{"line":162,"column":24},"end":{"line":165,"column":3}},"51":{"start":{"line":163,"column":4},"end":{"line":163,"column":25}},"52":{"start":{"line":163,"column":15},"end":{"line":163,"column":25}},"53":{"start":{"line":164,"column":4},"end":{"line":164,"column":69}},"54":{"start":{"line":168,"column":22},"end":{"line":213,"column":20}},"55":{"start":{"line":169,"column":28},"end":{"line":169,"column":37}},"56":{"start":{"line":172,"column":4},"end":{"line":183,"column":7}},"57":{"start":{"line":173,"column":18},"end":{"line":173,"column":90}},"58":{"start":{"line":174,"column":29},"end":{"line":174,"column":53}},"59":{"start":{"line":175,"column":32},"end":{"line":175,"column":65}},"60":{"start":{"line":176,"column":33},"end":{"line":178,"column":21}},"61":{"start":{"line":180,"column":6},"end":{"line":182,"column":7}},"62":{"start":{"line":181,"column":8},"end":{"line":181,"column":41}},"63":{"start":{"line":185,"column":17},"end":{"line":185,"column":18}},"64":{"start":{"line":186,"column":16},"end":{"line":186,"column":17}},"65":{"start":{"line":187,"column":15},"end":{"line":187,"column":16}},"66":{"start":{"line":188,"column":17},"end":{"line":188,"column":18}},"67":{"start":{"line":189,"column":26},"end":{"line":189,"column":62}},"68":{"start":{"line":191,"column":4},"end":{"line":199,"column":7}},"69":{"start":{"line":192,"column":16},"end":{"line":192,"column":51}},"70":{"start":{"line":193,"column":18},"end":{"line":193,"column":41}},"71":{"start":{"line":194,"column":6},"end":{"line":194,"column":22}},"72":{"start":{"line":196,"column":6},"end":{"line":198,"column":20}},"73":{"start":{"line":196,"column":56},"end":{"line":196,"column":65}},"74":{"start":{"line":197,"column":11},"end":{"line":198,"column":20}},"75":{"start":{"line":197,"column":62},"end":{"line":197,"column":72}},"76":{"start":{"line":198,"column":11},"end":{"line":198,"column":20}},"77":{"start":{"line":201,"column":30},"end":{"line":201,"column":50}},"78":{"start":{"line":203,"column":4},"end":{"line":212,"column":6}},"79":{"start":{"line":216,"column":20},"end":{"line":244,"column":20}},"80":{"start":{"line":217,"column":4},"end":{"line":217,"column":45}},"81":{"start":{"line":217,"column":35},"end":{"line":217,"column":45}},"82":{"start":{"line":219,"column":28},"end":{"line":219,"column":37}},"83":{"start":{"line":220,"column":4},"end":{"line":231,"column":7}},"84":{"start":{"line":221,"column":18},"end":{"line":221,"column":86}},"85":{"start":{"line":222,"column":29},"end":{"line":222,"column":53}},"86":{"start":{"line":223,"column":26},"end":{"line":223,"column":52}},"87":{"start":{"line":225,"column":6},"end":{"line":230,"column":7}},"88":{"start":{"line":229,"column":8},"end":{"line":229,"column":39}},"89":{"start":{"line":233,"column":4},"end":{"line":243,"column":19}},"90":{"start":{"line":234,"column":22},"end":{"line":241,"column":7}},"91":{"start":{"line":242,"column":22},"end":{"line":242,"column":37}},"92":{"start":{"line":247,"column":20},"end":{"line":269,"column":35}},"93":{"start":{"line":248,"column":4},"end":{"line":248,"column":34}},"94":{"start":{"line":248,"column":24},"end":{"line":248,"column":34}},"95":{"start":{"line":249,"column":4},"end":{"line":268,"column":75}},"96":{"start":{"line":252,"column":10},"end":{"line":253,"column":75}},"97":{"start":{"line":255,"column":19},"end":{"line":267,"column":7}},"98":{"start":{"line":268,"column":22},"end":{"line":268,"column":73}},"99":{"start":{"line":272,"column":27},"end":{"line":296,"column":3}},"100":{"start":{"line":273,"column":4},"end":{"line":273,"column":51}},"101":{"start":{"line":273,"column":41},"end":{"line":273,"column":51}},"102":{"start":{"line":274,"column":21},"end":{"line":274,"column":42}},"103":{"start":{"line":277,"column":20},"end":{"line":279,"column":5}},"104":{"start":{"line":278,"column":13},"end":{"line":278,"column":52}},"105":{"start":{"line":282,"column":22},"end":{"line":282,"column":31}},"106":{"start":{"line":283,"column":4},"end":{"line":291,"column":7}},"107":{"start":{"line":284,"column":23},"end":{"line":284,"column":52}},"108":{"start":{"line":285,"column":29},"end":{"line":285,"column":59}},"109":{"start":{"line":286,"column":23},"end":{"line":286,"column":46}},"110":{"start":{"line":288,"column":6},"end":{"line":290,"column":7}},"111":{"start":{"line":289,"column":8},"end":{"line":289,"column":37}},"112":{"start":{"line":293,"column":4},"end":{"line":295,"column":6}},"113":{"start":{"line":294,"column":16},"end":{"line":294,"column":69}},"114":{"start":{"line":298,"column":23},"end":{"line":306,"column":3}},"115":{"start":{"line":299,"column":4},"end":{"line":299,"column":48}},"116":{"start":{"line":299,"column":32},"end":{"line":299,"column":48}},"117":{"start":{"line":300,"column":4},"end":{"line":304,"column":5}},"118":{"start":{"line":301,"column":16},"end":{"line":301,"column":51}},"119":{"start":{"line":302,"column":6},"end":{"line":302,"column":72}},"120":{"start":{"line":302,"column":56},"end":{"line":302,"column":72}},"121":{"start":{"line":303,"column":6},"end":{"line":303,"column":74}},"122":{"start":{"line":303,"column":57},"end":{"line":303,"column":74}},"123":{"start":{"line":305,"column":4},"end":{"line":305,"column":20}},"124":{"start":{"line":308,"column":19},"end":{"line":308,"column":62}},"125":{"start":{"line":309,"column":18},"end":{"line":309,"column":66}},"126":{"start":{"line":310,"column":17},"end":{"line":312,"column":33}},"127":{"start":{"line":315,"column":32},"end":{"line":315,"column":36}},"128":{"start":{"line":317,"column":20},"end":{"line":337,"column":18}},"129":{"start":{"line":318,"column":4},"end":{"line":318,"column":75}},"130":{"start":{"line":318,"column":63},"end":{"line":318,"column":75}},"131":{"start":{"line":320,"column":17},"end":{"line":320,"column":79}},"132":{"start":{"line":320,"column":39},"end":{"line":320,"column":44}},"133":{"start":{"line":320,"column":60},"end":{"line":320,"column":78}},"134":{"start":{"line":321,"column":17},"end":{"line":321,"column":79}},"135":{"start":{"line":321,"column":39},"end":{"line":321,"column":44}},"136":{"start":{"line":321,"column":60},"end":{"line":321,"column":78}},"137":{"start":{"line":323,"column":4},"end":{"line":323,"column":60}},"138":{"start":{"line":323,"column":48},"end":{"line":323,"column":60}},"139":{"start":{"line":325,"column":19},"end":{"line":325,"column":36}},"140":{"start":{"line":326,"column":19},"end":{"line":326,"column":36}},"141":{"start":{"line":327,"column":19},"end":{"line":327,"column":36}},"142":{"start":{"line":328,"column":19},"end":{"line":328,"column":36}},"143":{"start":{"line":330,"column":19},"end":{"line":330,"column":67}},"144":{"start":{"line":331,"column":19},"end":{"line":331,"column":67}},"145":{"start":{"line":333,"column":4},"end":{"line":336,"column":6}},"146":{"start":{"line":339,"column":2},"end":{"line":805,"column":4}},"147":{"start":{"line":452,"column":32},"end":{"line":452,"column":57}},"148":{"start":{"line":453,"column":29},"end":{"line":453,"column":52}},"149":{"start":{"line":455,"column":14},"end":{"line":543,"column":16}},"150":{"start":{"line":496,"column":28},"end":{"line":532,"column":34}},"151":{"start":{"line":499,"column":32},"end":{"line":502,"column":34}},"152":{"start":{"line":599,"column":22},"end":{"line":603,"column":24}},"153":{"start":{"line":644,"column":18},"end":{"line":707,"column":24}},"154":{"start":{"line":647,"column":22},"end":{"line":647,"column":72}},"155":{"start":{"line":734,"column":31},"end":{"line":734,"column":53}},"156":{"start":{"line":743,"column":18},"end":{"line":749,"column":27}},"157":{"start":{"line":745,"column":35},"end":{"line":745,"column":56}},"158":{"start":{"line":774,"column":24},"end":{"line":795,"column":26}}},"fnMap":{"0":{"name":"(anonymous_0)","decl":{"start":{"line":37,"column":25},"end":{"line":37,"column":26}},"loc":{"start":{"line":37,"column":37},"end":{"line":54,"column":1}},"line":37},"1":{"name":"(anonymous_1)","decl":{"start":{"line":73,"column":19},"end":{"line":73,"column":20}},"loc":{"start":{"line":73,"column":35},"end":{"line":83,"column":1}},"line":73},"2":{"name":"(anonymous_2)","decl":{"start":{"line":85,"column":22},"end":{"line":85,"column":23}},"loc":{"start":{"line":91,"column":6},"end":{"line":806,"column":1}},"line":91},"3":{"name":"(anonymous_3)","decl":{"start":{"line":97,"column":22},"end":{"line":97,"column":23}},"loc":{"start":{"line":97,"column":36},"end":{"line":100,"column":5}},"line":97},"4":{"name":"(anonymous_4)","decl":{"start":{"line":103,"column":23},"end":{"line":103,"column":24}},"loc":{"start":{"line":104,"column":4},"end":{"line":104,"column":63}},"line":104},"5":{"name":"(anonymous_5)","decl":{"start":{"line":104,"column":20},"end":{"line":104,"column":21}},"loc":{"start":{"line":104,"column":31},"end":{"line":104,"column":61}},"line":104},"6":{"name":"(anonymous_6)","decl":{"start":{"line":108,"column":29},"end":{"line":108,"column":30}},"loc":{"start":{"line":108,"column":35},"end":{"line":134,"column":3}},"line":108},"7":{"name":"(anonymous_7)","decl":{"start":{"line":112,"column":40},"end":{"line":112,"column":41}},"loc":{"start":{"line":112,"column":61},"end":{"line":132,"column":5}},"line":112},"8":{"name":"(anonymous_8)","decl":{"start":{"line":114,"column":36},"end":{"line":114,"column":37}},"loc":{"start":{"line":114,"column":44},"end":{"line":128,"column":9}},"line":114},"9":{"name":"(anonymous_9)","decl":{"start":{"line":137,"column":12},"end":{"line":137,"column":13}},"loc":{"start":{"line":137,"column":18},"end":{"line":152,"column":3}},"line":137},"10":{"name":"(anonymous_10)","decl":{"start":{"line":138,"column":29},"end":{"line":138,"column":30}},"loc":{"start":{"line":138,"column":41},"end":{"line":150,"column":5}},"line":138},"11":{"name":"(anonymous_11)","decl":{"start":{"line":155,"column":12},"end":{"line":155,"column":13}},"loc":{"start":{"line":155,"column":18},"end":{"line":160,"column":3}},"line":155},"12":{"name":"(anonymous_12)","decl":{"start":{"line":157,"column":11},"end":{"line":157,"column":12}},"loc":{"start":{"line":157,"column":17},"end":{"line":159,"column":5}},"line":157},"13":{"name":"(anonymous_13)","decl":{"start":{"line":162,"column":24},"end":{"line":162,"column":25}},"loc":{"start":{"line":162,"column":34},"end":{"line":165,"column":3}},"line":162},"14":{"name":"(anonymous_14)","decl":{"start":{"line":168,"column":30},"end":{"line":168,"column":31}},"loc":{"start":{"line":168,"column":36},"end":{"line":213,"column":3}},"line":168},"15":{"name":"(anonymous_15)","decl":{"start":{"line":172,"column":25},"end":{"line":172,"column":26}},"loc":{"start":{"line":172,"column":37},"end":{"line":183,"column":5}},"line":172},"16":{"name":"(anonymous_16)","decl":{"start":{"line":191,"column":26},"end":{"line":191,"column":27}},"loc":{"start":{"line":191,"column":33},"end":{"line":199,"column":5}},"line":191},"17":{"name":"(anonymous_17)","decl":{"start":{"line":216,"column":28},"end":{"line":216,"column":29}},"loc":{"start":{"line":216,"column":34},"end":{"line":244,"column":3}},"line":216},"18":{"name":"(anonymous_18)","decl":{"start":{"line":220,"column":25},"end":{"line":220,"column":26}},"loc":{"start":{"line":220,"column":35},"end":{"line":231,"column":5}},"line":220},"19":{"name":"(anonymous_19)","decl":{"start":{"line":234,"column":11},"end":{"line":234,"column":12}},"loc":{"start":{"line":234,"column":22},"end":{"line":241,"column":7}},"line":234},"20":{"name":"(anonymous_20)","decl":{"start":{"line":242,"column":12},"end":{"line":242,"column":13}},"loc":{"start":{"line":242,"column":22},"end":{"line":242,"column":37}},"line":242},"21":{"name":"(anonymous_21)","decl":{"start":{"line":247,"column":28},"end":{"line":247,"column":29}},"loc":{"start":{"line":247,"column":34},"end":{"line":269,"column":3}},"line":247},"22":{"name":"(anonymous_22)","decl":{"start":{"line":251,"column":8},"end":{"line":251,"column":9}},"loc":{"start":{"line":252,"column":10},"end":{"line":253,"column":75}},"line":252},"23":{"name":"(anonymous_23)","decl":{"start":{"line":255,"column":11},"end":{"line":255,"column":12}},"loc":{"start":{"line":255,"column":19},"end":{"line":267,"column":7}},"line":255},"24":{"name":"(anonymous_24)","decl":{"start":{"line":268,"column":12},"end":{"line":268,"column":13}},"loc":{"start":{"line":268,"column":22},"end":{"line":268,"column":73}},"line":268},"25":{"name":"(anonymous_25)","decl":{"start":{"line":272,"column":27},"end":{"line":272,"column":28}},"loc":{"start":{"line":272,"column":39},"end":{"line":296,"column":3}},"line":272},"26":{"name":"(anonymous_26)","decl":{"start":{"line":278,"column":6},"end":{"line":278,"column":7}},"loc":{"start":{"line":278,"column":13},"end":{"line":278,"column":52}},"line":278},"27":{"name":"(anonymous_27)","decl":{"start":{"line":283,"column":20},"end":{"line":283,"column":21}},"loc":{"start":{"line":283,"column":29},"end":{"line":291,"column":5}},"line":283},"28":{"name":"(anonymous_28)","decl":{"start":{"line":294,"column":6},"end":{"line":294,"column":7}},"loc":{"start":{"line":294,"column":16},"end":{"line":294,"column":69}},"line":294},"29":{"name":"(anonymous_29)","decl":{"start":{"line":298,"column":23},"end":{"line":298,"column":24}},"loc":{"start":{"line":298,"column":38},"end":{"line":306,"column":3}},"line":298},"30":{"name":"(anonymous_30)","decl":{"start":{"line":317,"column":28},"end":{"line":317,"column":29}},"loc":{"start":{"line":317,"column":34},"end":{"line":337,"column":3}},"line":317},"31":{"name":"(anonymous_31)","decl":{"start":{"line":320,"column":32},"end":{"line":320,"column":33}},"loc":{"start":{"line":320,"column":39},"end":{"line":320,"column":44}},"line":320},"32":{"name":"(anonymous_32)","decl":{"start":{"line":320,"column":53},"end":{"line":320,"column":54}},"loc":{"start":{"line":320,"column":60},"end":{"line":320,"column":78}},"line":320},"33":{"name":"(anonymous_33)","decl":{"start":{"line":321,"column":32},"end":{"line":321,"column":33}},"loc":{"start":{"line":321,"column":39},"end":{"line":321,"column":44}},"line":321},"34":{"name":"(anonymous_34)","decl":{"start":{"line":321,"column":53},"end":{"line":321,"column":54}},"loc":{"start":{"line":321,"column":60},"end":{"line":321,"column":78}},"line":321},"35":{"name":"(anonymous_35)","decl":{"start":{"line":451,"column":28},"end":{"line":451,"column":29}},"loc":{"start":{"line":451,"column":41},"end":{"line":544,"column":13}},"line":451},"36":{"name":"(anonymous_36)","decl":{"start":{"line":495,"column":40},"end":{"line":495,"column":41}},"loc":{"start":{"line":496,"column":28},"end":{"line":532,"column":34}},"line":496},"37":{"name":"(anonymous_37)","decl":{"start":{"line":498,"column":39},"end":{"line":498,"column":40}},"loc":{"start":{"line":499,"column":32},"end":{"line":502,"column":34}},"line":499},"38":{"name":"(anonymous_38)","decl":{"start":{"line":598,"column":45},"end":{"line":598,"column":46}},"loc":{"start":{"line":599,"column":22},"end":{"line":603,"column":24}},"line":599},"39":{"name":"(anonymous_39)","decl":{"start":{"line":643,"column":30},"end":{"line":643,"column":31}},"loc":{"start":{"line":644,"column":18},"end":{"line":707,"column":24}},"line":644},"40":{"name":"(anonymous_40)","decl":{"start":{"line":646,"column":29},"end":{"line":646,"column":30}},"loc":{"start":{"line":647,"column":22},"end":{"line":647,"column":72}},"line":647},"41":{"name":"(anonymous_41)","decl":{"start":{"line":734,"column":25},"end":{"line":734,"column":26}},"loc":{"start":{"line":734,"column":31},"end":{"line":734,"column":53}},"line":734},"42":{"name":"(anonymous_42)","decl":{"start":{"line":742,"column":32},"end":{"line":742,"column":33}},"loc":{"start":{"line":743,"column":18},"end":{"line":749,"column":27}},"line":743},"43":{"name":"(anonymous_43)","decl":{"start":{"line":745,"column":29},"end":{"line":745,"column":30}},"loc":{"start":{"line":745,"column":35},"end":{"line":745,"column":56}},"line":745},"44":{"name":"(anonymous_44)","decl":{"start":{"line":773,"column":22},"end":{"line":773,"column":23}},"loc":{"start":{"line":774,"column":24},"end":{"line":795,"column":26}},"line":774}},"branchMap":{"0":{"loc":{"start":{"line":39,"column":13},"end":{"line":39,"column":25}},"type":"binary-expr","locations":[{"start":{"line":39,"column":13},"end":{"line":39,"column":19}},{"start":{"line":39,"column":23},"end":{"line":39,"column":25}}],"line":39},"1":{"loc":{"start":{"line":41,"column":2},"end":{"line":45,"column":3}},"type":"if","locations":[{"start":{"line":41,"column":2},"end":{"line":45,"column":3}},{"start":{"line":43,"column":9},"end":{"line":45,"column":3}}],"line":41},"2":{"loc":{"start":{"line":41,"column":6},"end":{"line":41,"column":74}},"type":"binary-expr","locations":[{"start":{"line":41,"column":6},"end":{"line":41,"column":26}},{"start":{"line":41,"column":30},"end":{"line":41,"column":50}},{"start":{"line":41,"column":54},"end":{"line":41,"column":74}}],"line":41},"3":{"loc":{"start":{"line":43,"column":9},"end":{"line":45,"column":3}},"type":"if","locations":[{"start":{"line":43,"column":9},"end":{"line":45,"column":3}},{"start":{},"end":{}}],"line":43},"4":{"loc":{"start":{"line":43,"column":13},"end":{"line":43,"column":58}},"type":"binary-expr","locations":[{"start":{"line":43,"column":13},"end":{"line":43,"column":33}},{"start":{"line":43,"column":37},"end":{"line":43,"column":58}}],"line":43},"5":{"loc":{"start":{"line":74,"column":2},"end":{"line":74,"column":29}},"type":"if","locations":[{"start":{"line":74,"column":2},"end":{"line":74,"column":29}},{"start":{},"end":{}}],"line":74},"6":{"loc":{"start":{"line":76,"column":9},"end":{"line":82,"column":8}},"type":"cond-expr","locations":[{"start":{"line":77,"column":6},"end":{"line":77,"column":8}},{"start":{"line":78,"column":6},"end":{"line":82,"column":8}}],"line":76},"7":{"loc":{"start":{"line":87,"column":2},"end":{"line":87,"column":15}},"type":"default-arg","locations":[{"start":{"line":87,"column":13},"end":{"line":87,"column":15}}],"line":87},"8":{"loc":{"start":{"line":90,"column":2},"end":{"line":90,"column":18}},"type":"default-arg","locations":[{"start":{"line":90,"column":16},"end":{"line":90,"column":18}}],"line":90},"9":{"loc":{"start":{"line":92,"column":23},"end":{"line":92,"column":62}},"type":"cond-expr","locations":[{"start":{"line":92,"column":49},"end":{"line":92,"column":57}},{"start":{"line":92,"column":60},"end":{"line":92,"column":62}}],"line":92},"10":{"loc":{"start":{"line":110,"column":4},"end":{"line":110,"column":73}},"type":"if","locations":[{"start":{"line":110,"column":4},"end":{"line":110,"column":73}},{"start":{},"end":{}}],"line":110},"11":{"loc":{"start":{"line":110,"column":8},"end":{"line":110,"column":61}},"type":"binary-expr","locations":[{"start":{"line":110,"column":8},"end":{"line":110,"column":20}},{"start":{"line":110,"column":24},"end":{"line":110,"column":61}}],"line":110},"12":{"loc":{"start":{"line":113,"column":6},"end":{"line":131,"column":7}},"type":"if","locations":[{"start":{"line":113,"column":6},"end":{"line":131,"column":7}},{"start":{},"end":{}}],"line":113},"13":{"loc":{"start":{"line":115,"column":31},"end":{"line":115,"column":42}},"type":"binary-expr","locations":[{"start":{"line":115,"column":31},"end":{"line":115,"column":37}},{"start":{"line":115,"column":41},"end":{"line":115,"column":42}}],"line":115},"14":{"loc":{"start":{"line":116,"column":31},"end":{"line":116,"column":52}},"type":"binary-expr","locations":[{"start":{"line":116,"column":31},"end":{"line":116,"column":37}},{"start":{"line":116,"column":41},"end":{"line":116,"column":47}},{"start":{"line":116,"column":51},"end":{"line":116,"column":52}}],"line":116},"15":{"loc":{"start":{"line":119,"column":28},"end":{"line":119,"column":50}},"type":"binary-expr","locations":[{"start":{"line":119,"column":28},"end":{"line":119,"column":37}},{"start":{"line":119,"column":41},"end":{"line":119,"column":50}}],"line":119},"16":{"loc":{"start":{"line":124,"column":17},"end":{"line":124,"column":39}},"type":"cond-expr","locations":[{"start":{"line":124,"column":29},"end":{"line":124,"column":33}},{"start":{"line":124,"column":36},"end":{"line":124,"column":39}}],"line":124},"17":{"loc":{"start":{"line":125,"column":17},"end":{"line":125,"column":41}},"type":"cond-expr","locations":[{"start":{"line":125,"column":29},"end":{"line":125,"column":35}},{"start":{"line":125,"column":38},"end":{"line":125,"column":41}}],"line":125},"18":{"loc":{"start":{"line":144,"column":8},"end":{"line":146,"column":9}},"type":"if","locations":[{"start":{"line":144,"column":8},"end":{"line":146,"column":9}},{"start":{},"end":{}}],"line":144},"19":{"loc":{"start":{"line":144,"column":12},"end":{"line":144,"column":36}},"type":"binary-expr","locations":[{"start":{"line":144,"column":12},"end":{"line":144,"column":18}},{"start":{"line":144,"column":22},"end":{"line":144,"column":36}}],"line":144},"20":{"loc":{"start":{"line":156,"column":35},"end":{"line":156,"column":64}},"type":"cond-expr","locations":[{"start":{"line":156,"column":51},"end":{"line":156,"column":59}},{"start":{"line":156,"column":62},"end":{"line":156,"column":64}}],"line":156},"21":{"loc":{"start":{"line":163,"column":4},"end":{"line":163,"column":25}},"type":"if","locations":[{"start":{"line":163,"column":4},"end":{"line":163,"column":25}},{"start":{},"end":{}}],"line":163},"22":{"loc":{"start":{"line":176,"column":33},"end":{"line":178,"column":21}},"type":"cond-expr","locations":[{"start":{"line":177,"column":10},"end":{"line":177,"column":51}},{"start":{"line":178,"column":10},"end":{"line":178,"column":21}}],"line":176},"23":{"loc":{"start":{"line":180,"column":6},"end":{"line":182,"column":7}},"type":"if","locations":[{"start":{"line":180,"column":6},"end":{"line":182,"column":7}},{"start":{},"end":{}}],"line":180},"24":{"loc":{"start":{"line":180,"column":10},"end":{"line":180,"column":67}},"type":"binary-expr","locations":[{"start":{"line":180,"column":10},"end":{"line":180,"column":25}},{"start":{"line":180,"column":29},"end":{"line":180,"column":67}}],"line":180},"25":{"loc":{"start":{"line":192,"column":17},"end":{"line":192,"column":36}},"type":"binary-expr","locations":[{"start":{"line":192,"column":17},"end":{"line":192,"column":30}},{"start":{"line":192,"column":34},"end":{"line":192,"column":36}}],"line":192},"26":{"loc":{"start":{"line":193,"column":18},"end":{"line":193,"column":41}},"type":"binary-expr","locations":[{"start":{"line":193,"column":18},"end":{"line":193,"column":36}},{"start":{"line":193,"column":40},"end":{"line":193,"column":41}}],"line":193},"27":{"loc":{"start":{"line":196,"column":6},"end":{"line":198,"column":20}},"type":"if","locations":[{"start":{"line":196,"column":6},"end":{"line":198,"column":20}},{"start":{"line":197,"column":11},"end":{"line":198,"column":20}}],"line":196},"28":{"loc":{"start":{"line":196,"column":10},"end":{"line":196,"column":54}},"type":"binary-expr","locations":[{"start":{"line":196,"column":10},"end":{"line":196,"column":30}},{"start":{"line":196,"column":34},"end":{"line":196,"column":54}}],"line":196},"29":{"loc":{"start":{"line":197,"column":11},"end":{"line":198,"column":20}},"type":"if","locations":[{"start":{"line":197,"column":11},"end":{"line":198,"column":20}},{"start":{"line":198,"column":11},"end":{"line":198,"column":20}}],"line":197},"30":{"loc":{"start":{"line":197,"column":15},"end":{"line":197,"column":60}},"type":"binary-expr","locations":[{"start":{"line":197,"column":15},"end":{"line":197,"column":36}},{"start":{"line":197,"column":40},"end":{"line":197,"column":60}}],"line":197},"31":{"loc":{"start":{"line":210,"column":8},"end":{"line":210,"column":77}},"type":"cond-expr","locations":[{"start":{"line":210,"column":32},"end":{"line":210,"column":73}},{"start":{"line":210,"column":76},"end":{"line":210,"column":77}}],"line":210},"32":{"loc":{"start":{"line":217,"column":4},"end":{"line":217,"column":45}},"type":"if","locations":[{"start":{"line":217,"column":4},"end":{"line":217,"column":45}},{"start":{},"end":{}}],"line":217},"33":{"loc":{"start":{"line":223,"column":26},"end":{"line":223,"column":52}},"type":"binary-expr","locations":[{"start":{"line":223,"column":26},"end":{"line":223,"column":47}},{"start":{"line":223,"column":51},"end":{"line":223,"column":52}}],"line":223},"34":{"loc":{"start":{"line":225,"column":6},"end":{"line":230,"column":7}},"type":"if","locations":[{"start":{"line":225,"column":6},"end":{"line":230,"column":7}},{"start":{},"end":{}}],"line":225},"35":{"loc":{"start":{"line":226,"column":8},"end":{"line":227,"column":60}},"type":"binary-expr","locations":[{"start":{"line":226,"column":8},"end":{"line":226,"column":23}},{"start":{"line":227,"column":8},"end":{"line":227,"column":60}}],"line":226},"36":{"loc":{"start":{"line":227,"column":23},"end":{"line":227,"column":59}},"type":"binary-expr","locations":[{"start":{"line":227,"column":23},"end":{"line":227,"column":54}},{"start":{"line":227,"column":58},"end":{"line":227,"column":59}}],"line":227},"37":{"loc":{"start":{"line":237,"column":14},"end":{"line":237,"column":40}},"type":"binary-expr","locations":[{"start":{"line":237,"column":14},"end":{"line":237,"column":35}},{"start":{"line":237,"column":39},"end":{"line":237,"column":40}}],"line":237},"38":{"loc":{"start":{"line":238,"column":16},"end":{"line":238,"column":44}},"type":"binary-expr","locations":[{"start":{"line":238,"column":16},"end":{"line":238,"column":32}},{"start":{"line":238,"column":36},"end":{"line":238,"column":44}}],"line":238},"39":{"loc":{"start":{"line":248,"column":4},"end":{"line":248,"column":34}},"type":"if","locations":[{"start":{"line":248,"column":4},"end":{"line":248,"column":34}},{"start":{},"end":{}}],"line":248},"40":{"loc":{"start":{"line":252,"column":10},"end":{"line":253,"column":75}},"type":"binary-expr","locations":[{"start":{"line":252,"column":10},"end":{"line":252,"column":72}},{"start":{"line":253,"column":10},"end":{"line":253,"column":75}}],"line":252},"41":{"loc":{"start":{"line":259,"column":14},"end":{"line":259,"column":37}},"type":"binary-expr","locations":[{"start":{"line":259,"column":14},"end":{"line":259,"column":32}},{"start":{"line":259,"column":36},"end":{"line":259,"column":37}}],"line":259},"42":{"loc":{"start":{"line":260,"column":12},"end":{"line":260,"column":33}},"type":"binary-expr","locations":[{"start":{"line":260,"column":12},"end":{"line":260,"column":28}},{"start":{"line":260,"column":32},"end":{"line":260,"column":33}}],"line":260},"43":{"loc":{"start":{"line":261,"column":13},"end":{"line":261,"column":35}},"type":"binary-expr","locations":[{"start":{"line":261,"column":13},"end":{"line":261,"column":30}},{"start":{"line":261,"column":34},"end":{"line":261,"column":35}}],"line":261},"44":{"loc":{"start":{"line":262,"column":14},"end":{"line":262,"column":37}},"type":"binary-expr","locations":[{"start":{"line":262,"column":14},"end":{"line":262,"column":32}},{"start":{"line":262,"column":36},"end":{"line":262,"column":37}}],"line":262},"45":{"loc":{"start":{"line":263,"column":14},"end":{"line":263,"column":37}},"type":"bina
[...]
2":0,"283":0,"284":0,"285":0,"286":0,"287":0,"288":0,"289":0,"290":0,"291":0,"292":0,"293":0,"294":0,"295":0,"296":0,"297":0,"298":0,"299":0,"300":0,"301":0,"302":0,"303":0,"304":0,"305":0,"306":0,"307":0,"308":0,"309":0,"310":0,"311":0,"312":0,"313":0,"314":0,"315":0,"316":0,"317":0,"318":0,"319":0,"320":0,"321":0,"322":0,"323":0,"324":0,"325":0,"326":0,"327":0,"328":0,"329":0,"330":0,"331":0,"332":0,"333":0,"334":0,"335":0,"336":0,"337":0,"338":0,"339":0,"340":0,"341":0,"342":0,"343":0,"344":0,"345":0,"346":0,"347":0,"348":0,"349":0,"350":0,"351":0,"352":0,"353":0,"354":0,"355":0,"356":0,"357":0,"358":0,"359":0,"360":0,"361":0,"362":0,"363":0,"364":0,"365":0,"366":0,"367":0,"368":0,"369":0,"370":0,"371":0,"372":0,"373":0,"374":0,"375":0,"376":0,"377":0,"378":0,"379":0,"380":0,"381":0,"382":0,"383":0,"384":0,"385":0,"386":0,"387":0,"388":0,"389":0,"390":0,"391":0,"392":0,"393":0,"394":0,"395":0,"396":0,"397":0,"398":0,"399":0,"400":0,"401":0,"402":0,"403":0,"404":0,"405":0,"406":0,"407":0,"408":0,"409":0,"410":1,"411":0,"412":0,"413":1,"414":0},"f":{"0":13,"1":26,"2":0,"3":0,"4":0,"5":0,"6":0,"7":0,"8":0,"9":0,"10":0,"11":0,"12":0,"13":0,"14":0,"15":0,"16":0,"17":0,"18":0,"19":0,"20":0,"21":0,"22":0,"23":0,"24":0,"25":0,"26":0,"27":0,"28":0,"29":0},"b":{"0":[13,2],"1":[13,3],"2":[13,6],"3":[13,7],"4":[13,7],"5":[13,6],"6":[10,16],"7":[9,7],"8":[0,0],"9":[0,0],"10":[0,0,0,0],"11":[0,0],"12":[0,0,0,0],"13":[0,0],"14":[0,0,0],"15":[0,0],"16":[0,0],"17":[0,0],"18":[0,0],"19":[0,0],"20":[0,0],"21":[0,0],"22":[0,0],"23":[0,0],"24":[0,0],"25":[0,0],"26":[0,0],"27":[0,0],"28":[0,0],"29":[0,0],"30":[0,0],"31":[0,0,0],"32":[0,0],"33":[0,0],"34":[0,0],"35":[0,0],"36":[0,0],"37":[0,0,0],"38":[0,0],"39":[0,0,0],"40":[0,0],"41":[0,0,0],"42":[0,0],"43":[0,0,0],"44":[0,0],"45":[0,0],"46":[0,0],"47":[0,0],"48":[0,0],"49":[0],"50":[0],"51":[0,0],"52":[0],"53":[0,0],"54":[0,0],"55":[0,0],"56":[0,0],"57":[0,0],"58":[0,0],"59":[0,0],"60":[0,0],"61":[0,0],"62":[0,0],"63":[0,0],"64":[0,0],"65":[0,0],"66":[0,0],"67":[0,0],"68":[0,0],"69":[0,0],"70":[0,0],"71":[0,0],"72":[0,0],"73":[0,0],"74":[0,0],"75":[0,0],"76":[0,0],"77":[0,0],"78":[0,0],"79":[0,0],"80":[0,0],"81":[0,0],"82":[0,0],"83":[0,0],"84":[0,0],"85":[0,0],"86":[0,0,0],"87":[0,0],"88":[0,0],"89":[0,0],"90":[0,0],"91":[0,0],"92":[0,0],"93":[0,0],"94":[0,0],"95":[0,0],"96":[0,0],"97":[0,0],"98":[0,0]},"_coverageSchema":"1a1c01bbd47fc00a2c39e90264f33305004495a9","hash":"52b50a82be536f3ba4e3e8b998e10c2190d23e26"}
,"C:\\Users\\Jerem\\Documents\\Project PLN\\frontend-pln\\src\\utils\\utilityFunctions.js": {"path":"C:\\Users\\Jerem\\Documents\\Project PLN\\frontend-pln\\src\\utils\\utilityFunctions.js","statementMap":{"0":{"start":{"line":4,"column":29},"end":{"line":7,"column":1}},"1":{"start":{"line":5,"column":21},"end":{"line":5,"column":49}},"2":{"start":{"line":6,"column":2},"end":{"line":6,"column":32}},"3":{"start":{"line":10,"column":32},"end":{"line":12,"column":1}},"4":{"start":{"line":11,"column":2},"end":{"line":11,"column":46}},"5":{"start":{"line":14,"column":38},"end":{"line":19,"column":1}},"6":{"start":{"line":17,"column":4},"end":{"line":17,"column":74}},"7":{"start":{"line":18,"column":2},"end":{"line":18,"column":30}},"8":{"start":{"line":22,"column":27},"end":{"line":25,"column":1}},"9":{"start":{"line":23,"column":14},"end":{"line":23,"column":31}},"10":{"start":{"line":24,"column":2},"end":{"line":24,"column":30}},"11":{"start":{"line":27,"column":28},"end":{"line":30,"column":1}},"12":{"start":{"line":28,"column":14},"end":{"line":28,"column":33}},"13":{"start":{"line":29,"column":2},"end":{"line":29,"column":30}},"14":{"start":{"line":33,"column":27},"end":{"line":36,"column":1}},"15":{"start":{"line":34,"column":15},"end":{"line":34,"column":35}},"16":{"start":{"line":35,"column":2},"end":{"line":35,"column":46}},"17":{"start":{"line":38,"column":26},"end":{"line":40,"column":1}},"18":{"start":{"line":39,"column":2},"end":{"line":39,"column":52}},"19":{"start":{"line":43,"column":32},"end":{"line":45,"column":1}},"20":{"start":{"line":44,"column":2},"end":{"line":44,"column":73}},"21":{"start":{"line":47,"column":32},"end":{"line":49,"column":1}},"22":{"start":{"line":48,"column":2},"end":{"line":48,"column":42}},"23":{"start":{"line":52,"column":32},"end":{"line":55,"column":1}},"24":{"start":{"line":53,"column":14},"end":{"line":53,"column":31}},"25":{"start":{"line":54,"column":2},"end":{"line":54,"column":49}},"26":{"start":{"line":57,"column":29},"end":{"line":61,"column":1}},"27":{"start":{"line":58,"column":14},"end":{"line":58,"column":31}},"28":{"start":{"line":59,"column":2},"end":{"line":59,"column":27}},"29":{"start":{"line":59,"column":18},"end":{"line":59,"column":27}},"30":{"start":{"line":60,"column":2},"end":{"line":60,"column":43}},"31":{"start":{"line":64,"column":29},"end":{"line":71,"column":1}},"32":{"start":{"line":65,"column":20},"end":{"line":69,"column":3}},"33":{"start":{"line":70,"column":2},"end":{"line":70,"column":38}},"34":{"start":{"line":73,"column":30},"end":{"line":80,"column":1}},"35":{"start":{"line":74,"column":19},"end":{"line":78,"column":3}},"36":{"start":{"line":79,"column":2},"end":{"line":79,"column":37}},"37":{"start":{"line":83,"column":30},"end":{"line":90,"column":1}},"38":{"start":{"line":84,"column":2},"end":{"line":89,"column":5}},"39":{"start":{"line":85,"column":17},"end":{"line":85,"column":24}},"40":{"start":{"line":86,"column":17},"end":{"line":86,"column":24}},"41":{"start":{"line":87,"column":23},"end":{"line":87,"column":43}},"42":{"start":{"line":88,"column":4},"end":{"line":88,"column":48}},"43":{"start":{"line":92,"column":28},"end":{"line":94,"column":1}},"44":{"start":{"line":93,"column":2},"end":{"line":93,"column":52}},"45":{"start":{"line":93,"column":32},"end":{"line":93,"column":50}},"46":{"start":{"line":96,"column":27},"end":{"line":104,"column":1}},"47":{"start":{"line":97,"column":2},"end":{"line":103,"column":9}},"48":{"start":{"line":98,"column":4},"end":{"line":100,"column":5}},"49":{"start":{"line":99,"column":6},"end":{"line":99,"column":26}},"50":{"start":{"line":101,"column":4},"end":{"line":101,"column":30}},"51":{"start":{"line":102,"column":4},"end":{"line":102,"column":15}},"52":{"start":{"line":107,"column":28},"end":{"line":109,"column":1}},"53":{"start":{"line":108,"column":2},"end":{"line":108,"column":30}},"54":{"start":{"line":111,"column":30},"end":{"line":118,"column":1}},"55":{"start":{"line":112,"column":2},"end":{"line":117,"column":9}},"56":{"start":{"line":113,"column":4},"end":{"line":115,"column":5}},"57":{"start":{"line":114,"column":6},"end":{"line":114,"column":26}},"58":{"start":{"line":116,"column":4},"end":{"line":116,"column":15}},"59":{"start":{"line":120,"column":32},"end":{"line":122,"column":1}},"60":{"start":{"line":121,"column":2},"end":{"line":121,"column":41}},"61":{"start":{"line":121,"column":29},"end":{"line":121,"column":39}},"62":{"start":{"line":125,"column":32},"end":{"line":127,"column":1}},"63":{"start":{"line":126,"column":2},"end":{"line":126,"column":52}},"64":{"start":{"line":129,"column":30},"end":{"line":131,"column":1}},"65":{"start":{"line":130,"column":2},"end":{"line":130,"column":76}},"66":{"start":{"line":133,"column":26},"end":{"line":142,"column":1}},"67":{"start":{"line":134,"column":14},"end":{"line":140,"column":3}},"68":{"start":{"line":141,"column":2},"end":{"line":141,"column":48}},"69":{"start":{"line":141,"column":40},"end":{"line":141,"column":46}},"70":{"start":{"line":145,"column":27},"end":{"line":152,"column":1}},"71":{"start":{"line":146,"column":2},"end":{"line":151,"column":3}},"72":{"start":{"line":147,"column":4},"end":{"line":147,"column":16}},"73":{"start":{"line":149,"column":4},"end":{"line":149,"column":25}},"74":{"start":{"line":150,"column":4},"end":{"line":150,"column":24}},"75":{"start":{"line":154,"column":29},"end":{"line":165,"column":1}},"76":{"start":{"line":155,"column":2},"end":{"line":157,"column":3}},"77":{"start":{"line":156,"column":4},"end":{"line":156,"column":41}},"78":{"start":{"line":158,"column":2},"end":{"line":160,"column":3}},"79":{"start":{"line":159,"column":4},"end":{"line":159,"column":46}},"80":{"start":{"line":161,"column":2},"end":{"line":163,"column":3}},"81":{"start":{"line":162,"column":4},"end":{"line":162,"column":45}},"82":{"start":{"line":164,"column":2},"end":{"line":164,"column":14}}},"fnMap":{"0":{"name":"(anonymous_0)","decl":{"start":{"line":4,"column":29},"end":{"line":4,"column":30}},"loc":{"start":{"line":4,"column":40},"end":{"line":7,"column":1}},"line":4},"1":{"name":"(anonymous_1)","decl":{"start":{"line":10,"column":32},"end":{"line":10,"column":33}},"loc":{"start":{"line":10,"column":46},"end":{"line":12,"column":1}},"line":10},"2":{"name":"(anonymous_2)","decl":{"start":{"line":14,"column":38},"end":{"line":14,"column":39}},"loc":{"start":{"line":14,"column":52},"end":{"line":19,"column":1}},"line":14},"3":{"name":"(anonymous_3)","decl":{"start":{"line":22,"column":27},"end":{"line":22,"column":28}},"loc":{"start":{"line":22,"column":38},"end":{"line":25,"column":1}},"line":22},"4":{"name":"(anonymous_4)","decl":{"start":{"line":27,"column":28},"end":{"line":27,"column":29}},"loc":{"start":{"line":27,"column":39},"end":{"line":30,"column":1}},"line":27},"5":{"name":"(anonymous_5)","decl":{"start":{"line":33,"column":27},"end":{"line":33,"column":28}},"loc":{"start":{"line":33,"column":43},"end":{"line":36,"column":1}},"line":33},"6":{"name":"(anonymous_6)","decl":{"start":{"line":38,"column":26},"end":{"line":38,"column":27}},"loc":{"start":{"line":38,"column":36},"end":{"line":40,"column":1}},"line":38},"7":{"name":"(anonymous_7)","decl":{"start":{"line":43,"column":32},"end":{"line":43,"column":33}},"loc":{"start":{"line":43,"column":42},"end":{"line":45,"column":1}},"line":43},"8":{"name":"(anonymous_8)","decl":{"start":{"line":47,"column":32},"end":{"line":47,"column":33}},"loc":{"start":{"line":47,"column":42},"end":{"line":49,"column":1}},"line":47},"9":{"name":"(anonymous_9)","decl":{"start":{"line":52,"column":32},"end":{"line":52,"column":33}},"loc":{"start":{"line":52,"column":65},"end":{"line":55,"column":1}},"line":52},"10":{"name":"(anonymous_10)","decl":{"start":{"line":57,"column":29},"end":{"line":57,"column":30}},"loc":{"start":{"line":57,"column":62},"end":{"line":61,"column":1}},"line":57},"11":{"name":"(anonymous_11)","decl":{"start":{"line":64,"column":29},"end":{"line":64,"column":30}},"loc":{"start":{"line":64,"column":39},"end":{"line":71,"column":1}},"line":64},"12":{"name":"(anonymous_12)","decl":{"start":{"line":73,"column":30},"end":{"line":73,"column":31}},"loc":{"start":{"line":73,"column":40},"end":{"line":80,"column":1}},"line":73},"13":{"name":"(anonymous_13)","decl":{"start":{"line":83,"column":30},"end":{"line":83,"column":31}},"loc":{"start":{"line":83,"column":63},"end":{"line":90,"column":1}},"line":83},"14":{"name":"(anonymous_14)","decl":{"start":{"line":84,"column":23},"end":{"line":84,"column":24}},"loc":{"start":{"line":84,"column":33},"end":{"line":89,"column":3}},"line":84},"15":{"name":"(anonymous_15)","decl":{"start":{"line":92,"column":28},"end":{"line":92,"column":29}},"loc":{"start":{"line":92,"column":45},"end":{"line":94,"column":1}},"line":92},"16":{"name":"(anonymous_16)","decl":{"start":{"line":93,"column":22},"end":{"line":93,"column":23}},"loc":{"start":{"line":93,"column":32},"end":{"line":93,"column":50}},"line":93},"17":{"name":"(anonymous_17)","decl":{"start":{"line":96,"column":27},"end":{"line":96,"column":28}},"loc":{"start":{"line":96,"column":38},"end":{"line":104,"column":1}},"line":96},"18":{"name":"(anonymous_18)","decl":{"start":{"line":97,"column":22},"end":{"line":97,"column":23}},"loc":{"start":{"line":97,"column":37},"end":{"line":103,"column":3}},"line":97},"19":{"name":"(anonymous_19)","decl":{"start":{"line":107,"column":28},"end":{"line":107,"column":29}},"loc":{"start":{"line":107,"column":44},"end":{"line":109,"column":1}},"line":107},"20":{"name":"(anonymous_20)","decl":{"start":{"line":111,"column":30},"end":{"line":111,"column":31}},"loc":{"start":{"line":111,"column":45},"end":{"line":118,"column":1}},"line":111},"21":{"name":"(anonymous_21)","decl":{"start":{"line":112,"column":21},"end":{"line":112,"column":22}},"loc":{"start":{"line":112,"column":35},"end":{"line":117,"column":3}},"line":112},"22":{"name":"(anonymous_22)","decl":{"start":{"line":120,"column":32},"end":{"line":120,"column":33}},"loc":{"start":{"line":120,"column":47},"end":{"line":122,"column":1}},"line":120},"23":{"name":"(anonymous_23)","decl":{"start":{"line":121,"column":20},"end":{"line":121,"column":21}},"loc":{"start":{"line":121,"column":29},"end":{"line":121,"column":39}},"line":121},"24":{"name":"(anonymous_24)","decl":{"start":{"line":125,"column":32},"end":{"line":125,"column":33}},"loc":{"start":{"line":125,"column":41},"end":{"line":127,"column":1}},"line":125},"25":{"name":"(anonymous_25)","decl":{"start":{"line":129,"column":30},"end":{"line":129,"column":31}},"loc":{"start":{"line":129,"column":50},"end":{"line":131,"column":1}},"line":129},"26":{"name":"(anonymous_26)","decl":{"start":{"line":133,"column":26},"end":{"line":133,"column":27}},"loc":{"start":{"line":133,"column":35},"end":{"line":142,"column":1}},"line":133},"27":{"name":"(anonymous_27)","decl":{"start":{"line":141,"column":33},"end":{"line":141,"column":34}},"loc":{"start":{"line":141,"column":40},"end":{"line":141,"column":46}},"line":141},"28":{"name":"(anonymous_28)","decl":{"start":{"line":145,"column":27},"end":{"line":145,"column":28}},"loc":{"start":{"line":145,"column":49},"end":{"line":152,"column":1}},"line":145},"29":{"name":"(anonymous_29)","decl":{"start":{"line":154,"column":29},"end":{"line":154,"column":30}},"loc":{"start":{"line":154,"column":40},"end":{"line":165,"column":1}},"line":154}},"branchMap":{"0":{"loc":{"start":{"line":11,"column":12},"end":{"line":11,"column":44}},"type":"binary-expr","locations":[{"start":{"line":11,"column":12},"end":{"line":11,"column":20}},{"start":{"line":11,"column":24},"end":{"line":11,"column":44}}],"line":11},"1":{"loc":{"start":{"line":24,"column":9},"end":{"line":24,"column":29}},"type":"cond-expr","locations":[{"start":{"line":24,"column":22},"end":{"line":24,"column":23}},{"start":{"line":24,"column":26},"end":{"line":24,"column":29}}],"line":24},"2":{"loc":{"start":{"line":29,"column":9},"end":{"line":29,"column":29}},"type":"cond-expr","locations":[{"start":{"line":29,"column":22},"end":{"line":29,"column":23}},{"start":{"line":29,"column":26},"end":{"line":29,"column":29}}],"line":29},"3":{"loc":{"start":{"line":35,"column":9},"end":{"line":35,"column":45}},"type":"binary-expr","locations":[{"start":{"line":35,"column":9},"end":{"line":35,"column":29}},{"start":{"line":35,"column":33},"end":{"line":35,"column":45}}],"line":35},"4":{"loc":{"start":{"line":44,"column":12},"end":{"line":44,"column":71}},"type":"binary-expr","locations":[{"start":{"line":44,"column":12},"end":{"line":44,"column":16}},{"start":{"line":44,"column":20},"end":{"line":44,"column":42}},{"start":{"line":44,"column":46},"end":{"line":44,"column":71}}],"line":44},"5":{"loc":{"start":{"line":52,"column":40},"end":{"line":52,"column":47}},"type":"default-arg","locations":[{"start":{"line":52,"column":46},"end":{"line":52,"column":47}}],"line":52},"6":{"loc":{"start":{"line":52,"column":49},"end":{"line":52,"column":60}},"type":"default-arg","locations":[{"start":{"line":52,"column":55},"end":{"line":52,"column":60}}],"line":52},"7":{"loc":{"start":{"line":54,"column":9},"end":{"line":54,"column":48}},"type":"binary-expr","locations":[{"start":{"line":54,"column":9},"end":{"line":54,"column":20}},{"start":{"line":54,"column":24},"end":{"line":54,"column":34}},{"start":{"line":54,"column":38},"end":{"line":54,"column":48}}],"line":54},"8":{"loc":{"start":{"line":57,"column":37},"end":{"line":57,"column":44}},"type":"default-arg","locations":[{"start":{"line":57,"column":43},"end":{"line":57,"column":44}}],"line":57},"9":{"loc":{"start":{"line":57,"column":46},"end":{"line":57,"column":57}},"type":"default-arg","locations":[{"start":{"line":57,"column":52},"end":{"line":57,"column":57}}],"line":57},"10":{"loc":{"start":{"line":59,"column":2},"end":{"line":59,"column":27}},"type":"if","locations":[{"start":{"line":59,"column":2},"end":{"line":59,"column":27}},{"start":{},"end":{}}],"line":59},"11":{"loc":{"start":{"line":70,"column":9},"end":{"line":70,"column":37}},"type":"binary-expr","locations":[{"start":{"line":70,"column":9},"end":{"line":70,"column":24}},{"start":{"line":70,"column":28},"end":{"line":70,"column":37}}],"line":70},"12":{"loc":{"start":{"line":79,"column":9},"end":{"line":79,"column":36}},"type":"binary-expr","locations":[{"start":{"line":79,"column":9},"end":{"line":79,"column":23}},{"start":{"line":79,"column":27},"end":{"line":79,"column":36}}],"line":79},"13":{"loc":{"start":{"line":83,"column":42},"end":{"line":83,"column":58}},"type":"default-arg","locations":[{"start":{"line":83,"column":54},"end":{"line":83,"column":58}}],"line":83},"14":{"loc":{"start":{"line":87,"column":23},"end":{"line":87,"column":43}},"type":"cond-expr","locations":[{"start":{"line":87,"column":37},"end":{"line":87,"column":38}},{"start":{"line":87,"column":41},"end":{"line":87,"column":43}}],"line":87},"15":{"loc":{"start":{"line":88,"column":11},"end":{"line":88,"column":47}},"type":"cond-expr","locations":[{"start":{"line":88,"column":23},"end":{"line":88,"column":33}},{"start":{"line":88,"column":36},"end":{"line":88,"column":47}}],"line":88},"16":{"loc":{"start":{"line":98,"column":4},"end":{"line":100,"column":5}},"type":"if","locations":[{"start":{"line":98,"column":4},"end":{"line":100,"column":5}},{"start":{},"end":{}}],"line":98},"17":{"loc":{"start":{"line":113,"column":4},"end":{"line":115,"column":5}},"type":"if","locations":[{"start":{"line":113,"column":4},"end":{"line":115,"column":5}},{"start":{},"end":{}}],"line":113},"18":{"loc":{"start":{"line":130,"column":9},"end":{"line":130,"column":75}},"type":"cond-expr","locations":[{"start":{"line":130,"column":34},"end":{"line":130,"column":69}},{"start":{"line":130,"column":72},"end":{"line":130,"column":75}}],"line":130},"19":{"loc":{"start":{"line":155,"column":2},"end":{"line":157,"column":3}},"type":"if","locations":[{"start":{"line":155,"column":2},"end":{"line":157,"column":3}},{"start":{},"end":{}}],"line":155},"20":{"loc":{"start":{"line":158,"column":2},"end":{"line":160,"column":3}},"type":"if","locations":[{"start":{"line":158,"column":2},"end":{"line":160,"column":3}},{"start":{},"end":{}}],"line":158},"21":{"loc":{"start":{"line":161,"column":2},"end":{"line":163,"column":3}},"type":"if","locations":[{"start":{"line":161,"column":2},"end":{"line":163,"column":3}},{"start":{},"end":{}}],"line":161}},"s":{"0":1,"1":8,"2":8,"3":1,"4":6,"5":1,"6":6,"7":6,"8":1,"9":9,"10":9,"11":1,"12":3,"13":3,"14":1,"15":7,"16":7,"17":1,"18":1,"19":1,"20":7,"21":1,"22":2,"23":1,"24":10,"25":10,"26":1,"27":3,"28":3,"29":0,"30":3,"31":1,"32":5,"33":5,"34":1,"35":4,"36":4,"37":1,"38":3,"39":4,"40":4,"41":4,"42":4,"43":1,"44":2,"45":3,"46":1,"47":2,"48":3,"49":2,"50":3,"51":3,"52":1,"53":1,"54":1,"55":2,"56":4,"57":3,"58":4,"59":1,"60":2,"61":4,"62":1,"63":2,"64":1,"65":2,"66":1,"67":3,"68":3,"69":5,"70":1,"71":2,"72":2,"73":1,"74":1,"75":1,"76":4,"77":1,"78":3,"79":1,"80":2,"81":1,"82":1},"f":{"0":8,"1":6,"2":6,"3":9,"4":3,"5":7,"6":1,"7":7,"8":2,"9":10,"10":3,"11":5,"12":4,"13":3,"14":4,"15":2,"16":3,"17":2,"18":3,"19":1,"20":2,"21":4,"22":2,"23":4,"24":2,"25":2,"26":3,"27":5,"28":2,"29":4},"b":{"0":[6,4],"1":[3,6],"2":[1,2],"3":[7,7],"4":[7,6,5],"5":[7],"6":[7],"7":[10,10,8],"8":[3],"9":[3],"10":[0,3],"11":[5,2],"12":[4,1],"13":[2],"14":[4,0],"15":[2,2],"16":[2,1],"17":[3,1],"18":[1,1],"19":[1,3],"20":[1,2],"21":[1,1]},"_coverageSchema":"1a1c01bbd47fc00a2c39e90264f33305004495a9","hash":"eabe81b0483d3403e35698ed49a75561c7db1de4"}
}
