TN:
SF:src\App.jsx
FN:34,(anonymous_0)
FN:35,(anonymous_1)
FN:36,(anonymous_2)
FN:37,(anonymous_3)
FN:38,(anonymous_4)
FN:39,(anonymous_5)
FN:40,(anonymous_6)
FN:41,(anonymous_7)
FN:43,(anonymous_8)
FN:46,(anonymous_9)
FN:51,Home
FN:64,(anonymous_11)
FN:68,(anonymous_12)
FN:76,(anonymous_13)
FN:80,(anonymous_14)
FN:119,(anonymous_15)
FN:120,(anonymous_16)
FN:134,(anonymous_17)
FN:155,(anonymous_18)
FN:157,(anonymous_19)
FN:174,(anonymous_20)
FN:180,(anonymous_21)
FN:184,(anonymous_22)
FN:190,(anonymous_23)
FN:198,(anonymous_24)
FN:216,(anonymous_25)
FN:220,(anonymous_26)
FN:227,(anonymous_27)
FN:230,(anonymous_28)
FN:235,(anonymous_29)
FN:238,(anonymous_30)
FN:254,(anonymous_31)
FN:261,(anonymous_32)
FN:262,(anonymous_33)
FN:277,(anonymous_34)
FN:278,(anonymous_35)
FN:286,(anonymous_36)
FN:291,(anonymous_37)
FN:302,(anonymous_38)
FN:311,(anonymous_39)
FN:360,(anonymous_40)
FN:397,(anonymous_41)
FN:403,(anonymous_42)
FN:408,(anonymous_43)
FN:409,(anonymous_44)
FN:433,(anonymous_45)
FN:458,(anonymous_46)
FN:476,(anonymous_47)
FN:485,(anonymous_48)
FN:511,(anonymous_49)
FN:523,(anonymous_50)
FN:532,(anonymous_51)
FN:539,(anonymous_52)
FN:546,(anonymous_53)
FN:553,(anonymous_54)
FN:560,(anonymous_55)
FN:572,(anonymous_56)
FN:579,(anonymous_57)
FN:586,(anonymous_58)
FN:595,(anonymous_59)
FN:658,(anonymous_60)
FN:696,(anonymous_61)
FNF:62
FNH:0
FNDA:0,(anonymous_0)
FNDA:0,(anonymous_1)
FNDA:0,(anonymous_2)
FNDA:0,(anonymous_3)
FNDA:0,(anonymous_4)
FNDA:0,(anonymous_5)
FNDA:0,(anonymous_6)
FNDA:0,(anonymous_7)
FNDA:0,(anonymous_8)
FNDA:0,(anonymous_9)
FNDA:0,Home
FNDA:0,(anonymous_11)
FNDA:0,(anonymous_12)
FNDA:0,(anonymous_13)
FNDA:0,(anonymous_14)
FNDA:0,(anonymous_15)
FNDA:0,(anonymous_16)
FNDA:0,(anonymous_17)
FNDA:0,(anonymous_18)
FNDA:0,(anonymous_19)
FNDA:0,(anonymous_20)
FNDA:0,(anonymous_21)
FNDA:0,(anonymous_22)
FNDA:0,(anonymous_23)
FNDA:0,(anonymous_24)
FNDA:0,(anonymous_25)
FNDA:0,(anonymous_26)
FNDA:0,(anonymous_27)
FNDA:0,(anonymous_28)
FNDA:0,(anonymous_29)
FNDA:0,(anonymous_30)
FNDA:0,(anonymous_31)
FNDA:0,(anonymous_32)
FNDA:0,(anonymous_33)
FNDA:0,(anonymous_34)
FNDA:0,(anonymous_35)
FNDA:0,(anonymous_36)
FNDA:0,(anonymous_37)
FNDA:0,(anonymous_38)
FNDA:0,(anonymous_39)
FNDA:0,(anonymous_40)
FNDA:0,(anonymous_41)
FNDA:0,(anonymous_42)
FNDA:0,(anonymous_43)
FNDA:0,(anonymous_44)
FNDA:0,(anonymous_45)
FNDA:0,(anonymous_46)
FNDA:0,(anonymous_47)
FNDA:0,(anonymous_48)
FNDA:0,(anonymous_49)
FNDA:0,(anonymous_50)
FNDA:0,(anonymous_51)
FNDA:0,(anonymous_52)
FNDA:0,(anonymous_53)
FNDA:0,(anonymous_54)
FNDA:0,(anonymous_55)
FNDA:0,(anonymous_56)
FNDA:0,(anonymous_57)
FNDA:0,(anonymous_58)
FNDA:0,(anonymous_59)
FNDA:0,(anonymous_60)
FNDA:0,(anonymous_61)
DA:34,0
DA:35,0
DA:36,0
DA:37,0
DA:38,0
DA:39,0
DA:40,0
DA:41,0
DA:42,0
DA:43,0
DA:45,0
DA:46,0
DA:49,0
DA:52,0
DA:53,0
DA:54,0
DA:55,0
DA:56,0
DA:57,0
DA:58,0
DA:59,0
DA:62,0
DA:64,0
DA:65,0
DA:66,0
DA:68,0
DA:69,0
DA:70,0
DA:72,0
DA:73,0
DA:74,0
DA:76,0
DA:77,0
DA:80,0
DA:81,0
DA:85,0
DA:86,0
DA:88,0
DA:92,0
DA:113,0
DA:114,0
DA:115,0
DA:116,0
DA:119,0
DA:120,0
DA:121,0
DA:122,0
DA:123,0
DA:124,0
DA:125,0
DA:127,0
DA:130,0
DA:134,0
DA:135,0
DA:136,0
DA:142,0
DA:143,0
DA:144,0
DA:146,0
DA:147,0
DA:150,0
DA:151,0
DA:155,0
DA:156,0
DA:157,0
DA:158,0
DA:159,0
DA:160,0
DA:161,0
DA:163,0
DA:164,0
DA:165,0
DA:168,0
DA:170,0
DA:174,0
DA:175,0
DA:180,0
DA:181,0
DA:184,0
DA:185,0
DA:186,0
DA:190,0
DA:191,0
DA:192,0
DA:193,0
DA:198,0
DA:199,0
DA:200,0
DA:201,0
DA:206,0
DA:207,0
DA:208,0
DA:210,0
DA:212,0
DA:216,0
DA:217,0
DA:220,0
DA:221,0
DA:222,0
DA:227,0
DA:230,0
DA:231,0
DA:235,0
DA:236,0
DA:237,0
DA:238,0
DA:239,0
DA:240,0
DA:241,0
DA:243,0
DA:245,0
DA:246,0
DA:247,0
DA:248,0
DA:249,0
DA:250,0
DA:251,0
DA:254,0
DA:255,0
DA:256,0
DA:257,0
DA:261,0
DA:262,0
DA:263,0
DA:264,0
DA:265,0
DA:266,0
DA:267,0
DA:268,0
DA:270,0
DA:272,0
DA:273,0
DA:277,0
DA:278,0
DA:279,0
DA:280,0
DA:286,0
DA:287,0
DA:288,0
DA:289,0
DA:290,0
DA:292,0
DA:293,0
DA:296,0
DA:299,0
DA:302,0
DA:303,0
DA:304,0
DA:305,0
DA:306,0
DA:308,0
DA:309,0
DA:310,0
DA:311,0
DA:312,0
DA:313,0
DA:315,0
DA:316,0
DA:322,0
DA:323,0
DA:324,0
DA:325,0
DA:330,0
DA:331,0
DA:332,0
DA:334,0
DA:335,0
DA:337,0
DA:349,0
DA:350,0
DA:351,0
DA:352,0
DA:354,0
DA:356,0
DA:360,0
DA:361,0
DA:362,0
DA:363,0
DA:366,0
DA:368,0
DA:369,0
DA:392,0
DA:393,0
DA:397,0
DA:403,0
DA:408,0
DA:409,0
DA:416,0
DA:433,0
DA:458,0
DA:476,0
DA:485,0
DA:511,0
DA:523,0
DA:532,0
DA:539,0
DA:546,0
DA:553,0
DA:560,0
DA:572,0
DA:579,0
DA:586,0
DA:595,0
DA:659,0
DA:696,0
DA:697,0
LF:206
LH:0
BRDA:66,0,0,0
BRDA:66,0,1,0
BRDA:70,1,0,0
BRDA:70,1,1,0
BRDA:85,2,0,0
BRDA:85,2,1,0
BRDA:123,3,0,0
BRDA:123,3,1,0
BRDA:125,4,0,0
BRDA:125,4,1,0
BRDA:125,5,0,0
BRDA:125,5,1,0
BRDA:142,6,0,0
BRDA:142,6,1,0
BRDA:159,7,0,0
BRDA:159,7,1,0
BRDA:170,8,0,0
BRDA:170,8,1,0
BRDA:185,9,0,0
BRDA:185,9,1,0
BRDA:185,10,0,0
BRDA:185,10,1,0
BRDA:207,11,0,0
BRDA:207,11,1,0
BRDA:208,12,0,0
BRDA:208,12,1,0
BRDA:217,13,0,0
BRDA:217,13,1,0
BRDA:221,14,0,0
BRDA:221,14,1,0
BRDA:255,15,0,0
BRDA:255,15,1,0
BRDA:265,16,0,0
BRDA:265,16,1,0
BRDA:282,17,0,0
BRDA:282,17,1,0
BRDA:282,18,0,0
BRDA:282,18,1,0
BRDA:287,19,0,0
BRDA:287,19,1,0
BRDA:289,20,0,0
BRDA:289,20,1,0
BRDA:290,21,0,0
BRDA:290,21,1,0
BRDA:292,22,0,0
BRDA:292,22,1,0
BRDA:299,23,0,0
BRDA:299,23,1,0
BRDA:304,24,0,0
BRDA:304,24,1,0
BRDA:305,25,0,0
BRDA:305,25,1,0
BRDA:305,26,0,0
BRDA:305,26,1,0
BRDA:308,27,0,0
BRDA:308,27,1,0
BRDA:308,28,0,0
BRDA:308,28,1,0
BRDA:309,29,0,0
BRDA:309,29,1,0
BRDA:310,30,0,0
BRDA:310,30,1,0
BRDA:312,31,0,0
BRDA:312,31,1,0
BRDA:313,32,0,0
BRDA:313,32,1,0
BRDA:315,33,0,0
BRDA:315,33,1,0
BRDA:315,34,0,0
BRDA:315,34,1,0
BRDA:330,35,0,0
BRDA:330,35,1,0
BRDA:335,36,0,0
BRDA:335,36,1,0
BRDA:339,37,0,0
BRDA:339,37,1,0
BRDA:340,38,0,0
BRDA:340,38,1,0
BRDA:341,39,0,0
BRDA:341,39,1,0
BRDA:342,40,0,0
BRDA:342,40,1,0
BRDA:342,40,2,0
BRDA:350,41,0,0
BRDA:350,41,1,0
BRDA:360,42,0,0
BRDA:363,43,0,0
BRDA:363,43,1,0
BRDA:366,44,0,0
BRDA:366,44,1,0
BRDA:368,45,0,0
BRDA:368,45,1,0
BRDA:371,46,0,0
BRDA:371,46,1,0
BRDA:379,47,0,0
BRDA:379,47,1,0
BRDA:384,48,0,0
BRDA:384,48,1,0
BRDA:392,49,0,0
BRDA:392,49,1,0
BRDA:393,50,0,0
BRDA:393,50,1,0
BRDA:418,51,0,0
BRDA:418,51,1,0
BRDA:421,52,0,0
BRDA:421,52,1,0
BRDA:424,53,0,0
BRDA:424,53,1,0
BRDA:427,54,0,0
BRDA:427,54,1,0
BRDA:449,55,0,0
BRDA:449,55,1,0
BRDA:452,56,0,0
BRDA:452,56,1,0
BRDA:481,57,0,0
BRDA:481,57,1,0
BRDA:499,58,0,0
BRDA:499,58,1,0
BRDA:504,59,0,0
BRDA:504,59,1,0
BRDA:510,60,0,0
BRDA:510,60,1,0
BRDA:515,61,0,0
BRDA:515,61,1,0
BRDA:515,62,0,0
BRDA:515,62,1,0
BRDA:519,63,0,0
BRDA:519,63,1,0
BRDA:563,64,0,0
BRDA:563,64,1,0
BRDA:605,65,0,0
BRDA:605,65,1,0
BRDA:609,66,0,0
BRDA:609,66,1,0
BRDA:620,67,0,0
BRDA:620,67,1,0
BRDA:636,68,0,0
BRDA:636,68,1,0
BRDA:647,69,0,0
BRDA:647,69,1,0
BRDA:665,70,0,0
BRDA:665,70,1,0
BRDA:670,71,0,0
BRDA:670,71,1,0
BRDA:670,71,2,0
BRDA:675,72,0,0
BRDA:675,72,1,0
BRDA:675,72,2,0
BRDA:680,73,0,0
BRDA:680,73,1,0
BRDA:680,73,2,0
BRDA:699,74,0,0
BRDA:699,74,1,0
BRDA:699,75,0,0
BRDA:699,75,1,0
BRF:155
BRH:0
end_of_record
TN:
SF:src\components\DashboardPage.jsx
FN:37,(anonymous_0)
FN:73,(anonymous_1)
FN:85,(anonymous_2)
FN:97,(anonymous_3)
FN:103,(anonymous_4)
FN:104,(anonymous_5)
FN:108,(anonymous_6)
FN:112,(anonymous_7)
FN:114,(anonymous_8)
FN:137,(anonymous_9)
FN:138,(anonymous_10)
FN:155,(anonymous_11)
FN:157,(anonymous_12)
FN:162,(anonymous_13)
FN:168,(anonymous_14)
FN:172,(anonymous_15)
FN:191,(anonymous_16)
FN:216,(anonymous_17)
FN:220,(anonymous_18)
FN:234,(anonymous_19)
FN:242,(anonymous_20)
FN:247,(anonymous_21)
FN:251,(anonymous_22)
FN:255,(anonymous_23)
FN:268,(anonymous_24)
FN:272,(anonymous_25)
FN:278,(anonymous_26)
FN:283,(anonymous_27)
FN:294,(anonymous_28)
FN:298,(anonymous_29)
FN:317,(anonymous_30)
FN:320,(anonymous_31)
FN:320,(anonymous_32)
FN:321,(anonymous_33)
FN:321,(anonymous_34)
FN:451,(anonymous_35)
FN:495,(anonymous_36)
FN:498,(anonymous_37)
FN:598,(anonymous_38)
FN:643,(anonymous_39)
FN:646,(anonymous_40)
FN:734,(anonymous_41)
FN:742,(anonymous_42)
FN:745,(anonymous_43)
FN:773,(anonymous_44)
FNF:45
FNH:0
FNDA:0,(anonymous_0)
FNDA:0,(anonymous_1)
FNDA:0,(anonymous_2)
FNDA:0,(anonymous_3)
FNDA:0,(anonymous_4)
FNDA:0,(anonymous_5)
FNDA:0,(anonymous_6)
FNDA:0,(anonymous_7)
FNDA:0,(anonymous_8)
FNDA:0,(anonymous_9)
FNDA:0,(anonymous_10)
FNDA:0,(anonymous_11)
FNDA:0,(anonymous_12)
FNDA:0,(anonymous_13)
FNDA:0,(anonymous_14)
FNDA:0,(anonymous_15)
FNDA:0,(anonymous_16)
FNDA:0,(anonymous_17)
FNDA:0,(anonymous_18)
FNDA:0,(anonymous_19)
FNDA:0,(anonymous_20)
FNDA:0,(anonymous_21)
FNDA:0,(anonymous_22)
FNDA:0,(anonymous_23)
FNDA:0,(anonymous_24)
FNDA:0,(anonymous_25)
FNDA:0,(anonymous_26)
FNDA:0,(anonymous_27)
FNDA:0,(anonymous_28)
FNDA:0,(anonymous_29)
FNDA:0,(anonymous_30)
FNDA:0,(anonymous_31)
FNDA:0,(anonymous_32)
FNDA:0,(anonymous_33)
FNDA:0,(anonymous_34)
FNDA:0,(anonymous_35)
FNDA:0,(anonymous_36)
FNDA:0,(anonymous_37)
FNDA:0,(anonymous_38)
FNDA:0,(anonymous_39)
FNDA:0,(anonymous_40)
FNDA:0,(anonymous_41)
FNDA:0,(anonymous_42)
FNDA:0,(anonymous_43)
FNDA:0,(anonymous_44)
DA:37,0
DA:38,0
DA:39,0
DA:41,0
DA:42,0
DA:43,0
DA:44,0
DA:47,0
DA:56,0
DA:67,0
DA:73,0
DA:74,0
DA:75,0
DA:76,0
DA:85,0
DA:92,0
DA:93,0
DA:94,0
DA:96,0
DA:98,0
DA:99,0
DA:103,0
DA:104,0
DA:108,0
DA:109,0
DA:110,0
DA:112,0
DA:113,0
DA:114,0
DA:115,0
DA:116,0
DA:119,0
DA:121,0
DA:130,0
DA:133,0
DA:137,0
DA:138,0
DA:139,0
DA:141,0
DA:144,0
DA:145,0
DA:148,0
DA:151,0
DA:155,0
DA:156,0
DA:157,0
DA:158,0
DA:162,0
DA:163,0
DA:164,0
DA:168,0
DA:169,0
DA:172,0
DA:173,0
DA:174,0
DA:175,0
DA:176,0
DA:180,0
DA:181,0
DA:185,0
DA:186,0
DA:187,0
DA:188,0
DA:189,0
DA:191,0
DA:192,0
DA:193,0
DA:194,0
DA:196,0
DA:197,0
DA:198,0
DA:201,0
DA:203,0
DA:216,0
DA:217,0
DA:219,0
DA:220,0
DA:221,0
DA:222,0
DA:223,0
DA:225,0
DA:229,0
DA:233,0
DA:234,0
DA:242,0
DA:247,0
DA:248,0
DA:249,0
DA:252,0
DA:255,0
DA:268,0
DA:272,0
DA:273,0
DA:274,0
DA:277,0
DA:278,0
DA:282,0
DA:283,0
DA:284,0
DA:285,0
DA:286,0
DA:288,0
DA:289,0
DA:293,0
DA:294,0
DA:298,0
DA:299,0
DA:300,0
DA:301,0
DA:302,0
DA:303,0
DA:305,0
DA:308,0
DA:309,0
DA:310,0
DA:315,0
DA:317,0
DA:318,0
DA:320,0
DA:321,0
DA:323,0
DA:325,0
DA:326,0
DA:327,0
DA:328,0
DA:330,0
DA:331,0
DA:333,0
DA:339,0
DA:452,0
DA:453,0
DA:455,0
DA:496,0
DA:499,0
DA:599,0
DA:644,0
DA:647,0
DA:734,0
DA:743,0
DA:745,0
DA:774,0
LF:141
LH:0
BRDA:39,0,0,0
BRDA:39,0,1,0
BRDA:41,1,0,0
BRDA:41,1,1,0
BRDA:41,2,0,0
BRDA:41,2,1,0
BRDA:41,2,2,0
BRDA:43,3,0,0
BRDA:43,3,1,0
BRDA:43,4,0,0
BRDA:43,4,1,0
BRDA:74,5,0,0
BRDA:74,5,1,0
BRDA:76,6,0,0
BRDA:76,6,1,0
BRDA:87,7,0,0
BRDA:90,8,0,0
BRDA:92,9,0,0
BRDA:92,9,1,0
BRDA:110,10,0,0
BRDA:110,10,1,0
BRDA:110,11,0,0
BRDA:110,11,1,0
BRDA:113,12,0,0
BRDA:113,12,1,0
BRDA:115,13,0,0
BRDA:115,13,1,0
BRDA:116,14,0,0
BRDA:116,14,1,0
BRDA:116,14,2,0
BRDA:119,15,0,0
BRDA:119,15,1,0
BRDA:124,16,0,0
BRDA:124,16,1,0
BRDA:125,17,0,0
BRDA:125,17,1,0
BRDA:144,18,0,0
BRDA:144,18,1,0
BRDA:144,19,0,0
BRDA:144,19,1,0
BRDA:156,20,0,0
BRDA:156,20,1,0
BRDA:163,21,0,0
BRDA:163,21,1,0
BRDA:176,22,0,0
BRDA:176,22,1,0
BRDA:180,23,0,0
BRDA:180,23,1,0
BRDA:180,24,0,0
BRDA:180,24,1,0
BRDA:192,25,0,0
BRDA:192,25,1,0
BRDA:193,26,0,0
BRDA:193,26,1,0
BRDA:196,27,0,0
BRDA:196,27,1,0
BRDA:196,28,0,0
BRDA:196,28,1,0
BRDA:197,29,0,0
BRDA:197,29,1,0
BRDA:197,30,0,0
BRDA:197,30,1,0
BRDA:210,31,0,0
BRDA:210,31,1,0
BRDA:217,32,0,0
BRDA:217,32,1,0
BRDA:223,33,0,0
BRDA:223,33,1,0
BRDA:225,34,0,0
BRDA:225,34,1,0
BRDA:226,35,0,0
BRDA:226,35,1,0
BRDA:227,36,0,0
BRDA:227,36,1,0
BRDA:237,37,0,0
BRDA:237,37,1,0
BRDA:238,38,0,0
BRDA:238,38,1,0
BRDA:248,39,0,0
BRDA:248,39,1,0
BRDA:252,40,0,0
BRDA:252,40,1,0
BRDA:259,41,0,0
BRDA:259,41,1,0
BRDA:260,42,0,0
BRDA:260,42,1,0
BRDA:261,43,0,0
BRDA:261,43,1,0
BRDA:262,44,0,0
BRDA:262,44,1,0
BRDA:263,45,0,0
BRDA:263,45,1,0
BRDA:264,46,0,0
BRDA:264,46,1,0
BRDA:265,47,0,0
BRDA:265,47,1,0
BRDA:266,48,0,0
BRDA:266,48,1,0
BRDA:273,49,0,0
BRDA:273,49,1,0
BRDA:273,50,0,0
BRDA:273,50,1,0
BRDA:288,51,0,0
BRDA:288,51,1,0
BRDA:288,52,0,0
BRDA:288,52,1,0
BRDA:294,53,0,0
BRDA:294,53,1,0
BRDA:294,54,0,0
BRDA:294,54,1,0
BRDA:299,55,0,0
BRDA:299,55,1,0
BRDA:301,56,0,0
BRDA:301,56,1,0
BRDA:302,57,0,0
BRDA:302,57,1,0
BRDA:302,58,0,0
BRDA:302,58,1,0
BRDA:303,59,0,0
BRDA:303,59,1,0
BRDA:303,60,0,0
BRDA:303,60,1,0
BRDA:308,61,0,0
BRDA:308,61,1,0
BRDA:309,62,0,0
BRDA:309,62,1,0
BRDA:310,63,0,0
BRDA:310,63,1,0
BRDA:318,64,0,0
BRDA:318,64,1,0
BRDA:318,65,0,0
BRDA:318,65,1,0
BRDA:323,66,0,0
BRDA:323,66,1,0
BRDA:323,67,0,0
BRDA:323,67,1,0
BRDA:330,68,0,0
BRDA:330,68,1,0
BRDA:331,69,0,0
BRDA:331,69,1,0
BRDA:358,70,0,0
BRDA:358,70,1,0
BRDA:360,71,0,0
BRDA:360,71,1,0
BRDA:439,72,0,0
BRDA:439,72,1,0
BRDA:446,73,0,0
BRDA:446,73,1,0
BRDA:471,74,0,0
BRDA:471,74,1,0
BRDA:473,75,0,0
BRDA:473,75,1,0
BRDA:494,76,0,0
BRDA:494,76,1,0
BRDA:519,77,0,0
BRDA:519,77,1,0
BRDA:519,78,0,0
BRDA:519,78,1,0
BRDA:523,79,0,0
BRDA:523,79,1,0
BRDA:523,80,0,0
BRDA:523,80,1,0
BRDA:530,81,0,0
BRDA:530,81,1,0
BRDA:549,82,0,0
BRDA:549,82,1,0
BRDA:601,83,0,0
BRDA:601,83,1,0
BRDA:625,84,0,0
BRDA:625,84,1,0
BRDA:628,85,0,0
BRDA:628,85,1,0
BRDA:636,86,0,0
BRDA:636,86,1,0
BRDA:638,87,0,0
BRDA:638,87,1,0
BRDA:649,88,0,0
BRDA:649,88,1,0
BRDA:654,89,0,0
BRDA:654,89,1,0
BRDA:654,90,0,0
BRDA:654,90,1,0
BRDA:661,91,0,0
BRDA:661,91,1,0
BRDA:667,92,0,0
BRDA:667,92,1,0
BRDA:675,93,0,0
BRDA:675,93,1,0
BRDA:680,94,0,0
BRDA:680,94,1,0
BRDA:682,95,0,0
BRDA:682,95,1,0
BRDA:686,96,0,0
BRDA:686,96,1,0
BRDA:691,97,0,0
BRDA:691,97,1,0
BRDA:698,98,0,0
BRDA:698,98,1,0
BRDA:716,99,0,0
BRDA:716,99,1,0
BRDA:719,100,0,0
BRDA:719,100,1,0
BRDA:722,101,0,0
BRDA:722,101,1,0
BRDA:746,102,0,0
BRDA:746,102,1,0
BRDA:757,103,0,0
BRDA:757,103,1,0
BRDA:768,104,0,0
BRDA:768,104,1,0
BRDA:774,105,0,0
BRDA:774,105,1,0
BRDA:775,106,0,0
BRDA:775,106,1,0
BRF:214
BRH:0
end_of_record
TN:
SF:src\components\ExcelImportModal.jsx
FN:96,(anonymous_0)
FN:98,(anonymous_1)
FN:180,(anonymous_2)
FN:196,(anonymous_3)
FN:197,(anonymous_4)
FN:219,(anonymous_5)
FN:260,(anonymous_6)
FN:272,(anonymous_7)
FN:291,(anonymous_8)
FN:308,(anonymous_9)
FN:308,(anonymous_10)
FN:318,(anonymous_11)
FN:321,(anonymous_12)
FN:324,(anonymous_13)
FN:354,(anonymous_14)
FN:401,(anonymous_15)
FN:442,(anonymous_16)
FN:449,(anonymous_17)
FN:454,(anonymous_18)
FN:493,(anonymous_19)
FN:500,(anonymous_20)
FN:505,(anonymous_21)
FN:509,(anonymous_22)
FN:560,(anonymous_23)
FN:569,(anonymous_24)
FN:631,(anonymous_25)
FN:641,(anonymous_26)
FN:770,(anonymous_27)
FN:848,(anonymous_28)
FN:876,(anonymous_29)
FN:936,(anonymous_30)
FN:981,(anonymous_31)
FNF:32
FNH:0
FNDA:0,(anonymous_0)
FNDA:0,(anonymous_1)
FNDA:0,(anonymous_2)
FNDA:0,(anonymous_3)
FNDA:0,(anonymous_4)
FNDA:0,(anonymous_5)
FNDA:0,(anonymous_6)
FNDA:0,(anonymous_7)
FNDA:0,(anonymous_8)
FNDA:0,(anonymous_9)
FNDA:0,(anonymous_10)
FNDA:0,(anonymous_11)
FNDA:0,(anonymous_12)
FNDA:0,(anonymous_13)
FNDA:0,(anonymous_14)
FNDA:0,(anonymous_15)
FNDA:0,(anonymous_16)
FNDA:0,(anonymous_17)
FNDA:0,(anonymous_18)
FNDA:0,(anonymous_19)
FNDA:0,(anonymous_20)
FNDA:0,(anonymous_21)
FNDA:0,(anonymous_22)
FNDA:0,(anonymous_23)
FNDA:0,(anonymous_24)
FNDA:0,(anonymous_25)
FNDA:0,(anonymous_26)
FNDA:0,(anonymous_27)
FNDA:0,(anonymous_28)
FNDA:0,(anonymous_29)
FNDA:0,(anonymous_30)
FNDA:0,(anonymous_31)
DA:19,0
DA:22,0
DA:68,0
DA:82,0
DA:96,0
DA:98,0
DA:99,0
DA:103,0
DA:104,0
DA:106,0
DA:110,0
DA:113,0
DA:114,0
DA:115,0
DA:119,0
DA:121,0
DA:122,0
DA:126,0
DA:129,0
DA:136,0
DA:137,0
DA:138,0
DA:139,0
DA:140,0
DA:145,0
DA:146,0
DA:147,0
DA:148,0
DA:149,0
DA:154,0
DA:155,0
DA:156,0
DA:160,0
DA:161,0
DA:162,0
DA:166,0
DA:167,0
DA:169,0
DA:170,0
DA:171,0
DA:172,0
DA:177,0
DA:180,0
DA:181,0
DA:182,0
DA:183,0
DA:184,0
DA:185,0
DA:186,0
DA:187,0
DA:188,0
DA:191,0
DA:192,0
DA:193,0
DA:196,0
DA:197,0
DA:198,0
DA:199,0
DA:200,0
DA:201,0
DA:203,0
DA:206,0
DA:209,0
DA:219,0
DA:221,0
DA:224,0
DA:227,0
DA:230,0
DA:231,0
DA:232,0
DA:235,0
DA:238,0
DA:254,0
DA:259,0
DA:260,0
DA:261,0
DA:262,0
DA:266,0
DA:269,0
DA:272,0
DA:273,0
DA:275,0
DA:280,0
DA:281,0
DA:282,0
DA:285,0
DA:286,0
DA:287,0
DA:290,0
DA:291,0
DA:292,0
DA:293,0
DA:295,0
DA:296,0
DA:297,0
DA:298,0
DA:300,0
DA:301,0
DA:302,0
DA:306,0
DA:307,0
DA:308,0
DA:311,0
DA:312,0
DA:313,0
DA:317,0
DA:318,0
DA:319,0
DA:321,0
DA:323,0
DA:324,0
DA:327,0
DA:328,0
DA:331,0
DA:332,0
DA:335,0
DA:336,0
DA:339,0
DA:344,0
DA:345,0
DA:348,0
DA:349,0
DA:350,0
DA:354,0
DA:355,0
DA:357,0
DA:358,0
DA:360,0
DA:368,0
DA:369,0
DA:370,0
DA:372,0
DA:373,0
DA:374,0
DA:378,0
DA:382,0
DA:384,0
DA:385,0
DA:386,0
DA:390,0
DA:392,0
DA:393,0
DA:394,0
DA:395,0
DA:396,0
DA:397,0
DA:398,0
DA:401,0
DA:402,0
DA:403,0
DA:409,0
DA:410,0
DA:418,0
DA:426,0
DA:430,0
DA:431,0
DA:432,0
DA:433,0
DA:434,0
DA:435,0
DA:436,0
DA:438,0
DA:442,0
DA:445,0
DA:446,0
DA:447,0
DA:449,0
DA:450,0
DA:452,0
DA:453,0
DA:455,0
DA:459,0
DA:460,0
DA:471,0
DA:472,0
DA:477,0
DA:478,0
DA:479,0
DA:480,0
DA:483,0
DA:484,0
DA:486,0
DA:487,0
DA:490,0
DA:493,0
DA:494,0
DA:495,0
DA:496,0
DA:497,0
DA:500,0
DA:501,0
DA:502,0
DA:505,0
DA:506,0
DA:509,0
DA:510,0
DA:511,0
DA:512,0
DA:513,0
DA:515,0
DA:516,0
DA:517,0
DA:519,0
DA:520,0
DA:521,0
DA:523,0
DA:524,0
DA:526,0
DA:527,0
DA:528,0
DA:530,0
DA:532,0
DA:538,0
DA:539,0
DA:542,0
DA:543,0
DA:544,0
DA:546,0
DA:549,0
DA:550,0
DA:559,0
DA:560,0
DA:564,0
DA:565,0
DA:566,0
DA:569,0
DA:570,0
DA:571,0
DA:573,0
DA:577,0
DA:631,0
DA:642,0
DA:771,0
DA:849,0
DA:876,0
DA:937,0
DA:981,0
LF:237
LH:0
BRDA:106,0,0,0
BRDA:106,0,1,0
BRDA:110,1,0,0
BRDA:110,1,1,0
BRDA:119,2,0,0
BRDA:119,2,1,0
BRDA:137,3,0,0
BRDA:137,3,1,0
BRDA:139,4,0,0
BRDA:139,4,1,0
BRDA:146,5,0,0
BRDA:146,5,1,0
BRDA:148,6,0,0
BRDA:148,6,1,0
BRDA:155,7,0,0
BRDA:155,7,1,0
BRDA:161,8,0,0
BRDA:161,8,1,0
BRDA:167,9,0,0
BRDA:167,9,1,0
BRDA:171,10,0,0
BRDA:171,10,1,0
BRDA:200,11,0,0
BRDA:200,11,1,0
BRDA:201,12,0,0
BRDA:201,12,1,0
BRDA:210,13,0,0
BRDA:210,13,1,0
BRDA:211,14,0,0
BRDA:211,14,1,0
BRDA:212,15,0,0
BRDA:212,15,1,0
BRDA:213,16,0,0
BRDA:213,16,1,0
BRDA:214,17,0,0
BRDA:214,17,1,0
BRDA:215,18,0,0
BRDA:215,18,1,0
BRDA:261,19,0,0
BRDA:261,19,1,0
BRDA:273,20,0,0
BRDA:273,20,1,0
BRDA:280,21,0,0
BRDA:280,21,1,0
BRDA:280,22,0,0
BRDA:280,22,1,0
BRDA:280,22,2,0
BRDA:300,23,0,0
BRDA:300,23,1,0
BRDA:311,24,0,0
BRDA:311,24,1,0
BRDA:327,25,0,0
BRDA:327,25,1,0
BRDA:331,26,0,0
BRDA:331,26,1,0
BRDA:335,27,0,0
BRDA:335,27,1,0
BRDA:336,28,0,0
BRDA:336,28,1,0
BRDA:344,29,0,0
BRDA:344,29,1,0
BRDA:345,30,0,0
BRDA:345,30,1,0
BRDA:348,31,0,0
BRDA:348,31,1,0
BRDA:348,32,0,0
BRDA:348,32,1,0
BRDA:357,33,0,0
BRDA:357,33,1,0
BRDA:378,34,0,0
BRDA:378,34,1,0
BRDA:384,35,0,0
BRDA:384,35,1,0
BRDA:384,36,0,0
BRDA:384,36,1,0
BRDA:390,37,0,0
BRDA:390,37,1,0
BRDA:394,38,0,0
BRDA:394,38,1,0
BRDA:395,39,0,0
BRDA:395,39,1,0
BRDA:396,40,0,0
BRDA:396,40,1,0
BRDA:397,41,0,0
BRDA:397,41,1,0
BRDA:404,42,0,0
BRDA:404,42,1,0
BRDA:409,43,0,0
BRDA:409,43,1,0
BRDA:431,44,0,0
BRDA:431,44,1,0
BRDA:432,45,0,0
BRDA:432,45,1,0
BRDA:433,46,0,0
BRDA:433,46,1,0
BRDA:435,47,0,0
BRDA:435,47,1,0
BRDA:445,48,0,0
BRDA:445,48,1,0
BRDA:445,49,0,0
BRDA:445,49,1,0
BRDA:446,50,0,0
BRDA:446,50,1,0
BRDA:450,51,0,0
BRDA:450,51,1,0
BRDA:452,52,0,0
BRDA:452,52,1,0
BRDA:455,53,0,0
BRDA:455,53,1,0
BRDA:459,54,0,0
BRDA:459,54,1,0
BRDA:471,55,0,0
BRDA:471,55,1,0
BRDA:477,56,0,0
BRDA:477,56,1,0
BRDA:538,57,0,0
BRDA:538,57,1,0
BRDA:543,58,0,0
BRDA:543,58,1,0
BRDA:546,59,0,0
BRDA:546,59,1,0
BRDA:559,60,0,0
BRDA:559,60,1,0
BRDA:570,61,0,0
BRDA:570,61,1,0
BRDA:570,62,0,0
BRDA:570,62,1,0
BRDA:589,63,0,0
BRDA:589,63,1,0
BRDA:590,64,0,0
BRDA:590,64,1,0
BRDA:591,65,0,0
BRDA:591,65,1,0
BRDA:592,66,0,0
BRDA:592,66,1,0
BRDA:599,67,0,0
BRDA:599,67,1,0
BRDA:608,68,0,0
BRDA:608,68,1,0
BRDA:616,69,0,0
BRDA:616,69,1,0
BRDA:621,70,0,0
BRDA:621,70,1,0
BRDA:639,71,0,0
BRDA:639,71,1,0
BRDA:652,72,0,0
BRDA:652,72,1,0
BRDA:672,73,0,0
BRDA:672,73,1,0
BRDA:714,74,0,0
BRDA:714,74,1,0
BRDA:730,75,0,0
BRDA:730,75,1,0
BRDA:731,76,0,0
BRDA:731,76,1,0
BRDA:741,77,0,0
BRDA:741,77,1,0
BRDA:743,78,0,0
BRDA:743,78,1,0
BRDA:753,79,0,0
BRDA:753,79,1,0
BRDA:776,80,0,0
BRDA:776,80,1,0
BRDA:791,81,0,0
BRDA:791,81,1,0
BRDA:793,82,0,0
BRDA:793,82,1,0
BRDA:803,83,0,0
BRDA:803,83,1,0
BRDA:825,84,0,0
BRDA:825,84,1,0
BRDA:835,85,0,0
BRDA:835,85,1,0
BRDA:844,86,0,0
BRDA:844,86,1,0
BRDA:849,87,0,0
BRDA:849,87,1,0
BRDA:864,88,0,0
BRDA:864,88,1,0
BRDA:867,89,0,0
BRDA:867,89,1,0
BRDA:873,90,0,0
BRDA:873,90,1,0
BRDA:877,91,0,0
BRDA:877,91,1,0
BRDA:891,92,0,0
BRDA:891,92,1,0
BRDA:903,93,0,0
BRDA:903,93,1,0
BRDA:921,94,0,0
BRDA:921,94,1,0
BRDA:925,95,0,0
BRDA:925,95,1,0
BRDA:928,96,0,0
BRDA:928,96,1,0
BRDA:939,97,0,0
BRDA:939,97,1,0
BRDA:942,98,0,0
BRDA:942,98,1,0
BRDA:946,99,0,0
BRDA:946,99,1,0
BRDA:947,100,0,0
BRDA:947,100,1,0
BRDA:948,101,0,0
BRDA:948,101,1,0
BRDA:949,102,0,0
BRDA:949,102,1,0
BRDA:950,103,0,0
BRDA:950,103,1,0
BRDA:952,104,0,0
BRDA:952,104,1,0
BRDA:954,105,0,0
BRDA:954,105,1,0
BRDA:959,106,0,0
BRDA:959,106,1,0
BRDA:960,107,0,0
BRDA:960,107,1,0
BRDA:982,108,0,0
BRDA:982,108,1,0
BRF:219
BRH:0
end_of_record
TN:
SF:src\components\GIMap.jsx
FN:12,(anonymous_0)
FN:70,(anonymous_1)
FN:87,(anonymous_2)
FNF:3
FNH:0
FNDA:0,(anonymous_0)
FNDA:0,(anonymous_1)
FNDA:0,(anonymous_2)
DA:12,0
DA:13,0
DA:14,0
DA:16,0
DA:17,0
DA:18,0
DA:20,0
DA:21,0
DA:22,0
DA:25,0
DA:61,0
DA:70,0
DA:71,0
DA:89,0
DA:91,0
LF:15
LH:0
BRDA:16,0,0,0
BRDA:16,0,1,0
BRDA:16,1,0,0
BRDA:16,1,1,0
BRDA:20,2,0,0
BRDA:20,2,1,0
BRDA:20,3,0,0
BRDA:20,3,1,0
BRDA:70,4,0,0
BRDA:70,5,0,0
BRDA:86,6,0,0
BRDA:86,6,1,0
BRDA:89,7,0,0
BRDA:89,7,1,0
BRDA:89,8,0,0
BRDA:89,8,1,0
BRF:16
BRH:0
end_of_record
TN:
SF:src\components\GuidePage.jsx
FN:15,(anonymous_0)
FN:19,(anonymous_1)
FN:139,(anonymous_2)
FN:153,(anonymous_3)
FN:166,(anonymous_4)
FN:178,(anonymous_5)
FN:234,(anonymous_6)
FN:303,(anonymous_7)
FN:532,(anonymous_8)
FN:626,(anonymous_9)
FN:637,(anonymous_10)
FNF:11
FNH:0
FNDA:0,(anonymous_0)
FNDA:0,(anonymous_1)
FNDA:0,(anonymous_2)
FNDA:0,(anonymous_3)
FNDA:0,(anonymous_4)
FNDA:0,(anonymous_5)
FNDA:0,(anonymous_6)
FNDA:0,(anonymous_7)
FNDA:0,(anonymous_8)
FNDA:0,(anonymous_9)
FNDA:0,(anonymous_10)
DA:15,0
DA:16,0
DA:19,0
DA:20,0
DA:24,0
DA:55,0
DA:99,0
DA:118,0
DA:139,0
DA:153,0
DA:166,0
DA:178,0
DA:235,0
DA:304,0
DA:533,0
DA:626,0
DA:627,0
DA:628,0
DA:637,0
LF:19
LH:0
BRDA:15,0,0,0
BRDA:124,1,0,0
BRDA:124,1,1,0
BRDA:141,2,0,0
BRDA:141,2,1,0
BRDA:143,3,0,0
BRDA:143,3,1,0
BRDA:155,4,0,0
BRDA:155,4,1,0
BRDA:157,5,0,0
BRDA:157,5,1,0
BRDA:168,6,0,0
BRDA:168,6,1,0
BRDA:170,7,0,0
BRDA:170,7,1,0
BRDA:180,8,0,0
BRDA:180,8,1,0
BRDA:182,9,0,0
BRDA:182,9,1,0
BRDA:195,10,0,0
BRDA:195,10,1,0
BRDA:198,11,0,0
BRDA:198,11,1,0
BRDA:224,12,0,0
BRDA:224,12,1,0
BRDA:238,13,0,0
BRDA:238,13,1,0
BRDA:261,14,0,0
BRDA:261,14,1,0
BRDA:264,15,0,0
BRDA:264,15,1,0
BRDA:291,16,0,0
BRDA:291,16,1,0
BRDA:307,17,0,0
BRDA:307,17,1,0
BRDA:342,18,0,0
BRDA:342,18,1,0
BRDA:345,19,0,0
BRDA:345,19,1,0
BRDA:375,20,0,0
BRDA:375,20,1,0
BRDA:411,21,0,0
BRDA:411,21,1,0
BRDA:435,22,0,0
BRDA:435,22,1,0
BRDA:438,23,0,0
BRDA:438,23,1,0
BRDA:458,24,0,0
BRDA:458,24,1,0
BRDA:475,25,0,0
BRDA:475,25,1,0
BRDA:523,26,0,0
BRDA:523,26,1,0
BRDA:549,27,0,0
BRDA:549,27,1,0
BRDA:591,28,0,0
BRDA:591,28,1,0
BRDA:631,29,0,0
BRDA:631,29,1,0
BRDA:641,30,0,0
BRDA:641,30,1,0
BRDA:643,31,0,0
BRDA:643,31,1,0
BRDA:646,32,0,0
BRDA:646,32,1,0
BRF:65
BRH:0
end_of_record
TN:
SF:src\components\HistoryPage.jsx
FN:36,(anonymous_0)
FN:82,(anonymous_1)
FN:83,(anonymous_2)
FN:91,(anonymous_3)
FN:95,(anonymous_4)
FN:97,(anonymous_5)
FN:106,(anonymous_6)
FN:109,(anonymous_7)
FN:110,(anonymous_8)
FN:111,(anonymous_9)
FN:119,(anonymous_10)
FN:135,(anonymous_11)
FN:138,(anonymous_12)
FN:145,(anonymous_13)
FN:147,(anonymous_14)
FN:156,(anonymous_15)
FN:160,(anonymous_16)
FN:180,(anonymous_17)
FN:190,(anonymous_18)
FN:197,(anonymous_19)
FN:202,(anonymous_20)
FN:205,(anonymous_21)
FN:213,(anonymous_22)
FN:245,(anonymous_23)
FN:247,(anonymous_24)
FN:250,(anonymous_25)
FN:272,(anonymous_26)
FN:276,(anonymous_27)
FN:278,(anonymous_28)
FN:280,(anonymous_29)
FN:285,(anonymous_30)
FN:286,(anonymous_31)
FN:291,(anonymous_32)
FN:325,(anonymous_33)
FN:335,(anonymous_34)
FN:340,(anonymous_35)
FN:342,(anonymous_36)
FN:348,(anonymous_37)
FN:352,(anonymous_38)
FN:356,(anonymous_39)
FN:367,(anonymous_40)
FN:373,(anonymous_41)
FN:374,(anonymous_42)
FN:388,(anonymous_43)
FN:405,(anonymous_44)
FN:453,(anonymous_45)
FN:457,(anonymous_46)
FN:473,(anonymous_47)
FN:490,(anonymous_48)
FN:510,(anonymous_49)
FN:521,(anonymous_50)
FN:614,(anonymous_51)
FN:643,(anonymous_52)
FN:646,(anonymous_53)
FN:697,(anonymous_54)
FN:711,(anonymous_55)
FN:725,(anonymous_56)
FN:739,(anonymous_57)
FN:775,(anonymous_58)
FN:796,(anonymous_59)
FN:796,(anonymous_60)
FN:805,(anonymous_61)
FN:805,(anonymous_62)
FN:845,(anonymous_63)
FN:872,(anonymous_64)
FN:891,(anonymous_65)
FN:1018,(anonymous_66)
FN:1060,(anonymous_67)
FN:1081,(anonymous_68)
FN:1087,(anonymous_69)
FN:1093,(anonymous_70)
FN:1200,(anonymous_71)
FN:1213,(anonymous_72)
FN:1253,(anonymous_73)
FN:1254,(anonymous_74)
FNF:75
FNH:0
FNDA:0,(anonymous_0)
FNDA:0,(anonymous_1)
FNDA:0,(anonymous_2)
FNDA:0,(anonymous_3)
FNDA:0,(anonymous_4)
FNDA:0,(anonymous_5)
FNDA:0,(anonymous_6)
FNDA:0,(anonymous_7)
FNDA:0,(anonymous_8)
FNDA:0,(anonymous_9)
FNDA:0,(anonymous_10)
FNDA:0,(anonymous_11)
FNDA:0,(anonymous_12)
FNDA:0,(anonymous_13)
FNDA:0,(anonymous_14)
FNDA:0,(anonymous_15)
FNDA:0,(anonymous_16)
FNDA:0,(anonymous_17)
FNDA:0,(anonymous_18)
FNDA:0,(anonymous_19)
FNDA:0,(anonymous_20)
FNDA:0,(anonymous_21)
FNDA:0,(anonymous_22)
FNDA:0,(anonymous_23)
FNDA:0,(anonymous_24)
FNDA:0,(anonymous_25)
FNDA:0,(anonymous_26)
FNDA:0,(anonymous_27)
FNDA:0,(anonymous_28)
FNDA:0,(anonymous_29)
FNDA:0,(anonymous_30)
FNDA:0,(anonymous_31)
FNDA:0,(anonymous_32)
FNDA:0,(anonymous_33)
FNDA:0,(anonymous_34)
FNDA:0,(anonymous_35)
FNDA:0,(anonymous_36)
FNDA:0,(anonymous_37)
FNDA:0,(anonymous_38)
FNDA:0,(anonymous_39)
FNDA:0,(anonymous_40)
FNDA:0,(anonymous_41)
FNDA:0,(anonymous_42)
FNDA:0,(anonymous_43)
FNDA:0,(anonymous_44)
FNDA:0,(anonymous_45)
FNDA:0,(anonymous_46)
FNDA:0,(anonymous_47)
FNDA:0,(anonymous_48)
FNDA:0,(anonymous_49)
FNDA:0,(anonymous_50)
FNDA:0,(anonymous_51)
FNDA:0,(anonymous_52)
FNDA:0,(anonymous_53)
FNDA:0,(anonymous_54)
FNDA:0,(anonymous_55)
FNDA:0,(anonymous_56)
FNDA:0,(anonymous_57)
FNDA:0,(anonymous_58)
FNDA:0,(anonymous_59)
FNDA:0,(anonymous_60)
FNDA:0,(anonymous_61)
FNDA:0,(anonymous_62)
FNDA:0,(anonymous_63)
FNDA:0,(anonymous_64)
FNDA:0,(anonymous_65)
FNDA:0,(anonymous_66)
FNDA:0,(anonymous_67)
FNDA:0,(anonymous_68)
FNDA:0,(anonymous_69)
FNDA:0,(anonymous_70)
FNDA:0,(anonymous_71)
FNDA:0,(anonymous_72)
FNDA:0,(anonymous_73)
FNDA:0,(anonymous_74)
DA:36,0
DA:48,0
DA:49,0
DA:50,0
DA:51,0
DA:54,0
DA:55,0
DA:58,0
DA:59,0
DA:60,0
DA:63,0
DA:64,0
DA:67,0
DA:68,0
DA:69,0
DA:70,0
DA:73,0
DA:74,0
DA:77,0
DA:79,0
DA:82,0
DA:83,0
DA:84,0
DA:85,0
DA:87,0
DA:91,0
DA:92,0
DA:93,0
DA:95,0
DA:96,0
DA:97,0
DA:98,0
DA:99,0
DA:103,0
DA:106,0
DA:107,0
DA:108,0
DA:109,0
DA:110,0
DA:112,0
DA:113,0
DA:114,0
DA:119,0
DA:120,0
DA:121,0
DA:132,0
DA:135,0
DA:136,0
DA:137,0
DA:138,0
DA:143,0
DA:144,0
DA:145,0
DA:147,0
DA:156,0
DA:160,0
DA:161,0
DA:162,0
DA:163,0
DA:167,0
DA:168,0
DA:169,0
DA:170,0
DA:171,0
DA:173,0
DA:175,0
DA:180,0
DA:181,0
DA:184,0
DA:186,0
DA:190,0
DA:191,0
DA:192,0
DA:196,0
DA:198,0
DA:202,0
DA:203,0
DA:204,0
DA:206,0
DA:213,0
DA:214,0
DA:216,0
DA:219,0
DA:222,0
DA:224,0
DA:225,0
DA:226,0
DA:227,0
DA:228,0
DA:230,0
DA:231,0
DA:233,0
DA:234,0
DA:241,0
DA:244,0
DA:245,0
DA:246,0
DA:247,0
DA:250,0
DA:253,0
DA:266,0
DA:267,0
DA:272,0
DA:273,0
DA:276,0
DA:277,0
DA:278,0
DA:280,0
DA:281,0
DA:285,0
DA:286,0
DA:287,0
DA:288,0
DA:291,0
DA:292,0
DA:294,0
DA:296,0
DA:297,0
DA:298,0
DA:299,0
DA:300,0
DA:301,0
DA:302,0
DA:303,0
DA:304,0
DA:306,0
DA:307,0
DA:308,0
DA:309,0
DA:310,0
DA:311,0
DA:314,0
DA:316,0
DA:318,0
DA:319,0
DA:320,0
DA:321,0
DA:325,0
DA:326,0
DA:327,0
DA:328,0
DA:330,0
DA:331,0
DA:332,0
DA:335,0
DA:336,0
DA:337,0
DA:340,0
DA:341,0
DA:342,0
DA:344,0
DA:348,0
DA:349,0
DA:350,0
DA:352,0
DA:356,0
DA:357,0
DA:358,0
DA:359,0
DA:361,0
DA:362,0
DA:363,0
DA:365,0
DA:366,0
DA:367,0
DA:368,0
DA:370,0
DA:371,0
DA:374,0
DA:378,0
DA:380,0
DA:384,0
DA:385,0
DA:387,0
DA:388,0
DA:390,0
DA:394,0
DA:395,0
DA:396,0
DA:397,0
DA:399,0
DA:401,0
DA:402,0
DA:405,0
DA:406,0
DA:407,0
DA:408,0
DA:410,0
DA:411,0
DA:414,0
DA:417,0
DA:421,0
DA:453,0
DA:458,0
DA:473,0
DA:490,0
DA:510,0
DA:521,0
DA:615,0
DA:644,0
DA:646,0
DA:697,0
DA:711,0
DA:725,0
DA:739,0
DA:775,0
DA:796,0
DA:805,0
DA:846,0
DA:847,0
DA:873,0
DA:892,0
DA:1019,0
DA:1060,0
DA:1081,0
DA:1087,0
DA:1093,0
DA:1200,0
DA:1214,0
DA:1215,0
DA:1216,0
DA:1253,0
DA:1255,0
DA:1256,0
LF:224
LH:0
BRDA:45,0,0,0
BRDA:85,1,0,0
BRDA:85,1,1,0
BRDA:93,2,0,0
BRDA:93,2,1,0
BRDA:93,3,0,0
BRDA:93,3,1,0
BRDA:96,4,0,0
BRDA:96,4,1,0
BRDA:98,5,0,0
BRDA:98,5,1,0
BRDA:99,6,0,0
BRDA:99,6,1,0
BRDA:107,7,0,0
BRDA:107,7,1,0
BRDA:112,8,0,0
BRDA:112,8,1,0
BRDA:113,9,0,0
BRDA:113,9,1,0
BRDA:137,10,0,0
BRDA:137,10,1,0
BRDA:143,11,0,0
BRDA:143,11,1,0
BRDA:145,12,0,0
BRDA:145,12,1,0
BRDA:150,13,0,0
BRDA:150,13,1,0
BRDA:151,14,0,0
BRDA:151,14,1,0
BRDA:152,15,0,0
BRDA:152,15,1,0
BRDA:153,16,0,0
BRDA:153,16,1,0
BRDA:167,17,0,0
BRDA:167,17,1,0
BRDA:184,18,0,0
BRDA:184,18,1,0
BRDA:184,19,0,0
BRDA:184,19,1,0
BRDA:186,20,0,0
BRDA:186,20,1,0
BRDA:192,21,0,0
BRDA:192,21,1,0
BRDA:196,22,0,0
BRDA:196,22,1,0
BRDA:196,23,0,0
BRDA:196,23,1,0
BRDA:198,24,0,0
BRDA:198,24,1,0
BRDA:203,25,0,0
BRDA:203,25,1,0
BRDA:206,26,0,0
BRDA:206,26,1,0
BRDA:216,27,0,0
BRDA:216,27,1,0
BRDA:216,28,0,0
BRDA:216,28,1,0
BRDA:217,29,0,0
BRDA:217,29,1,0
BRDA:219,30,0,0
BRDA:219,30,1,0
BRDA:222,31,0,0
BRDA:222,31,1,0
BRDA:225,32,0,0
BRDA:225,32,1,0
BRDA:226,33,0,0
BRDA:226,33,1,0
BRDA:227,34,0,0
BRDA:227,34,1,0
BRDA:229,35,0,0
BRDA:229,35,1,0
BRDA:230,36,0,0
BRDA:230,36,1,0
BRDA:232,37,0,0
BRDA:232,37,1,0
BRDA:233,38,0,0
BRDA:233,38,1,0
BRDA:235,39,0,0
BRDA:235,39,1,0
BRDA:235,39,2,0
BRDA:241,40,0,0
BRDA:241,40,1,0
BRDA:241,40,2,0
BRDA:244,41,0,0
BRDA:244,41,1,0
BRDA:245,42,0,0
BRDA:245,42,1,0
BRDA:245,43,0,0
BRDA:245,43,1,0
BRDA:246,44,0,0
BRDA:246,44,1,0
BRDA:247,45,0,0
BRDA:247,45,1,0
BRDA:247,46,0,0
BRDA:247,46,1,0
BRDA:250,47,0,0
BRDA:250,47,1,0
BRDA:250,48,0,0
BRDA:250,48,1,0
BRDA:292,49,0,0
BRDA:292,49,1,0
BRDA:297,50,0,0
BRDA:297,50,1,0
BRDA:300,51,0,0
BRDA:300,51,1,0
BRDA:309,52,0,0
BRDA:309,52,1,0
BRDA:326,53,0,0
BRDA:326,53,1,0
BRDA:341,54,0,0
BRDA:341,54,1,0
BRDA:349,55,0,0
BRDA:349,55,1,0
BRDA:357,56,0,0
BRDA:357,56,1,0
BRDA:368,57,0,0
BRDA:368,57,1,0
BRDA:378,58,0,0
BRDA:378,58,1,0
BRDA:387,59,0,0
BRDA:387,59,1,0
BRDA:406,60,0,0
BRDA:406,60,1,0
BRDA:415,61,0,0
BRDA:415,61,1,0
BRDA:418,62,0,0
BRDA:418,62,1,0
BRDA:428,63,0,0
BRDA:428,63,1,0
BRDA:430,64,0,0
BRDA:430,64,1,0
BRDA:433,65,0,0
BRDA:433,65,1,0
BRDA:442,66,0,0
BRDA:442,66,1,0
BRDA:454,67,0,0
BRDA:454,67,1,0
BRDA:474,68,0,0
BRDA:474,68,1,0
BRDA:491,69,0,0
BRDA:491,69,1,0
BRDA:511,70,0,0
BRDA:511,70,1,0
BRDA:518,71,0,0
BRDA:518,71,1,0
BRDA:532,72,0,0
BRDA:532,72,1,0
BRDA:535,73,0,0
BRDA:535,73,1,0
BRDA:538,74,0,0
BRDA:538,74,1,0
BRDA:558,75,0,0
BRDA:558,75,1,0
BRDA:561,76,0,0
BRDA:561,76,1,0
BRDA:582,77,0,0
BRDA:582,77,1,0
BRDA:588,78,0,0
BRDA:588,78,1,0
BRDA:600,79,0,0
BRDA:600,79,1,0
BRDA:600,80,0,0
BRDA:600,80,1,0
BRDA:615,81,0,0
BRDA:615,81,1,0
BRDA:624,82,0,0
BRDA:624,82,1,0
BRDA:630,83,0,0
BRDA:630,83,1,0
BRDA:636,84,0,0
BRDA:636,84,1,0
BRDA:646,85,0,0
BRDA:646,85,1,0
BRDA:647,86,0,0
BRDA:647,86,1,0
BRDA:647,87,0,0
BRDA:647,87,1,0
BRDA:647,88,0,0
BRDA:647,88,1,0
BRDA:647,89,0,0
BRDA:647,89,1,0
BRDA:647,90,0,0
BRDA:647,90,1,0
BRDA:649,91,0,0
BRDA:649,91,1,0
BRDA:652,92,0,0
BRDA:652,92,1,0
BRDA:673,93,0,0
BRDA:673,93,1,0
BRDA:683,94,0,0
BRDA:683,94,1,0
BRDA:683,95,0,0
BRDA:683,95,1,0
BRDA:691,96,0,0
BRDA:691,96,1,0
BRDA:763,97,0,0
BRDA:763,97,1,0
BRDA:765,98,0,0
BRDA:765,98,1,0
BRDA:769,99,0,0
BRDA:769,99,1,0
BRDA:776,100,0,0
BRDA:776,100,1,0
BRDA:786,101,0,0
BRDA:786,101,1,0
BRDA:799,102,0,0
BRDA:799,102,1,0
BRDA:808,103,0,0
BRDA:808,103,1,0
BRDA:817,104,0,0
BRDA:817,104,1,0
BRDA:820,105,0,0
BRDA:820,105,1,0
BRDA:823,106,0,0
BRDA:823,106,1,0
BRDA:827,107,0,0
BRDA:827,107,1,0
BRDA:829,108,0,0
BRDA:829,108,1,0
BRDA:858,109,0,0
BRDA:858,109,1,0
BRDA:869,110,0,0
BRDA:869,110,1,0
BRDA:888,111,0,0
BRDA:888,111,1,0
BRDA:907,112,0,0
BRDA:907,112,1,0
BRDA:918,113,0,0
BRDA:918,113,1,0
BRDA:932,114,0,0
BRDA:932,114,1,0
BRDA:943,115,0,0
BRDA:943,115,1,0
BRDA:954,116,0,0
BRDA:954,116,1,0
BRDA:966,117,0,0
BRDA:966,117,1,0
BRDA:992,118,0,0
BRDA:992,118,1,0
BRDA:998,119,0,0
BRDA:998,119,1,0
BRDA:1003,120,0,0
BRDA:1003,120,1,0
BRDA:1009,121,0,0
BRDA:1009,121,1,0
BRDA:1021,122,0,0
BRDA:1021,122,1,0
BRDA:1034,123,0,0
BRDA:1034,123,1,0
BRDA:1055,124,0,0
BRDA:1055,124,1,0
BRDA:1057,125,0,0
BRDA:1057,125,1,0
BRDA:1070,126,0,0
BRDA:1070,126,1,0
BRDA:1106,127,0,0
BRDA:1106,127,1,0
BRDA:1109,128,0,0
BRDA:1109,128,1,0
BRDA:1116,129,0,0
BRDA:1116,129,1,0
BRDA:1117,130,0,0
BRDA:1117,130,1,0
BRDA:1119,131,0,0
BRDA:1119,131,1,0
BRDA:1122,132,0,0
BRDA:1122,132,1,0
BRDA:1124,133,0,0
BRDA:1124,133,1,0
BRDA:1126,134,0,0
BRDA:1126,134,1,0
BRDA:1127,135,0,0
BRDA:1127,135,1,0
BRDA:1132,136,0,0
BRDA:1132,136,1,0
BRDA:1132,136,2,0
BRDA:1134,137,0,0
BRDA:1134,137,1,0
BRDA:1137,138,0,0
BRDA:1137,138,1,0
BRDA:1142,139,0,0
BRDA:1142,139,1,0
BRDA:1148,140,0,0
BRDA:1148,140,1,0
BRDA:1156,141,0,0
BRDA:1156,141,1,0
BRDA:1165,142,0,0
BRDA:1165,142,1,0
BRDA:1170,143,0,0
BRDA:1170,143,1,0
BRDA:1180,144,0,0
BRDA:1180,144,1,0
BRDA:1180,145,0,0
BRDA:1180,145,1,0
BRDA:1180,145,2,0
BRDA:1180,145,3,0
BRDA:1187,146,0,0
BRDA:1187,146,1,0
BRDA:1191,147,0,0
BRDA:1191,147,1,0
BRDA:1202,148,0,0
BRDA:1202,148,1,0
BRDA:1210,149,0,0
BRDA:1210,149,1,0
BRDA:1219,150,0,0
BRDA:1219,150,1,0
BRDA:1226,151,0,0
BRDA:1226,151,1,0
BRDA:1226,151,2,0
BRDA:1226,151,3,0
BRDA:1226,151,4,0
BRDA:1226,151,5,0
BRDA:1226,151,6,0
BRDA:1238,152,0,0
BRDA:1238,152,1,0
BRDA:1251,153,0,0
BRDA:1251,153,1,0
BRF:317
BRH:0
end_of_record
TN:
SF:src\components\InputFormPage.jsx
FN:14,(anonymous_0)
FN:32,(anonymous_1)
FN:44,(anonymous_2)
FN:47,(anonymous_3)
FN:60,(anonymous_4)
FN:72,(anonymous_5)
FN:82,(anonymous_6)
FN:83,(anonymous_7)
FN:99,(anonymous_8)
FN:103,(anonymous_9)
FN:106,(anonymous_10)
FN:117,(anonymous_11)
FN:118,(anonymous_12)
FN:205,(anonymous_13)
FN:227,(anonymous_14)
FN:314,(anonymous_15)
FN:403,(anonymous_16)
FNF:17
FNH:0
FNDA:0,(anonymous_0)
FNDA:0,(anonymous_1)
FNDA:0,(anonymous_2)
FNDA:0,(anonymous_3)
FNDA:0,(anonymous_4)
FNDA:0,(anonymous_5)
FNDA:0,(anonymous_6)
FNDA:0,(anonymous_7)
FNDA:0,(anonymous_8)
FNDA:0,(anonymous_9)
FNDA:0,(anonymous_10)
FNDA:0,(anonymous_11)
FNDA:0,(anonymous_12)
FNDA:0,(anonymous_13)
FNDA:0,(anonymous_14)
FNDA:0,(anonymous_15)
FNDA:0,(anonymous_16)
DA:14,0
DA:26,0
DA:27,0
DA:29,0
DA:32,0
DA:33,0
DA:36,0
DA:37,0
DA:38,0
DA:40,0
DA:42,0
DA:44,0
DA:45,0
DA:47,0
DA:48,0
DA:49,0
DA:55,0
DA:60,0
DA:61,0
DA:63,0
DA:66,0
DA:67,0
DA:69,0
DA:71,0
DA:72,0
DA:73,0
DA:78,0
DA:82,0
DA:83,0
DA:84,0
DA:85,0
DA:90,0
DA:92,0
DA:95,0
DA:99,0
DA:100,0
DA:101,0
DA:102,0
DA:103,0
DA:105,0
DA:106,0
DA:117,0
DA:118,0
DA:119,0
DA:120,0
DA:121,0
DA:122,0
DA:123,0
DA:124,0
DA:128,0
DA:145,0
DA:146,0
DA:147,0
DA:149,0
DA:159,0
DA:206,0
DA:228,0
DA:315,0
DA:404,0
LF:59
LH:0
BRDA:24,0,0,0
BRDA:40,1,0,0
BRDA:40,1,1,0
BRDA:40,2,0,0
BRDA:40,2,1,0
BRDA:42,3,0,0
BRDA:42,3,1,0
BRDA:45,4,0,0
BRDA:45,4,1,0
BRDA:48,5,0,0
BRDA:48,5,1,0
BRDA:49,6,0,0
BRDA:49,6,1,0
BRDA:55,7,0,0
BRDA:55,7,1,0
BRDA:63,8,0,0
BRDA:63,8,1,0
BRDA:69,9,0,0
BRDA:69,9,1,0
BRDA:71,10,0,0
BRDA:71,10,1,0
BRDA:73,11,0,0
BRDA:73,11,1,0
BRDA:84,12,0,0
BRDA:84,12,1,0
BRDA:90,13,0,0
BRDA:90,13,1,0
BRDA:100,14,0,0
BRDA:100,14,1,0
BRDA:101,15,0,0
BRDA:101,15,1,0
BRDA:101,16,0,0
BRDA:101,16,1,0
BRDA:105,17,0,0
BRDA:105,17,1,0
BRDA:108,18,0,0
BRDA:108,18,1,0
BRDA:109,19,0,0
BRDA:109,19,1,0
BRDA:110,20,0,0
BRDA:110,20,1,0
BRDA:111,21,0,0
BRDA:111,21,1,0
BRDA:119,22,0,0
BRDA:119,22,1,0
BRDA:120,23,0,0
BRDA:120,23,1,0
BRDA:123,24,0,0
BRDA:123,24,1,0
BRDA:123,25,0,0
BRDA:123,25,1,0
BRDA:129,26,0,0
BRDA:129,26,1,0
BRDA:130,27,0,0
BRDA:130,27,1,0
BRDA:133,28,0,0
BRDA:133,28,1,0
BRDA:136,29,0,0
BRDA:136,29,1,0
BRDA:139,30,0,0
BRDA:139,30,1,0
BRDA:140,31,0,0
BRDA:140,31,1,0
BRDA:141,32,0,0
BRDA:141,32,1,0
BRDA:142,33,0,0
BRDA:142,33,1,0
BRDA:167,34,0,0
BRDA:167,34,1,0
BRDA:202,35,0,0
BRDA:202,35,1,0
BRDA:224,36,0,0
BRDA:224,36,1,0
BRDA:317,37,0,0
BRDA:317,37,1,0
BRDA:325,38,0,0
BRDA:325,38,1,0
BRDA:327,39,0,0
BRDA:327,39,1,0
BRDA:340,40,0,0
BRDA:340,40,1,0
BRDA:351,41,0,0
BRDA:351,41,1,0
BRDA:354,42,0,0
BRDA:354,42,1,0
BRDA:354,43,0,0
BRDA:354,43,1,0
BRDA:358,44,0,0
BRDA:358,44,1,0
BRDA:358,45,0,0
BRDA:358,45,1,0
BRDA:360,46,0,0
BRDA:360,46,1,0
BRDA:371,47,0,0
BRDA:371,47,1,0
BRDA:371,48,0,0
BRDA:371,48,1,0
BRDA:407,49,0,0
BRDA:407,49,1,0
BRDA:461,50,0,0
BRDA:461,50,1,0
BRDA:472,51,0,0
BRDA:472,51,1,0
BRDA:482,52,0,0
BRDA:482,52,1,0
BRDA:482,53,0,0
BRDA:482,53,1,0
BRDA:488,54,0,0
BRDA:488,54,1,0
BRDA:490,55,0,0
BRDA:490,55,1,0
BRDA:497,56,0,0
BRDA:497,56,1,0
BRDA:509,57,0,0
BRDA:509,57,1,0
BRDA:511,58,0,0
BRDA:511,58,1,0
BRF:117
BRH:0
end_of_record
TN:
SF:src\components\LandingPage.jsx
FN:19,(anonymous_0)
FNF:1
FNH:0
FNDA:0,(anonymous_0)
DA:6,0
DA:7,0
DA:8,0
DA:11,0
DA:12,0
DA:13,0
DA:14,0
DA:15,0
DA:16,0
DA:17,0
DA:19,0
DA:20,0
DA:21,0
DA:22,0
DA:24,0
LF:15
LH:0
BRDA:26,0,0,0
BRDA:26,0,1,0
BRDA:48,1,0,0
BRDA:48,1,1,0
BRDA:91,2,0,0
BRDA:91,2,1,0
BRDA:126,3,0,0
BRDA:126,3,1,0
BRDA:134,4,0,0
BRDA:134,4,1,0
BRDA:264,5,0,0
BRDA:264,5,1,0
BRDA:273,6,0,0
BRDA:273,6,1,0
BRDA:280,7,0,0
BRDA:280,7,1,0
BRDA:287,8,0,0
BRDA:287,8,1,0
BRDA:294,9,0,0
BRDA:294,9,1,0
BRDA:301,10,0,0
BRDA:301,10,1,0
BRDA:308,11,0,0
BRDA:308,11,1,0
BRDA:340,12,0,0
BRDA:340,12,1,0
BRDA:359,13,0,0
BRDA:359,13,1,0
BRF:28
BRH:0
end_of_record
TN:
SF:src\components\LoginPage.jsx
FN:7,(anonymous_0)
FN:14,(anonymous_1)
FN:18,(anonymous_2)
FN:38,(anonymous_3)
FN:162,(anonymous_4)
FN:182,(anonymous_5)
FN:220,(anonymous_6)
FNF:7
FNH:6
FNDA:557,(anonymous_0)
FNDA:21,(anonymous_1)
FNDA:6,(anonymous_2)
FNDA:3,(anonymous_3)
FNDA:413,(anonymous_4)
FNDA:93,(anonymous_5)
FNDA:0,(anonymous_6)
DA:7,1
DA:8,557
DA:9,557
DA:10,557
DA:11,557
DA:14,557
DA:15,21
DA:18,557
DA:19,6
DA:20,6
DA:22,6
DA:23,6
DA:28,4
DA:30,3
DA:38,3
DA:39,3
DA:41,3
DA:42,3
DA:46,557
DA:162,413
DA:182,93
DA:221,0
LF:22
LH:21
BRDA:28,0,0,1
BRDA:28,0,1,3
BRDA:39,1,0,3
BRDA:39,1,1,0
BRDA:51,2,0,557
BRDA:51,2,1,6
BRDA:75,3,0,536
BRDA:75,3,1,21
BRDA:130,4,0,536
BRDA:130,4,1,21
BRDA:198,5,0,6
BRDA:198,5,1,551
BRF:12
BRH:11
end_of_record
TN:
SF:src\components\SuperAdminPage.jsx
FN:30,(anonymous_0)
FN:62,(anonymous_1)
FN:93,(anonymous_2)
FN:133,(anonymous_3)
FN:138,(anonymous_4)
FN:139,(anonymous_5)
FN:154,(anonymous_6)
FN:159,(anonymous_7)
FN:171,(anonymous_8)
FN:172,(anonymous_9)
FN:185,(anonymous_10)
FN:190,(anonymous_11)
FN:192,(anonymous_12)
FN:195,(anonymous_13)
FN:215,(anonymous_14)
FN:216,(anonymous_15)
FN:230,(anonymous_16)
FN:267,(anonymous_17)
FN:276,(anonymous_18)
FN:278,(anonymous_19)
FN:287,(anonymous_20)
FN:379,(anonymous_21)
FN:404,(anonymous_22)
FN:559,(anonymous_23)
FN:631,(anonymous_24)
FN:682,(anonymous_25)
FN:689,(anonymous_26)
FN:752,(anonymous_27)
FN:762,(anonymous_28)
FN:794,(anonymous_29)
FNF:30
FNH:0
FNDA:0,(anonymous_0)
FNDA:0,(anonymous_1)
FNDA:0,(anonymous_2)
FNDA:0,(anonymous_3)
FNDA:0,(anonymous_4)
FNDA:0,(anonymous_5)
FNDA:0,(anonymous_6)
FNDA:0,(anonymous_7)
FNDA:0,(anonymous_8)
FNDA:0,(anonymous_9)
FNDA:0,(anonymous_10)
FNDA:0,(anonymous_11)
FNDA:0,(anonymous_12)
FNDA:0,(anonymous_13)
FNDA:0,(anonymous_14)
FNDA:0,(anonymous_15)
FNDA:0,(anonymous_16)
FNDA:0,(anonymous_17)
FNDA:0,(anonymous_18)
FNDA:0,(anonymous_19)
FNDA:0,(anonymous_20)
FNDA:0,(anonymous_21)
FNDA:0,(anonymous_22)
FNDA:0,(anonymous_23)
FNDA:0,(anonymous_24)
FNDA:0,(anonymous_25)
FNDA:0,(anonymous_26)
FNDA:0,(anonymous_27)
FNDA:0,(anonymous_28)
FNDA:0,(anonymous_29)
DA:25,0
DA:30,0
DA:40,0
DA:62,0
DA:64,0
DA:65,0
DA:68,0
DA:69,0
DA:70,0
DA:73,0
DA:74,0
DA:75,0
DA:76,0
DA:78,0
DA:79,0
DA:80,0
DA:82,0
DA:93,0
DA:94,0
DA:95,0
DA:97,0
DA:106,0
DA:107,0
DA:109,0
DA:113,0
DA:117,0
DA:118,0
DA:119,0
DA:121,0
DA:125,0
DA:126,0
DA:128,0
DA:133,0
DA:134,0
DA:138,0
DA:139,0
DA:140,0
DA:141,0
DA:142,0
DA:143,0
DA:144,0
DA:145,0
DA:146,0
DA:147,0
DA:148,0
DA:149,0
DA:154,0
DA:155,0
DA:156,0
DA:159,0
DA:160,0
DA:161,0
DA:162,0
DA:163,0
DA:167,0
DA:168,0
DA:171,0
DA:172,0
DA:175,0
DA:177,0
DA:178,0
DA:179,0
DA:180,0
DA:185,0
DA:186,0
DA:187,0
DA:190,0
DA:191,0
DA:192,0
DA:195,0
DA:196,0
DA:197,0
DA:198,0
DA:199,0
DA:211,0
DA:212,0
DA:215,0
DA:216,0
DA:219,0
DA:220,0
DA:222,0
DA:223,0
DA:225,0
DA:230,0
DA:231,0
DA:232,0
DA:233,0
DA:234,0
DA:236,0
DA:237,0
DA:238,0
DA:239,0
DA:241,0
DA:253,0
DA:255,0
DA:256,0
DA:267,0
DA:269,0
DA:270,0
DA:272,0
DA:276,0
DA:277,0
DA:278,0
DA:285,0
DA:288,0
DA:298,0
DA:380,0
DA:405,0
DA:559,0
DA:632,0
DA:682,0
DA:689,0
DA:752,0
DA:763,0
DA:764,0
DA:765,0
DA:795,0
DA:796,0
LF:118
LH:0
BRDA:37,0,0,0
BRDA:42,1,0,0
BRDA:42,1,1,0
BRDA:44,2,0,0
BRDA:44,2,1,0
BRDA:57,3,0,0
BRDA:57,3,1,0
BRDA:106,4,0,0
BRDA:106,4,1,0
BRDA:106,5,0,0
BRDA:106,5,1,0
BRDA:107,6,0,0
BRDA:107,6,1,0
BRDA:111,7,0,0
BRDA:111,7,1,0
BRDA:117,8,0,0
BRDA:117,8,1,0
BRDA:117,9,0,0
BRDA:117,9,1,0
BRDA:119,10,0,0
BRDA:119,10,1,0
BRDA:140,11,0,0
BRDA:140,11,1,0
BRDA:141,12,0,0
BRDA:141,12,1,0
BRDA:144,13,0,0
BRDA:144,13,1,0
BRDA:144,14,0,0
BRDA:144,14,1,0
BRDA:146,15,0,0
BRDA:146,15,1,0
BRDA:147,16,0,0
BRDA:147,16,1,0
BRDA:148,17,0,0
BRDA:148,17,1,0
BRDA:160,18,0,0
BRDA:160,18,1,0
BRDA:167,19,0,0
BRDA:167,19,1,0
BRDA:196,20,0,0
BRDA:196,20,1,0
BRDA:211,21,0,0
BRDA:211,21,1,0
BRDA:216,22,0,0
BRDA:216,22,1,0
BRDA:232,23,0,0
BRDA:232,23,1,0
BRDA:232,24,0,0
BRDA:232,24,1,0
BRDA:232,24,2,0
BRDA:238,25,0,0
BRDA:238,25,1,0
BRDA:253,26,0,0
BRDA:253,26,1,0
BRDA:267,27,0,0
BRDA:267,27,1,0
BRDA:281,28,0,0
BRDA:281,28,1,0
BRDA:288,29,0,0
BRDA:288,29,1,0
BRDA:288,29,2,0
BRDA:288,30,0,0
BRDA:288,30,1,0
BRDA:291,31,0,0
BRDA:291,31,1,0
BRDA:294,32,0,0
BRDA:294,32,1,0
BRDA:302,33,0,0
BRDA:302,33,1,0
BRDA:305,34,0,0
BRDA:305,34,1,0
BRDA:329,35,0,0
BRDA:329,35,1,0
BRDA:332,36,0,0
BRDA:332,36,1,0
BRDA:335,37,0,0
BRDA:335,37,1,0
BRDA:341,38,0,0
BRDA:341,38,1,0
BRDA:350,39,0,0
BRDA:350,39,1,0
BRDA:353,40,0,0
BRDA:353,40,1,0
BRDA:358,41,0,0
BRDA:358,41,1,0
BRDA:367,42,0,0
BRDA:367,42,1,0
BRDA:376,43,0,0
BRDA:376,43,1,0
BRDA:390,44,0,0
BRDA:390,44,1,0
BRDA:400,45,0,0
BRDA:400,45,1,0
BRDA:403,46,0,0
BRDA:403,46,1,0
BRDA:419,47,0,0
BRDA:419,47,1,0
BRDA:444,48,0,0
BRDA:444,48,1,0
BRDA:471,49,0,0
BRDA:471,49,1,0
BRDA:480,50,0,0
BRDA:480,50,1,0
BRDA:498,51,0,0
BRDA:498,51,1,0
BRDA:502,52,0,0
BRDA:502,52,1,0
BRDA:505,53,0,0
BRDA:505,53,1,0
BRDA:521,54,0,0
BRDA:521,54,1,0
BRDA:524,55,0,0
BRDA:524,55,1,0
BRDA:528,56,0,0
BRDA:528,56,1,0
BRDA:533,57,0,0
BRDA:533,57,1,0
BRDA:547,58,0,0
BRDA:547,58,1,0
BRDA:552,59,0,0
BRDA:552,59,1,0
BRDA:560,60,0,0
BRDA:560,60,1,0
BRDA:567,61,0,0
BRDA:567,61,1,0
BRDA:567,62,0,0
BRDA:567,62,1,0
BRDA:575,63,0,0
BRDA:575,63,1,0
BRDA:579,64,0,0
BRDA:579,64,1,0
BRDA:584,65,0,0
BRDA:584,65,1,0
BRDA:589,66,0,0
BRDA:589,66,1,0
BRDA:594,67,0,0
BRDA:594,67,1,0
BRDA:599,68,0,0
BRDA:599,68,1,0
BRDA:604,69,0,0
BRDA:604,69,1,0
BRDA:609,70,0,0
BRDA:609,70,1,0
BRDA:616,71,0,0
BRDA:616,71,1,0
BRDA:618,72,0,0
BRDA:618,72,1,0
BRDA:622,73,0,0
BRDA:622,73,1,0
BRDA:634,74,0,0
BRDA:634,74,1,0
BRDA:637,75,0,0
BRDA:637,75,1,0
BRDA:642,76,0,0
BRDA:642,76,1,0
BRDA:647,77,0,0
BRDA:647,77,1,0
BRDA:650,78,0,0
BRDA:650,78,1,0
BRDA:656,79,0,0
BRDA:656,79,1,0
BRDA:661,80,0,0
BRDA:661,80,1,0
BRDA:664,81,0,0
BRDA:664,81,1,0
BRDA:666,82,0,0
BRDA:666,82,1,0
BRDA:670,83,0,0
BRDA:670,83,1,0
BRDA:675,84,0,0
BRDA:675,84,1,0
BRDA:683,85,0,0
BRDA:683,85,1,0
BRDA:690,86,0,0
BRDA:690,86,1,0
BRDA:712,87,0,0
BRDA:712,87,1,0
BRDA:712,87,2,0
BRDA:715,88,0,0
BRDA:715,88,1,0
BRDA:725,89,0,0
BRDA:725,89,1,0
BRDA:730,90,0,0
BRDA:730,90,1,0
BRDA:733,91,0,0
BRDA:733,91,1,0
BRDA:738,92,0,0
BRDA:738,92,1,0
BRDA:744,93,0,0
BRDA:744,93,1,0
BRDA:753,94,0,0
BRDA:753,94,1,0
BRDA:759,95,0,0
BRDA:759,95,1,0
BRDA:767,96,0,0
BRDA:767,96,1,0
BRDA:774,97,0,0
BRDA:774,97,1,0
BRDA:786,98,0,0
BRDA:786,98,1,0
BRDA:786,98,2,0
BRDA:789,99,0,0
BRDA:789,99,1,0
BRDA:807,100,0,0
BRDA:807,100,1,0
BRDA:816,101,0,0
BRDA:816,101,1,0
BRDA:821,102,0,0
BRDA:821,102,1,0
BRDA:830,103,0,0
BRDA:830,103,1,0
BRDA:837,104,0,0
BRDA:837,104,1,0
BRDA:846,105,0,0
BRDA:846,105,1,0
BRDA:851,106,0,0
BRDA:851,106,1,0
BRDA:860,107,0,0
BRDA:860,107,1,0
BRDA:864,108,0,0
BRDA:864,108,1,0
BRF:221
BRH:0
end_of_record
TN:
SF:src\components\TrendingPage.jsx
FN:41,(anonymous_0)
FN:56,(anonymous_1)
FN:62,(anonymous_2)
FN:64,(anonymous_3)
FN:76,(anonymous_4)
FN:83,(anonymous_5)
FN:90,(anonymous_6)
FN:96,(anonymous_7)
FN:108,(anonymous_8)
FN:121,(anonymous_9)
FN:127,(anonymous_10)
FN:150,(anonymous_11)
FN:152,(anonymous_12)
FN:188,(anonymous_13)
FN:189,(anonymous_14)
FN:238,(anonymous_15)
FN:252,(anonymous_16)
FN:271,(anonymous_17)
FN:282,(anonymous_18)
FN:348,(anonymous_19)
FN:351,(anonymous_20)
FN:430,(anonymous_21)
FNF:22
FNH:0
FNDA:0,(anonymous_0)
FNDA:0,(anonymous_1)
FNDA:0,(anonymous_2)
FNDA:0,(anonymous_3)
FNDA:0,(anonymous_4)
FNDA:0,(anonymous_5)
FNDA:0,(anonymous_6)
FNDA:0,(anonymous_7)
FNDA:0,(anonymous_8)
FNDA:0,(anonymous_9)
FNDA:0,(anonymous_10)
FNDA:0,(anonymous_11)
FNDA:0,(anonymous_12)
FNDA:0,(anonymous_13)
FNDA:0,(anonymous_14)
FNDA:0,(anonymous_15)
FNDA:0,(anonymous_16)
FNDA:0,(anonymous_17)
FNDA:0,(anonymous_18)
FNDA:0,(anonymous_19)
FNDA:0,(anonymous_20)
FNDA:0,(anonymous_21)
DA:30,0
DA:41,0
DA:42,0
DA:43,0
DA:46,0
DA:47,0
DA:50,0
DA:51,0
DA:53,0
DA:56,0
DA:57,0
DA:58,0
DA:60,0
DA:62,0
DA:63,0
DA:64,0
DA:65,0
DA:66,0
DA:72,0
DA:76,0
DA:77,0
DA:78,0
DA:81,0
DA:82,0
DA:83,0
DA:86,0
DA:90,0
DA:91,0
DA:92,0
DA:93,0
DA:96,0
DA:97,0
DA:98,0
DA:99,0
DA:105,0
DA:108,0
DA:109,0
DA:111,0
DA:113,0
DA:117,0
DA:121,0
DA:122,0
DA:123,0
DA:124,0
DA:127,0
DA:128,0
DA:129,0
DA:130,0
DA:137,0
DA:138,0
DA:140,0
DA:142,0
DA:146,0
DA:150,0
DA:151,0
DA:152,0
DA:177,0
DA:188,0
DA:189,0
DA:191,0
DA:194,0
DA:195,0
DA:197,0
DA:239,0
DA:240,0
DA:253,0
DA:271,0
DA:283,0
DA:349,0
DA:351,0
DA:431,0
LF:71
LH:0
BRDA:41,0,0,0
BRDA:58,1,0,0
BRDA:58,1,1,0
BRDA:58,2,0,0
BRDA:58,2,1,0
BRDA:60,3,0,0
BRDA:60,3,1,0
BRDA:63,4,0,0
BRDA:63,4,1,0
BRDA:65,5,0,0
BRDA:65,5,1,0
BRDA:66,6,0,0
BRDA:66,6,1,0
BRDA:72,7,0,0
BRDA:72,7,1,0
BRDA:78,8,0,0
BRDA:78,8,1,0
BRDA:81,9,0,0
BRDA:81,9,1,0
BRDA:82,10,0,0
BRDA:82,10,1,0
BRDA:83,11,0,0
BRDA:83,11,1,0
BRDA:91,12,0,0
BRDA:91,12,1,0
BRDA:105,13,0,0
BRDA:105,13,1,0
BRDA:122,14,0,0
BRDA:122,14,1,0
BRDA:122,15,0,0
BRDA:122,15,1,0
BRDA:137,16,0,0
BRDA:137,16,1,0
BRDA:138,17,0,0
BRDA:138,17,1,0
BRDA:151,18,0,0
BRDA:151,18,1,0
BRDA:159,19,0,0
BRDA:159,19,1,0
BRDA:160,20,0,0
BRDA:160,20,1,0
BRDA:161,21,0,0
BRDA:161,21,1,0
BRDA:162,22,0,0
BRDA:162,22,1,0
BRDA:163,23,0,0
BRDA:163,23,1,0
BRDA:164,24,0,0
BRDA:164,24,1,0
BRDA:165,25,0,0
BRDA:165,25,1,0
BRDA:166,26,0,0
BRDA:166,26,1,0
BRDA:191,27,0,0
BRDA:191,27,1,0
BRDA:194,28,0,0
BRDA:194,28,1,0
BRDA:195,29,0,0
BRDA:195,29,1,0
BRDA:212,30,0,0
BRDA:212,30,1,0
BRDA:243,31,0,0
BRDA:243,31,1,0
BRDA:249,32,0,0
BRDA:249,32,1,0
BRDA:272,33,0,0
BRDA:272,33,1,0
BRDA:274,34,0,0
BRDA:274,34,1,0
BRDA:280,35,0,0
BRDA:280,35,1,0
BRDA:295,36,0,0
BRDA:295,36,1,0
BRDA:301,37,0,0
BRDA:301,37,1,0
BRDA:312,38,0,0
BRDA:312,38,1,0
BRDA:330,39,0,0
BRDA:330,39,1,0
BRDA:330,40,0,0
BRDA:330,40,1,0
BRDA:331,41,0,0
BRDA:331,41,1,0
BRDA:333,42,0,0
BRDA:333,42,1,0
BRDA:338,43,0,0
BRDA:338,43,1,0
BRDA:353,44,0,0
BRDA:353,44,1,0
BRDA:358,45,0,0
BRDA:358,45,1,0
BRDA:361,46,0,0
BRDA:361,46,1,0
BRDA:364,47,0,0
BRDA:364,47,1,0
BRDA:366,48,0,0
BRDA:366,48,1,0
BRDA:371,49,0,0
BRDA:371,49,1,0
BRDA:395,50,0,0
BRDA:395,50,1,0
BRDA:400,51,0,0
BRDA:400,51,1,0
BRDA:408,52,0,0
BRDA:408,52,1,0
BRDA:414,53,0,0
BRDA:414,53,1,0
BRDA:419,54,0,0
BRDA:419,54,1,0
BRDA:420,55,0,0
BRDA:420,55,1,0
BRDA:424,56,0,0
BRDA:424,56,1,0
BRDA:431,57,0,0
BRDA:431,57,1,0
BRDA:432,58,0,0
BRDA:432,58,1,0
BRDA:447,59,0,0
BRDA:447,59,1,0
BRF:119
BRH:0
end_of_record
TN:
SF:src\components\UnitManagementPage.jsx
FN:20,UnitManagementPage
FN:32,(anonymous_1)
FN:46,(anonymous_2)
FN:51,(anonymous_3)
FN:118,(anonymous_4)
FN:149,(anonymous_5)
FN:173,(anonymous_6)
FN:254,(anonymous_7)
FN:258,(anonymous_8)
FN:272,(anonymous_9)
FN:287,(anonymous_10)
FN:302,(anonymous_11)
FN:335,(anonymous_12)
FN:345,(anonymous_13)
FN:360,(anonymous_14)
FN:381,(anonymous_15)
FNF:16
FNH:0
FNDA:0,UnitManagementPage
FNDA:0,(anonymous_1)
FNDA:0,(anonymous_2)
FNDA:0,(anonymous_3)
FNDA:0,(anonymous_4)
FNDA:0,(anonymous_5)
FNDA:0,(anonymous_6)
FNDA:0,(anonymous_7)
FNDA:0,(anonymous_8)
FNDA:0,(anonymous_9)
FNDA:0,(anonymous_10)
FNDA:0,(anonymous_11)
FNDA:0,(anonymous_12)
FNDA:0,(anonymous_13)
FNDA:0,(anonymous_14)
FNDA:0,(anonymous_15)
DA:18,0
DA:25,0
DA:26,0
DA:27,0
DA:30,0
DA:32,0
DA:33,0
DA:34,0
DA:35,0
DA:36,0
DA:37,0
DA:38,0
DA:40,0
DA:42,0
DA:46,0
DA:47,0
DA:51,0
DA:52,0
DA:57,0
DA:59,0
DA:60,0
DA:62,0
DA:63,0
DA:64,0
DA:65,0
DA:67,0
DA:68,0
DA:71,0
DA:72,0
DA:81,0
DA:85,0
DA:86,0
DA:87,0
DA:98,0
DA:99,0
DA:101,0
DA:106,0
DA:109,0
DA:111,0
DA:113,0
DA:118,0
DA:119,0
DA:120,0
DA:121,0
DA:123,0
DA:124,0
DA:125,0
DA:137,0
DA:138,0
DA:140,0
DA:141,0
DA:142,0
DA:144,0
DA:149,0
DA:150,0
DA:155,0
DA:157,0
DA:158,0
DA:159,0
DA:163,0
DA:164,0
DA:166,0
DA:167,0
DA:169,0
DA:173,0
DA:174,0
DA:175,0
DA:176,0
DA:180,0
DA:181,0
DA:182,0
DA:183,0
DA:185,0
DA:188,0
DA:192,0
DA:254,0
DA:259,0
DA:272,0
DA:288,0
DA:303,0
DA:336,0
DA:345,0
DA:361,0
DA:381,0
LF:84
LH:0
BRDA:38,0,0,0
BRDA:38,0,1,0
BRDA:52,1,0,0
BRDA:52,1,1,0
BRDA:93,2,0,0
BRDA:93,2,1,0
BRDA:94,3,0,0
BRDA:94,3,1,0
BRDA:98,4,0,0
BRDA:98,4,1,0
BRDA:120,5,0,0
BRDA:120,5,1,0
BRDA:120,6,0,0
BRDA:120,6,1,0
BRDA:131,7,0,0
BRDA:131,7,1,0
BRDA:132,8,0,0
BRDA:132,8,1,0
BRDA:138,9,0,0
BRDA:138,9,1,0
BRDA:150,10,0,0
BRDA:150,10,1,0
BRDA:164,11,0,0
BRDA:164,11,1,0
BRDA:174,12,0,0
BRDA:174,12,1,0
BRDA:181,13,0,0
BRDA:181,13,1,0
BRDA:194,14,0,0
BRDA:194,14,1,0
BRDA:211,15,0,0
BRDA:211,15,1,0
BRDA:214,16,0,0
BRDA:214,16,1,0
BRDA:231,17,0,0
BRDA:231,17,1,0
BRDA:242,18,0,0
BRDA:242,18,1,0
BRDA:255,19,0,0
BRDA:255,19,1,0
BRDA:274,20,0,0
BRDA:274,20,1,0
BRDA:291,21,0,0
BRDA:291,21,1,0
BRDA:306,22,0,0
BRDA:306,22,1,0
BRDA:323,23,0,0
BRDA:323,23,1,0
BRDA:323,23,2,0
BRDA:338,24,0,0
BRDA:338,24,1,0
BRDA:354,25,0,0
BRDA:354,25,1,0
BRDA:370,26,0,0
BRDA:370,26,1,0
BRDA:370,27,0,0
BRDA:370,27,1,0
BRF:57
BRH:0
end_of_record
TN:
SF:src\components\UserManagementPage.jsx
FN:21,UserManagementPage
FN:35,(anonymous_1)
FN:52,(anonymous_2)
FN:56,(anonymous_3)
FN:131,(anonymous_4)
FN:174,(anonymous_5)
FN:211,(anonymous_6)
FN:246,(anonymous_7)
FN:301,(anonymous_8)
FN:324,(anonymous_9)
FN:340,(anonymous_10)
FN:388,(anonymous_11)
FN:406,(anonymous_12)
FNF:13
FNH:12
FNDA:80,UserManagementPage
FNDA:12,(anonymous_1)
FNDA:10,(anonymous_2)
FNDA:1,(anonymous_3)
FNDA:1,(anonymous_4)
FNDA:5,(anonymous_5)
FNDA:116,(anonymous_6)
FNDA:1,(anonymous_7)
FNDA:20,(anonymous_8)
FNDA:11,(anonymous_9)
FNDA:1,(anonymous_10)
FNDA:9,(anonymous_11)
FNDA:0,(anonymous_12)
DA:19,1
DA:22,80
DA:23,80
DA:24,80
DA:25,80
DA:28,80
DA:35,80
DA:36,12
DA:37,12
DA:38,12
DA:43,12
DA:44,11
DA:46,1
DA:48,12
DA:52,80
DA:53,10
DA:56,80
DA:57,1
DA:58,1
DA:60,1
DA:62,1
DA:63,0
DA:64,0
DA:65,0
DA:68,1
DA:70,1
DA:75,1
DA:77,0
DA:78,0
DA:80,0
DA:83,1
DA:85,1
DA:89,1
DA:101,1
DA:104,1
DA:105,1
DA:110,1
DA:111,0
DA:115,1
DA:116,1
DA:117,1
DA:123,1
DA:125,0
DA:127,1
DA:131,80
DA:132,1
DA:134,1
DA:135,1
DA:136,0
DA:137,0
DA:140,1
DA:141,1
DA:142,1
DA:147,1
DA:148,1
DA:150,1
DA:151,1
DA:153,0
DA:157,80
DA:159,80
DA:174,5
DA:212,116
DA:246,1
DA:302,20
DA:325,11
DA:341,1
DA:389,9
DA:406,0
LF:68
LH:56
BRDA:21,0,0,0
BRDA:43,1,0,1
BRDA:43,1,1,11
BRDA:44,2,0,11
BRDA:44,2,1,0
BRDA:62,3,0,0
BRDA:62,3,1,1
BRDA:62,4,0,1
BRDA:62,4,1,1
BRDA:75,5,0,0
BRDA:75,5,1,1
BRDA:77,6,0,0
BRDA:77,6,1,0
BRDA:83,7,0,0
BRDA:83,7,1,1
BRDA:95,8,0,0
BRDA:95,8,1,1
BRDA:101,9,0,0
BRDA:101,9,1,1
BRDA:104,10,0,1
BRDA:104,10,1,0
BRDA:110,11,0,0
BRDA:110,11,1,1
BRDA:110,12,0,1
BRDA:110,12,1,0
BRDA:132,13,0,0
BRDA:132,13,1,1
BRDA:135,14,0,0
BRDA:135,14,1,1
BRDA:148,15,0,0
BRDA:148,15,1,1
BRDA:161,16,0,80
BRDA:161,16,1,0
BRDA:182,17,0,80
BRDA:182,17,1,0
BRDA:187,18,0,80
BRDA:187,18,1,0
BRDA:198,19,0,11
BRDA:198,19,1,69
BRDA:204,20,0,11
BRDA:204,20,1,58
BRDA:216,21,0,0
BRDA:216,21,1,116
BRDA:218,22,0,116
BRDA:218,22,1,0
BRDA:220,23,0,116
BRDA:220,23,1,0
BRDA:226,24,0,0
BRDA:226,24,1,116
BRDA:237,25,0,116
BRDA:237,25,1,0
BRDA:241,26,0,116
BRDA:241,26,1,0
BRDA:244,27,0,116
BRDA:244,27,1,116
BRDA:263,28,0,80
BRDA:263,28,1,47
BRDA:266,29,0,47
BRDA:266,29,1,0
BRDA:269,30,0,47
BRDA:269,30,1,0
BRDA:280,31,0,47
BRDA:280,31,1,0
BRDA:304,32,0,47
BRDA:304,32,1,0
BRDA:328,33,0,47
BRDA:328,33,1,0
BRDA:343,34,0,47
BRDA:343,34,1,0
BRDA:356,35,0,47
BRDA:356,35,1,0
BRDA:368,36,0,47
BRDA:368,36,1,0
BRDA:393,37,0,1
BRDA:393,37,1,46
BRDA:396,38,0,47
BRDA:396,38,1,0
BRDA:416,39,0,1
BRDA:416,39,1,46
BRF:79
BRH:46
end_of_record
TN:
SF:src\components\VoltyAssistant.jsx
FN:55,(anonymous_0)
FN:63,(anonymous_1)
FN:70,(anonymous_2)
FN:82,(anonymous_3)
FN:89,(anonymous_4)
FN:98,(anonymous_5)
FN:121,(anonymous_6)
FN:128,(anonymous_7)
FN:159,(anonymous_8)
FN:191,(anonymous_9)
FN:214,(anonymous_10)
FN:249,(anonymous_11)
FN:269,(anonymous_12)
FNF:13
FNH:0
FNDA:0,(anonymous_0)
FNDA:0,(anonymous_1)
FNDA:0,(anonymous_2)
FNDA:0,(anonymous_3)
FNDA:0,(anonymous_4)
FNDA:0,(anonymous_5)
FNDA:0,(anonymous_6)
FNDA:0,(anonymous_7)
FNDA:0,(anonymous_8)
FNDA:0,(anonymous_9)
FNDA:0,(anonymous_10)
FNDA:0,(anonymous_11)
FNDA:0,(anonymous_12)
DA:7,0
DA:55,0
DA:56,0
DA:57,0
DA:58,0
DA:59,0
DA:60,0
DA:63,0
DA:64,0
DA:65,0
DA:70,0
DA:71,0
DA:72,0
DA:73,0
DA:74,0
DA:76,0
DA:82,0
DA:83,0
DA:84,0
DA:89,0
DA:90,0
DA:91,0
DA:92,0
DA:93,0
DA:98,0
DA:99,0
DA:100,0
DA:102,0
DA:103,0
DA:104,0
DA:106,0
DA:108,0
DA:113,0
DA:116,0
DA:121,0
DA:123,0
DA:128,0
DA:130,0
DA:134,0
DA:135,0
DA:136,0
DA:138,0
DA:139,0
DA:140,0
DA:141,0
DA:142,0
DA:143,0
DA:144,0
DA:147,0
DA:159,0
DA:192,0
DA:193,0
DA:215,0
DA:249,0
DA:269,0
LF:55
LH:0
BRDA:64,0,0,0
BRDA:64,0,1,0
BRDA:72,1,0,0
BRDA:72,1,1,0
BRDA:83,2,0,0
BRDA:83,2,1,0
BRDA:90,3,0,0
BRDA:90,3,1,0
BRDA:90,4,0,0
BRDA:90,4,1,0
BRDA:92,5,0,0
BRDA:92,5,1,0
BRDA:92,6,0,0
BRDA:92,6,1,0
BRDA:100,7,0,0
BRDA:100,7,1,0
BRDA:138,8,0,0
BRDA:138,8,1,0
BRDA:138,9,0,0
BRDA:138,9,1,0
BRDA:138,9,2,0
BRDA:142,10,0,0
BRDA:142,10,1,0
BRDA:151,11,0,0
BRDA:151,11,1,0
BRDA:172,12,0,0
BRDA:172,12,1,0
BRDA:183,13,0,0
BRDA:183,13,1,0
BRDA:202,14,0,0
BRDA:202,14,1,0
BRDA:209,15,0,0
BRDA:209,15,1,0
BRDA:231,16,0,0
BRDA:231,16,1,0
BRDA:244,17,0,0
BRDA:244,17,1,0
BRDA:269,18,0,0
BRDA:269,18,1,0
BRDA:273,19,0,0
BRDA:273,19,1,0
BRF:41
BRH:0
end_of_record
TN:
SF:src\hooks\useAutoLogout.js
FN:3,(anonymous_0)
FN:9,(anonymous_1)
FN:13,(anonymous_2)
FN:14,(anonymous_3)
FN:20,(anonymous_4)
FN:36,(anonymous_5)
FN:44,(anonymous_6)
FN:46,(anonymous_7)
FNF:8
FNH:0
FNDA:0,(anonymous_0)
FNDA:0,(anonymous_1)
FNDA:0,(anonymous_2)
FNDA:0,(anonymous_3)
FNDA:0,(anonymous_4)
FNDA:0,(anonymous_5)
FNDA:0,(anonymous_6)
FNDA:0,(anonymous_7)
DA:3,0
DA:4,0
DA:5,0
DA:9,0
DA:10,0
DA:13,0
DA:14,0
DA:15,0
DA:16,0
DA:20,0
DA:21,0
DA:23,0
DA:26,0
DA:36,0
DA:37,0
DA:41,0
DA:44,0
DA:45,0
DA:46,0
DA:47,0
LF:20
LH:0
BRDA:3,0,0,0
BRDA:15,1,0,0
BRDA:15,1,1,0
BRDA:21,2,0,0
BRDA:21,2,1,0
BRDA:45,3,0,0
BRDA:45,3,1,0
BRF:7
BRH:0
end_of_record
TN:
SF:src\lib\supabaseClient.js
FN:25,(anonymous_0)
FN:26,(anonymous_1)
FN:27,(anonymous_2)
FN:28,(anonymous_3)
FN:29,(anonymous_4)
FN:34,(anonymous_5)
FN:35,(anonymous_6)
FN:36,(anonymous_7)
FN:38,(anonymous_8)
FN:39,(anonymous_9)
FNF:10
FNH:0
FNDA:0,(anonymous_0)
FNDA:0,(anonymous_1)
FNDA:0,(anonymous_2)
FNDA:0,(anonymous_3)
FNDA:0,(anonymous_4)
FNDA:0,(anonymous_5)
FNDA:0,(anonymous_6)
FNDA:0,(anonymous_7)
FNDA:0,(anonymous_8)
FNDA:0,(anonymous_9)
DA:3,0
DA:4,0
DA:7,0
DA:9,0
DA:10,0
DA:14,0
DA:25,0
DA:26,0
DA:27,0
DA:28,0
DA:29,0
DA:34,0
DA:35,0
DA:38,0
LF:14
LH:0
BRDA:7,0,0,0
BRDA:7,0,1,0
BRDA:9,1,0,0
BRDA:9,1,1,0
BRDA:14,2,0,0
BRDA:14,2,1,0
BRF:6
BRH:0
end_of_record
TN:
SF:src\utils\PDFGenerator.js
FN:48,(anonymous_0)
FN:60,(anonymous_1)
FN:71,(anonymous_2)
FN:112,(anonymous_3)
FN:125,(anonymous_4)
FN:149,(anonymous_5)
FN:155,(anonymous_6)
FN:188,(anonymous_7)
FN:194,(anonymous_8)
FN:214,(anonymous_9)
FN:254,(anonymous_10)
FN:260,(anonymous_11)
FN:263,(anonymous_12)
FN:264,(anonymous_13)
FN:278,(anonymous_14)
FN:287,(anonymous_15)
FN:440,(anonymous_16)
FN:483,(anonymous_17)
FN:499,(anonymous_18)
FN:580,(anonymous_19)
FN:589,(anonymous_20)
FN:621,(anonymous_21)
FN:1074,(anonymous_22)
FN:1151,(anonymous_23)
FN:1340,(anonymous_24)
FN:1351,(anonymous_25)
FN:1438,(anonymous_26)
FN:1445,(anonymous_27)
FN:1538,(anonymous_28)
FN:1551,(anonymous_29)
FNF:30
FNH:2
FNDA:13,(anonymous_0)
FNDA:26,(anonymous_1)
FNDA:0,(anonymous_2)
FNDA:0,(anonymous_3)
FNDA:0,(anonymous_4)
FNDA:0,(anonymous_5)
FNDA:0,(anonymous_6)
FNDA:0,(anonymous_7)
FNDA:0,(anonymous_8)
FNDA:0,(anonymous_9)
FNDA:0,(anonymous_10)
FNDA:0,(anonymous_11)
FNDA:0,(anonymous_12)
FNDA:0,(anonymous_13)
FNDA:0,(anonymous_14)
FNDA:0,(anonymous_15)
FNDA:0,(anonymous_16)
FNDA:0,(anonymous_17)
FNDA:0,(anonymous_18)
FNDA:0,(anonymous_19)
FNDA:0,(anonymous_20)
FNDA:0,(anonymous_21)
FNDA:0,(anonymous_22)
FNDA:0,(anonymous_23)
FNDA:0,(anonymous_24)
FNDA:0,(anonymous_25)
FNDA:0,(anonymous_26)
FNDA:0,(anonymous_27)
FNDA:0,(anonymous_28)
FNDA:0,(anonymous_29)
DA:9,1
DA:16,1
DA:24,1
DA:33,1
DA:48,1
DA:49,13
DA:60,1
DA:61,26
DA:62,10
DA:63,16
DA:64,9
DA:66,7
DA:71,1
DA:72,0
DA:73,0
DA:76,0
DA:79,0
DA:85,0
DA:89,0
DA:95,0
DA:99,0
DA:104,0
DA:108,0
DA:112,1
DA:113,0
DA:114,0
DA:115,0
DA:116,0
DA:117,0
DA:118,0
DA:120,0
DA:125,1
DA:126,0
DA:127,0
DA:137,0
DA:138,0
DA:140,0
DA:141,0
DA:142,0
DA:143,0
DA:144,0
DA:145,0
DA:149,1
DA:150,0
DA:151,0
DA:155,1
DA:156,0
DA:157,0
DA:159,0
DA:162,0
DA:163,0
DA:164,0
DA:165,0
DA:166,0
DA:167,0
DA:168,0
DA:169,0
DA:170,0
DA:171,0
DA:172,0
DA:174,0
DA:175,0
DA:176,0
DA:177,0
DA:178,0
DA:179,0
DA:182,0
DA:184,0
DA:188,1
DA:189,0
DA:190,0
DA:192,0
DA:194,0
DA:197,0
DA:198,0
DA:199,0
DA:200,0
DA:201,0
DA:203,0
DA:204,0
DA:212,0
DA:213,0
DA:214,0
DA:215,0
DA:216,0
DA:223,0
DA:226,0
DA:229,0
DA:232,0
DA:235,0
DA:238,0
DA:241,0
DA:244,0
DA:245,0
DA:247,0
DA:248,0
DA:249,0
DA:254,1
DA:255,0
DA:256,0
DA:258,0
DA:260,0
DA:261,0
DA:263,0
DA:264,0
DA:267,0
DA:278,0
DA:284,0
DA:287,0
DA:290,0
DA:293,0
DA:294,0
DA:306,0
DA:307,0
DA:308,0
DA:309,0
DA:310,0
DA:317,0
DA:329,0
DA:343,0
DA:358,0
DA:372,0
DA:388,0
DA:405,0
DA:418,0
DA:419,0
DA:420,0
DA:427,0
DA:428,0
DA:429,0
DA:438,0
DA:439,0
DA:440,0
DA:441,0
DA:445,0
DA:446,0
DA:447,0
DA:448,0
DA:449,0
DA:450,0
DA:451,0
DA:452,0
DA:455,0
DA:456,0
DA:457,0
DA:458,0
DA:459,0
DA:460,0
DA:461,0
DA:462,0
DA:463,0
DA:466,0
DA:467,0
DA:468,0
DA:469,0
DA:470,0
DA:472,0
DA:473,0
DA:481,0
DA:482,0
DA:483,0
DA:484,0
DA:485,0
DA:488,0
DA:489,0
DA:492,0
DA:493,0
DA:494,0
DA:495,0
DA:499,1
DA:500,0
DA:501,0
DA:503,0
DA:510,0
DA:513,0
DA:514,0
DA:517,0
DA:526,0
DA:528,0
DA:535,0
DA:536,0
DA:537,0
DA:538,0
DA:539,0
DA:540,0
DA:541,0
DA:542,0
DA:544,0
DA:551,0
DA:552,0
DA:553,0
DA:554,0
DA:557,0
DA:559,0
DA:562,0
DA:563,0
DA:565,0
DA:574,0
DA:580,0
DA:581,0
DA:582,0
DA:583,0
DA:584,0
DA:585,0
DA:589,0
DA:590,0
DA:591,0
DA:592,0
DA:593,0
DA:594,0
DA:597,0
DA:603,0
DA:604,0
DA:605,0
DA:606,0
DA:609,0
DA:610,0
DA:611,0
DA:612,0
DA:615,0
DA:616,0
DA:618,0
DA:621,0
DA:622,0
DA:623,0
DA:624,0
DA:625,0
DA:628,0
DA:687,0
DA:718,0
DA:720,0
DA:774,0
DA:833,0
DA:864,0
DA:866,0
DA:910,0
DA:916,0
DA:919,0
DA:920,0
DA:921,0
DA:922,0
DA:924,0
DA:927,0
DA:928,0
DA:929,0
DA:930,0
DA:931,0
DA:936,0
DA:937,0
DA:938,0
DA:940,0
DA:943,0
DA:944,0
DA:945,0
DA:946,0
DA:947,0
DA:952,0
DA:953,0
DA:954,0
DA:956,0
DA:959,0
DA:960,0
DA:961,0
DA:962,0
DA:963,0
DA:968,0
DA:969,0
DA:970,0
DA:973,0
DA:974,0
DA:975,0
DA:976,0
DA:983,0
DA:985,0
DA:1047,0
DA:1053,0
DA:1056,0
DA:1057,0
DA:1058,0
DA:1059,0
DA:1061,0
DA:1064,0
DA:1074,0
DA:1075,0
DA:1076,0
DA:1078,0
DA:1079,0
DA:1080,0
DA:1082,0
DA:1084,0
DA:1085,0
DA:1087,0
DA:1088,0
DA:1090,0
DA:1094,0
DA:1095,0
DA:1096,0
DA:1099,0
DA:1108,0
DA:1109,0
DA:1110,0
DA:1111,0
DA:1121,0
DA:1123,0
DA:1126,0
DA:1127,0
DA:1128,0
DA:1129,0
DA:1131,0
DA:1134,0
DA:1135,0
DA:1136,0
DA:1137,0
DA:1139,0
DA:1142,0
DA:1143,0
DA:1145,0
DA:1151,0
DA:1152,0
DA:1153,0
DA:1154,0
DA:1155,0
DA:1156,0
DA:1157,0
DA:1160,0
DA:1164,0
DA:1169,0
DA:1170,0
DA:1173,0
DA:1181,0
DA:1219,0
DA:1220,0
DA:1221,0
DA:1222,0
DA:1230,0
DA:1237,0
DA:1239,0
DA:1242,0
DA:1243,0
DA:1244,0
DA:1245,0
DA:1247,0
DA:1250,0
DA:1251,0
DA:1252,0
DA:1253,0
DA:1255,0
DA:1257,0
DA:1301,0
DA:1329,0
DA:1332,0
DA:1333,0
DA:1334,0
DA:1335,0
DA:1337,0
DA:1340,0
DA:1343,0
DA:1351,0
DA:1352,0
DA:1353,0
DA:1370,0
DA:1403,0
DA:1437,0
DA:1438,0
DA:1439,0
DA:1440,0
DA:1444,0
DA:1445,0
DA:1446,0
DA:1447,0
DA:1450,0
DA:1477,0
DA:1505,0
DA:1506,0
DA:1507,0
DA:1508,0
DA:1519,0
DA:1521,0
DA:1524,0
DA:1525,0
DA:1527,0
DA:1529,0
DA:1530,0
DA:1531,0
DA:1533,0
DA:1538,1
DA:1539,0
DA:1546,0
DA:1551,1
DA:1553,0
LF:390
LH:22
BRDA:50,0,0,13
BRDA:50,0,1,2
BRDA:51,1,0,13
BRDA:51,1,1,3
BRDA:52,2,0,13
BRDA:52,2,1,6
BRDA:53,3,0,13
BRDA:53,3,1,7
BRDA:54,4,0,13
BRDA:54,4,1,7
BRDA:55,5,0,13
BRDA:55,5,1,6
BRDA:61,6,0,10
BRDA:61,6,1,16
BRDA:63,7,0,9
BRDA:63,7,1,7
BRDA:72,8,0,0
BRDA:72,8,1,0
BRDA:79,9,0,0
BRDA:79,9,1,0
BRDA:80,10,0,0
BRDA:80,10,1,0
BRDA:80,10,2,0
BRDA:80,10,3,0
BRDA:89,11,0,0
BRDA:89,11,1,0
BRDA:90,12,0,0
BRDA:90,12,1,0
BRDA:90,12,2,0
BRDA:90,12,3,0
BRDA:99,13,0,0
BRDA:99,13,1,0
BRDA:100,14,0,0
BRDA:100,14,1,0
BRDA:100,14,2,0
BRDA:113,15,0,0
BRDA:113,15,1,0
BRDA:115,16,0,0
BRDA:115,16,1,0
BRDA:117,17,0,0
BRDA:117,17,1,0
BRDA:126,18,0,0
BRDA:126,18,1,0
BRDA:138,19,0,0
BRDA:138,19,1,0
BRDA:140,20,0,0
BRDA:140,20,1,0
BRDA:142,21,0,0
BRDA:142,21,1,0
BRDA:143,22,0,0
BRDA:143,22,1,0
BRDA:144,23,0,0
BRDA:144,23,1,0
BRDA:159,24,0,0
BRDA:159,24,1,0
BRDA:159,25,0,0
BRDA:159,25,1,0
BRDA:159,26,0,0
BRDA:159,26,1,0
BRDA:162,27,0,0
BRDA:162,27,1,0
BRDA:167,28,0,0
BRDA:167,28,1,0
BRDA:192,29,0,0
BRDA:192,29,1,0
BRDA:223,30,0,0
BRDA:223,30,1,0
BRDA:223,31,0,0
BRDA:223,31,1,0
BRDA:223,31,2,0
BRDA:226,32,0,0
BRDA:226,32,1,0
BRDA:226,33,0,0
BRDA:226,33,1,0
BRDA:229,34,0,0
BRDA:229,34,1,0
BRDA:229,35,0,0
BRDA:229,35,1,0
BRDA:232,36,0,0
BRDA:232,36,1,0
BRDA:232,37,0,0
BRDA:232,37,1,0
BRDA:232,37,2,0
BRDA:235,38,0,0
BRDA:235,38,1,0
BRDA:235,39,0,0
BRDA:235,39,1,0
BRDA:235,39,2,0
BRDA:238,40,0,0
BRDA:238,40,1,0
BRDA:238,41,0,0
BRDA:238,41,1,0
BRDA:238,41,2,0
BRDA:241,42,0,0
BRDA:241,42,1,0
BRDA:241,43,0,0
BRDA:241,43,1,0
BRDA:241,43,2,0
BRDA:244,44,0,0
BRDA:244,44,1,0
BRDA:245,45,0,0
BRDA:245,45,1,0
BRDA:247,46,0,0
BRDA:247,46,1,0
BRDA:248,47,0,0
BRDA:248,47,1,0
BRDA:258,48,0,0
BRDA:258,48,1,0
BRDA:281,49,0,0
BRDA:282,50,0,0
BRDA:284,51,0,0
BRDA:284,51,1,0
BRDA:499,52,0,0
BRDA:518,53,0,0
BRDA:518,53,1,0
BRDA:519,54,0,0
BRDA:519,54,1,0
BRDA:520,55,0,0
BRDA:520,55,1,0
BRDA:521,56,0,0
BRDA:521,56,1,0
BRDA:522,57,0,0
BRDA:522,57,1,0
BRDA:566,58,0,0
BRDA:566,58,1,0
BRDA:567,59,0,0
BRDA:567,59,1,0
BRDA:568,60,0,0
BRDA:568,60,1,0
BRDA:569,61,0,0
BRDA:569,61,1,0
BRDA:570,62,0,0
BRDA:570,62,1,0
BRDA:571,63,0,0
BRDA:571,63,1,0
BRDA:575,64,0,0
BRDA:575,64,1,0
BRDA:576,65,0,0
BRDA:576,65,1,0
BRDA:622,66,0,0
BRDA:622,66,1,0
BRDA:624,67,0,0
BRDA:624,67,1,0
BRDA:632,68,0,0
BRDA:632,68,1,0
BRDA:640,69,0,0
BRDA:640,69,1,0
BRDA:648,70,0,0
BRDA:648,70,1,0
BRDA:656,71,0,0
BRDA:656,71,1,0
BRDA:664,72,0,0
BRDA:664,72,1,0
BRDA:672,73,0,0
BRDA:672,73,1,0
BRDA:680,74,0,0
BRDA:680,74,1,0
BRDA:777,75,0,0
BRDA:777,75,1,0
BRDA:785,76,0,0
BRDA:785,76,1,0
BRDA:793,77,0,0
BRDA:793,77,1,0
BRDA:801,78,0,0
BRDA:801,78,1,0
BRDA:809,79,0,0
BRDA:809,79,1,0
BRDA:817,80,0,0
BRDA:817,80,1,0
BRDA:825,81,0,0
BRDA:825,81,1,0
BRDA:1082,82,0,0
BRDA:1082,82,1,0
BRDA:1146,83,0,0
BRDA:1146,83,1,0
BRDA:1147,84,0,0
BRDA:1147,84,1,0
BRDA:1148,85,0,0
BRDA:1148,85,1,0
BRDA:1164,86,0,0
BRDA:1164,86,1,0
BRDA:1164,86,2,0
BRDA:1173,87,0,0
BRDA:1173,87,1,0
BRDA:1223,88,0,0
BRDA:1223,88,1,0
BRDA:1355,89,0,0
BRDA:1355,89,1,0
BRDA:1358,90,0,0
BRDA:1358,90,1,0
BRDA:1519,91,0,0
BRDA:1519,91,1,0
BRDA:1524,92,0,0
BRDA:1524,92,1,0
BRDA:1524,93,0,0
BRDA:1524,93,1,0
BRDA:1530,94,0,0
BRDA:1530,94,1,0
BRDA:1541,95,0,0
BRDA:1541,95,1,0
BRDA:1542,96,0,0
BRDA:1542,96,1,0
BRDA:1543,97,0,0
BRDA:1543,97,1,0
BRDA:1544,98,0,0
BRDA:1544,98,1,0
BRF:206
BRH:16
end_of_record
TN:
SF:src\utils\utilityFunctions.js
FN:4,(anonymous_0)
FN:10,(anonymous_1)
FN:14,(anonymous_2)
FN:22,(anonymous_3)
FN:27,(anonymous_4)
FN:33,(anonymous_5)
FN:38,(anonymous_6)
FN:43,(anonymous_7)
FN:47,(anonymous_8)
FN:52,(anonymous_9)
FN:57,(anonymous_10)
FN:64,(anonymous_11)
FN:73,(anonymous_12)
FN:83,(anonymous_13)
FN:84,(anonymous_14)
FN:92,(anonymous_15)
FN:93,(anonymous_16)
FN:96,(anonymous_17)
FN:97,(anonymous_18)
FN:107,(anonymous_19)
FN:111,(anonymous_20)
FN:112,(anonymous_21)
FN:120,(anonymous_22)
FN:121,(anonymous_23)
FN:125,(anonymous_24)
FN:129,(anonymous_25)
FN:133,(anonymous_26)
FN:141,(anonymous_27)
FN:145,(anonymous_28)
FN:154,(anonymous_29)
FNF:30
FNH:30
FNDA:8,(anonymous_0)
FNDA:6,(anonymous_1)
FNDA:6,(anonymous_2)
FNDA:9,(anonymous_3)
FNDA:3,(anonymous_4)
FNDA:7,(anonymous_5)
FNDA:1,(anonymous_6)
FNDA:7,(anonymous_7)
FNDA:2,(anonymous_8)
FNDA:10,(anonymous_9)
FNDA:3,(anonymous_10)
FNDA:5,(anonymous_11)
FNDA:4,(anonymous_12)
FNDA:3,(anonymous_13)
FNDA:4,(anonymous_14)
FNDA:2,(anonymous_15)
FNDA:3,(anonymous_16)
FNDA:2,(anonymous_17)
FNDA:3,(anonymous_18)
FNDA:1,(anonymous_19)
FNDA:2,(anonymous_20)
FNDA:4,(anonymous_21)
FNDA:2,(anonymous_22)
FNDA:4,(anonymous_23)
FNDA:2,(anonymous_24)
FNDA:2,(anonymous_25)
FNDA:3,(anonymous_26)
FNDA:5,(anonymous_27)
FNDA:2,(anonymous_28)
FNDA:4,(anonymous_29)
DA:4,1
DA:5,8
DA:6,8
DA:10,1
DA:11,6
DA:14,1
DA:17,6
DA:18,6
DA:22,1
DA:23,9
DA:24,9
DA:27,1
DA:28,3
DA:29,3
DA:33,1
DA:34,7
DA:35,7
DA:38,1
DA:39,1
DA:43,1
DA:44,7
DA:47,1
DA:48,2
DA:52,1
DA:53,10
DA:54,10
DA:57,1
DA:58,3
DA:59,3
DA:60,3
DA:64,1
DA:65,5
DA:70,5
DA:73,1
DA:74,4
DA:79,4
DA:83,1
DA:84,3
DA:85,4
DA:86,4
DA:87,4
DA:88,4
DA:92,1
DA:93,3
DA:96,1
DA:97,2
DA:98,3
DA:99,2
DA:101,3
DA:102,3
DA:107,1
DA:108,1
DA:111,1
DA:112,2
DA:113,4
DA:114,3
DA:116,4
DA:120,1
DA:121,4
DA:125,1
DA:126,2
DA:129,1
DA:130,2
DA:133,1
DA:134,3
DA:141,5
DA:145,1
DA:146,2
DA:147,2
DA:149,1
DA:150,1
DA:154,1
DA:155,4
DA:156,1
DA:158,3
DA:159,1
DA:161,2
DA:162,1
DA:164,1
LF:79
LH:79
BRDA:11,0,0,6
BRDA:11,0,1,4
BRDA:24,1,0,3
BRDA:24,1,1,6
BRDA:29,2,0,1
BRDA:29,2,1,2
BRDA:35,3,0,7
BRDA:35,3,1,7
BRDA:44,4,0,7
BRDA:44,4,1,6
BRDA:44,4,2,5
BRDA:52,5,0,7
BRDA:52,6,0,7
BRDA:54,7,0,10
BRDA:54,7,1,10
BRDA:54,7,2,8
BRDA:57,8,0,3
BRDA:57,9,0,3
BRDA:59,10,0,0
BRDA:59,10,1,3
BRDA:70,11,0,5
BRDA:70,11,1,2
BRDA:79,12,0,4
BRDA:79,12,1,1
BRDA:83,13,0,2
BRDA:87,14,0,4
BRDA:87,14,1,0
BRDA:88,15,0,2
BRDA:88,15,1,2
BRDA:98,16,0,2
BRDA:98,16,1,1
BRDA:113,17,0,3
BRDA:113,17,1,1
BRDA:130,18,0,1
BRDA:130,18,1,1
BRDA:155,19,0,1
BRDA:155,19,1,3
BRDA:158,20,0,1
BRDA:158,20,1,2
BRDA:161,21,0,1
BRDA:161,21,1,1
BRF:41
BRH:39
end_of_record
